2025-12-12 14:07:16,665 [TRACE] bbot.scanner logger.py:151 Ran BBOT v2.7.2 at 2025-12-12 14:07:16.649880, command: /home/maxosss/.local/bin/bbot -t google.com -f subdomain-enum -y --output-modules json -o -
2025-12-12 14:07:16,665 [TRACE] bbot.scanner logger.py:151 Target: {'seeds': ['google.com'], 'whitelist': ['google.com'], 'blacklist': [], 'strict_scope': False, 'hash': 'd98d79461c45de8e25001761b100488a9cecfe6d', 'seed_hash': 'baea954b95731c68ae6e45bd1e252eb4560cdc45', 'whitelist_hash': 'baea954b95731c68ae6e45bd1e252eb4560cdc45', 'blacklist_hash': 'da39a3ee5e6b4b0d3255bfef95601890afd80709', 'scope_hash': '83ffcf2b6d6e0cde882d5b34c26413d6397f3b87'}
2025-12-12 14:07:16,665 [TRACE] bbot.scanner logger.py:151 Preset: {'description': 'unmelted_edward', 'flags': ['subdomain-enum'], 'output_modules': ['json']}
2025-12-12 14:07:16,665 [HUGESUCCESS] bbot.scanner logger.py:151 Starting scan unmelted_edward
2025-12-12 14:07:17,581 [INFO] bbot.modules.dnsbrute base.py:1533 Brute-forcing 4,989 subdomains for google.com (source: google.com)
2025-12-12 14:07:17,675 [TRACE] bbot.modules.asn logger.py:151 Traceback (most recent call last):
  File "/home/maxosss/.local/share/pipx/venvs/bbot/lib/python3.14/site-packages/bbot/modules/report/asn.py", line 245, in get_url
    j = r.json()
        ^^^^^^
AttributeError: 'NoneType' object has no attribute 'json'

2025-12-12 14:07:18,048 [TRACE] bbot.modules.leakix logger.py:151 API response to https://leakix.net/api/subdomains/google.com failed with status code 401: "Incorrect API Key"
2025-12-12 14:07:18,194 [TRACE] bbot.modules.leakix logger.py:151 API response to https://leakix.net/api/subdomains/google.com failed with status code 401: "Incorrect API Key"
2025-12-12 14:07:18,194 [TRACE] bbot.modules.otx logger.py:151 API response to https://otx.alienvault.com/api/v1/indicators/domain/google.com/passive_dns failed with status code 429: {"detail": "Anonymous access to this endpoint is limited. Please authenticate."}
2025-12-12 14:07:18,306 [TRACE] bbot.modules.anubisdb logger.py:151 API response to https://jldc.me/anubis/subdomains/google.com failed with status code 301: 
2025-12-12 14:07:18,324 [TRACE] bbot.modules.leakix logger.py:151 API response to https://leakix.net/api/subdomains/google.com failed with status code 401: "Incorrect API Key"
2025-12-12 14:07:18,324 [INFO] bbot.modules.leakix base.py:1533 Error parsing results for query "google.com" (status code 401)
2025-12-12 14:07:18,325 [TRACE] bbot.modules.leakix logger.py:151 Traceback (most recent call last):
  File "/home/maxosss/.local/share/pipx/venvs/bbot/lib64/python3.14/site-packages/bbot/modules/templates/subdomain_enum.py", line 126, in query
    results = list(await parse_fn(response, query))
                   ^^^^^^^^^^^^^^^^^^^^^^^^^^^^^^^
  File "/home/maxosss/.local/share/pipx/venvs/bbot/lib/python3.14/site-packages/bbot/modules/leakix.py", line 43, in parse_results
    subdomain = entry.get("subdomain", "")
                ^^^^^^^^^
AttributeError: 'str' object has no attribute 'get'

2025-12-12 14:07:18,325 [TRACE] bbot.modules.leakix logger.py:151 '"Incorrect API Key"'
2025-12-12 14:07:18,400 [TRACE] bbot.modules.anubisdb logger.py:151 API response to https://jldc.me/anubis/subdomains/google.com failed with status code 301: 
2025-12-12 14:07:18,488 [TRACE] bbot.modules.anubisdb logger.py:151 API response to https://jldc.me/anubis/subdomains/google.com failed with status code 301: 
2025-12-12 14:07:18,488 [INFO] bbot.modules.anubisdb base.py:1533 Error parsing results for query "google.com" (status code 301)
2025-12-12 14:07:18,491 [TRACE] bbot.modules.anubisdb logger.py:151 Traceback (most recent call last):
  File "/home/maxosss/.local/share/pipx/venvs/bbot/lib64/python3.14/site-packages/bbot/modules/templates/subdomain_enum.py", line 126, in query
    results = list(await parse_fn(response, query))
                   ^^^^^^^^^^^^^^^^^^^^^^^^^^^^^^^
  File "/home/maxosss/.local/share/pipx/venvs/bbot/lib/python3.14/site-packages/bbot/modules/anubisdb.py", line 43, in parse_results
    json = r.json()
  File "/home/maxosss/.local/share/pipx/venvs/bbot/lib64/python3.14/site-packages/httpx/_models.py", line 832, in json
    return jsonlib.loads(self.content, **kwargs)
           ~~~~~~~~~~~~~^^^^^^^^^^^^^^^^^^^^^^^^
  File "/usr/lib64/python3.14/json/__init__.py", line 346, in loads
    return _default_decoder.decode(s)
           ~~~~~~~~~~~~~~~~~~~~~~~^^^
  File "/usr/lib64/python3.14/json/decoder.py", line 345, in decode
    obj, end = self.raw_decode(s, idx=_w(s, 0).end())
               ~~~~~~~~~~~~~~~^^^^^^^^^^^^^^^^^^^^^^^
  File "/usr/lib64/python3.14/json/decoder.py", line 363, in raw_decode
    raise JSONDecodeError("Expecting value", s, err.value) from None
json.decoder.JSONDecodeError: Expecting value: line 1 column 1 (char 0)

2025-12-12 14:07:18,491 [TRACE] bbot.modules.anubisdb logger.py:151 ''
2025-12-12 14:07:19,746 [INFO] bbot.core.dnsengine engine.py:596 Encountered domain with wildcard DNS (A): *.spreadsheets.google.com
2025-12-12 14:07:19,747 [INFO] bbot.core.dnsengine engine.py:596 Encountered domain with wildcard DNS (CNAME): *.spreadsheets.google.com
2025-12-12 14:07:19,775 [INFO] bbot.core.dnsengine engine.py:596 Encountered domain with wildcard DNS (CNAME): *.sites.google.com
2025-12-12 14:07:19,775 [INFO] bbot.core.dnsengine engine.py:596 Encountered domain with wildcard DNS (AAAA): *.spreadsheets.google.com
2025-12-12 14:07:19,784 [INFO] bbot.core.dnsengine engine.py:596 Encountered domain with wildcard DNS (A): *.sites.google.com
2025-12-12 14:07:19,784 [INFO] bbot.core.dnsengine engine.py:596 Encountered domain with wildcard DNS (AAAA): *.sites.google.com
2025-12-12 14:07:20,023 [INFO] bbot.core.dnsengine engine.py:596 Encountered domain with wildcard DNS (CNAME): *.apis.google.com
2025-12-12 14:07:20,041 [INFO] bbot.core.dnsengine engine.py:596 Encountered domain with wildcard DNS (CNAME): *.talkgadget.google.com
2025-12-12 14:07:20,041 [INFO] bbot.core.dnsengine engine.py:596 Encountered domain with wildcard DNS (A): *.apis.google.com
2025-12-12 14:07:20,042 [INFO] bbot.core.dnsengine engine.py:596 Encountered domain with wildcard DNS (AAAA): *.talkgadget.google.com
2025-12-12 14:07:20,044 [INFO] bbot.core.dnsengine engine.py:596 Encountered domain with wildcard DNS (AAAA): *.apis.google.com
2025-12-12 14:07:20,066 [INFO] bbot.core.dnsengine engine.py:596 Encountered domain with wildcard DNS (A): *.talkgadget.google.com
2025-12-12 14:07:20,667 [INFO] bbot.core.dnsengine engine.py:596 Encountered domain with wildcard DNS (AAAA): *.feedproxy.ghs.google.com
2025-12-12 14:07:20,684 [INFO] bbot.core.dnsengine engine.py:596 Encountered domain with wildcard DNS (A): *.feedproxy.ghs.google.com
2025-12-12 14:07:20,818 [INFO] bbot.core.dnsengine engine.py:596 Encountered domain with wildcard DNS (A): *.clients.google.com
2025-12-12 14:07:20,823 [INFO] bbot.core.dnsengine engine.py:596 Encountered domain with wildcard DNS (CNAME): *.clients.google.com
2025-12-12 14:07:21,220 [INFO] bbot.core.dnsengine engine.py:596 Encountered domain with wildcard DNS (AAAA): *.afd.ghs.google.com
2025-12-12 14:07:21,220 [INFO] bbot.core.dnsengine engine.py:596 Encountered domain with wildcard DNS (A): *.afd.ghs.google.com
2025-12-12 14:07:21,452 [INFO] bbot.core.dnsengine engine.py:596 Encountered domain with wildcard DNS (A): *.clients6.google.com
2025-12-12 14:07:21,463 [INFO] bbot.core.dnsengine engine.py:596 Encountered domain with wildcard DNS (AAAA): *.clients6.google.com
2025-12-12 14:07:22,027 [INFO] bbot.core.dnsengine engine.py:596 Encountered domain with wildcard DNS (A): *.docs.google.com
2025-12-12 14:07:22,047 [INFO] bbot.core.dnsengine engine.py:596 Encountered domain with wildcard DNS (AAAA): *.docs.google.com
2025-12-12 14:07:22,089 [INFO] bbot.core.dnsengine engine.py:596 Encountered domain with wildcard DNS (A): *.qa.adz.google.com
2025-12-12 14:07:22,096 [INFO] bbot.core.dnsengine engine.py:596 Encountered domain with wildcard DNS (A): *.evenflow-test.adz.google.com
2025-12-12 14:07:22,096 [INFO] bbot.core.dnsengine engine.py:596 Encountered domain with wildcard DNS (AAAA): *.evenflow-test.adz.google.com
2025-12-12 14:07:22,096 [INFO] bbot.core.dnsengine engine.py:596 Encountered domain with wildcard DNS (AAAA): *.qa.adz.google.com
2025-12-12 14:07:22,522 [INFO] bbot.core.dnsengine engine.py:596 Encountered domain with wildcard DNS (A): *.client-channel.google.com
2025-12-12 14:07:22,530 [INFO] bbot.core.dnsengine engine.py:596 Encountered domain with wildcard DNS (AAAA): *.client-channel.google.com
2025-12-12 14:07:22,954 [INFO] bbot.core.dnsengine engine.py:596 Encountered domain with wildcard DNS (CNAME): *.docs.google.com
2025-12-12 14:07:23,166 [INFO] bbot.core.dnsengine engine.py:596 Encountered domain with wildcard DNS (A): *.webapp.google.com
2025-12-12 14:07:23,172 [INFO] bbot.core.dnsengine engine.py:596 Encountered domain with wildcard DNS (AAAA): *.webapp.google.com
2025-12-12 14:07:23,322 [INFO] bbot.core.dnsengine engine.py:596 Encountered domain with wildcard DNS (AAAA): *.clients.google.com
2025-12-12 14:07:25,010 [INFO] bbot.core.dnsengine engine.py:596 Encountered domain with wildcard DNS (AAAA): *.drive.google.com
2025-12-12 14:07:25,013 [INFO] bbot.core.dnsengine engine.py:596 Encountered domain with wildcard DNS (CNAME): *.drive.google.com
2025-12-12 14:07:25,013 [INFO] bbot.core.dnsengine engine.py:596 Encountered domain with wildcard DNS (A): *.drive.google.com
2025-12-12 14:07:25,231 [INFO] bbot.core.dnsengine engine.py:596 Encountered domain with wildcard DNS (AAAA): *.evenflow.adz.google.com
2025-12-12 14:07:25,232 [INFO] bbot.core.dnsengine engine.py:596 Encountered domain with wildcard DNS (A): *.evenflow.adz.google.com
2025-12-12 14:07:25,494 [INFO] bbot.core.dnsengine engine.py:596 Encountered domain with wildcard DNS (A): *.sandbox.google.com
2025-12-12 14:07:25,515 [INFO] bbot.core.dnsengine engine.py:596 Encountered domain with wildcard DNS (MX): *.sandbox.google.com
2025-12-12 14:07:25,515 [INFO] bbot.core.dnsengine engine.py:596 Encountered domain with wildcard DNS (AAAA): *.sandbox.google.com
2025-12-12 14:07:31,703 [INFO] bbot.scanner scanner.py:1187 unmelted_edward: Modules running (incoming:processing:outgoing) dnsresolve(2,993:25:0), speculate(341:1:1,000), shodan_idb(951:1:0), rapiddns(669:1:10), crt_db(669:1:0), dnsbrute(669:1:0), dnscommonsrv(669:1:0), myssl(669:1:0), otx(669:1:0), wayback(669:1:0), securitytxt(622:1:0), dnscaa(506:1:0), dnsbimi(496:1:0), ipneighbor(0:0:187), dnstlsrpt(146:1:0), httpx(92:2:0), baddns_zone(7:8:0), asn(3:1:0), sslcert(0:2:0), cloudcheck(0:1:0), excavate(0:0:1), json(0:1:0)
2025-12-12 14:07:31,703 [INFO] bbot.scanner scanner.py:1187 unmelted_edward: Events produced so far: DNS_NAME: 667, ASN: 9, IP_ADDRESS: 8, OPEN_TCP_PORT: 4, EMAIL_ADDRESS: 3, URL: 2, SCAN: 1, ORG_STUB: 1, FINDING: 1, TECHNOLOGY: 1
2025-12-12 14:07:31,703 [INFO] bbot.scanner scanner.py:1187 unmelted_edward: 1,506 events in queue (13,838 processed in the past 15 seconds)
2025-12-12 14:07:31,734 [INFO] bbot.core.dnsengine engine.py:596 Encountered domain with wildcard DNS (CNAME): *.svc-1.google.com
2025-12-12 14:07:31,740 [INFO] bbot.core.dnsengine engine.py:596 Encountered domain with wildcard DNS (A): *.svc-1.google.com
2025-12-12 14:07:36,719 [INFO] bbot.core.dnsengine engine.py:596 Encountered domain with wildcard DNS (AAAA): *.svc-1.google.com
2025-12-12 14:07:37,597 [TRACE] bbot.modules.myssl logger.py:151 API response to https://myssl.com/api/v1/discover_sub_domain?domain=google.com failed with status code 0: 
2025-12-12 14:07:46,705 [INFO] bbot.scanner scanner.py:1187 unmelted_edward: Modules running (incoming:processing:outgoing) dnsresolve(6,684:25:0), shodan_idb(1,920:1:0), crt_db(1,209:1:0), dnsbrute(1,209:1:0), myssl(1,209:1:0), otx(1,209:1:0), wayback(1,209:1:0), dnscommonsrv(1,206:1:0), securitytxt(1,154:1:0), dnscaa(962:1:0), dnsbimi(847:1:0), httpx(94:63:0), asn(18:1:1), sslcert(0:5:1), baddns_zone(0:2:0)
2025-12-12 14:07:46,705 [INFO] bbot.scanner scanner.py:1187 unmelted_edward: Events produced so far: DNS_NAME: 1159, IP_ADDRESS: 17, OPEN_TCP_PORT: 15, ASN: 12, TECHNOLOGY: 5, EMAIL_ADDRESS: 3, URL: 2, FINDING: 2, SCAN: 1, ORG_STUB: 1, AZURE_TENANT: 1
2025-12-12 14:07:46,705 [INFO] bbot.scanner scanner.py:1187 unmelted_edward: 2 events in queue (15,101 processed in the past 15 seconds)
2025-12-12 14:07:48,799 [TRACE] bbot.modules.otx logger.py:151 API response to https://otx.alienvault.com/api/v1/indicators/domain/google.com/passive_dns failed with status code 429: {"detail": "Anonymous access to this endpoint is limited. Please authenticate."}
2025-12-12 14:07:57,612 [TRACE] bbot.modules.myssl logger.py:151 API response to https://myssl.com/api/v1/discover_sub_domain?domain=google.com failed with status code 0: 
2025-12-12 14:08:01,717 [INFO] bbot.scanner scanner.py:1187 unmelted_edward: Modules running (incoming:processing:outgoing) dnsresolve(7,634:25:10), shodan_idb(3,832:1:0), crt_db(1,793:1:0), dnsbrute(1,793:1:0), myssl(1,793:1:0), otx(1,793:1:0), wayback(1,793:1:0), dnscommonsrv(1,790:1:0), securitytxt(1,736:1:0), dnscaa(1,366:1:0), dnsbimi(1,104:1:0), httpx(68:322:2), cloudcheck(10:1:1), sslcert(0:9:0), excavate(1:0:5), asn(1:0:0), ipneighbor(1:0:0), json(0:1:0), speculate(1:0:0)
2025-12-12 14:08:01,717 [INFO] bbot.scanner scanner.py:1187 unmelted_edward: Events produced so far: DNS_NAME: 1730, OPEN_TCP_PORT: 33, ASN: 28, IP_ADDRESS: 21, TECHNOLOGY: 12, EMAIL_ADDRESS: 3, URL: 2, FINDING: 2, SCAN: 1, ORG_STUB: 1, AZURE_TENANT: 1
2025-12-12 14:08:01,717 [INFO] bbot.scanner scanner.py:1187 unmelted_edward: 2 events in queue (14,277 processed in the past 15 seconds)
2025-12-12 14:08:16,718 [INFO] bbot.scanner scanner.py:1187 unmelted_edward: Modules running (incoming:processing:outgoing) dnsresolve(6,519:25:0), shodan_idb(4,637:1:0), crt_db(1,896:1:0), dnsbrute(1,896:1:0), myssl(1,896:1:0), otx(1,896:1:0), wayback(1,896:1:0), dnscommonsrv(1,893:1:0), securitytxt(1,836:1:0), httpx(1,113:322:0), dnscaa(1,231:1:0), dnsbimi(654:1:0), sslcert(216:25:0), speculate(0:0:3), baddns_zone(0:1:0)
2025-12-12 14:08:16,718 [INFO] bbot.scanner scanner.py:1187 unmelted_edward: Events produced so far: DNS_NAME: 1826, OPEN_TCP_PORT: 39, ASN: 32, IP_ADDRESS: 22, TECHNOLOGY: 14, EMAIL_ADDRESS: 3, URL: 2, FINDING: 2, SCAN: 1, ORG_STUB: 1, AZURE_TENANT: 1
2025-12-12 14:08:16,718 [INFO] bbot.scanner scanner.py:1187 unmelted_edward: 5 events in queue (7,601 processed in the past 15 seconds)
2025-12-12 14:08:17,617 [TRACE] bbot.modules.myssl logger.py:151 API response to https://myssl.com/api/v1/discover_sub_domain?domain=google.com failed with status code 0: 
2025-12-12 14:08:17,617 [INFO] bbot.modules.myssl base.py:1533 Query "google.com" failed (no response)
2025-12-12 14:08:24,346 [TRACE] bbot.modules.otx logger.py:151 API response to https://otx.alienvault.com/api/v1/indicators/domain/google.com/passive_dns failed with status code 429: {"detail": "Anonymous access to this endpoint is limited. Please authenticate."}
2025-12-12 14:08:31,720 [INFO] bbot.scanner scanner.py:1187 unmelted_edward: Modules running (incoming:processing:outgoing) shodan_idb(5,928:1:0), dnsresolve(5,851:25:0), httpx(1,983:322:0), crt_db(2,019:1:0), dnsbrute(2,019:1:0), otx(2,019:1:0), wayback(2,019:1:0), dnscommonsrv(2,016:1:0), securitytxt(1,946:1:0), dnscaa(1,138:1:0), dnsbimi(370:1:0), ipneighbor(0:0:51), sslcert(0:17:0), excavate(0:1:0)
2025-12-12 14:08:31,720 [INFO] bbot.scanner scanner.py:1187 unmelted_edward: Events produced so far: DNS_NAME: 1924, OPEN_TCP_PORT: 56, URL: 50, ASN: 47, IP_ADDRESS: 22, TECHNOLOGY: 21, EMAIL_ADDRESS: 3, FINDING: 2, SCAN: 1, ORG_STUB: 1, AZURE_TENANT: 1
2025-12-12 14:08:31,720 [INFO] bbot.scanner scanner.py:1187 unmelted_edward: 51 events in queue (11,863 processed in the past 15 seconds)
2025-12-12 14:08:46,725 [INFO] bbot.scanner scanner.py:1187 unmelted_edward: Modules running (incoming:processing:outgoing) shodan_idb(7,194:1:0), dnsresolve(5,126:25:4), httpx(1,929:501:0), crt_db(2,086:1:0), dnsbrute(2,086:1:0), otx(2,086:1:0), wayback(2,086:1:0), dnscommonsrv(2,083:1:0), securitytxt(1,988:1:0), dnscaa(992:1:0), sslcert(0:9:0), cloudcheck(4:1:0), excavate(0:0:2)
2025-12-12 14:08:46,725 [INFO] bbot.scanner scanner.py:1187 unmelted_edward: Events produced so far: DNS_NAME: 1985, OPEN_TCP_PORT: 65, ASN: 53, URL: 50, IP_ADDRESS: 35, TECHNOLOGY: 24, EMAIL_ADDRESS: 3, FINDING: 2, SCAN: 1, ORG_STUB: 1, AZURE_TENANT: 1
2025-12-12 14:08:46,725 [INFO] bbot.scanner scanner.py:1187 unmelted_edward: 6 events in queue (8,446 processed in the past 15 seconds)
2025-12-12 14:08:57,440 [WARNING] bbot.modules.wayback base.py:1597 Error connecting to archive.org for query "google.com"
2025-12-12 14:09:01,736 [INFO] bbot.scanner scanner.py:1187 unmelted_edward: Modules running (incoming:processing:outgoing) shodan_idb(7,904:1:0), dnsresolve(4,835:25:0), httpx(2,340:501:0), crt_db(2,187:1:0), dnsbrute(2,187:1:0), dnscommonsrv(2,184:1:0), securitytxt(2,084:1:0), dnscaa(946:1:0), sslcert(0:3:0), excavate(0:1:0), speculate(0:0:1)
2025-12-12 14:09:01,736 [INFO] bbot.scanner scanner.py:1187 unmelted_edward: Events produced so far: DNS_NAME: 2076, URL: 159, OPEN_TCP_PORT: 79, ASN: 54, IP_ADDRESS: 53, TECHNOLOGY: 28, EMAIL_ADDRESS: 3, FINDING: 2, SCAN: 1, ORG_STUB: 1, AZURE_TENANT: 1
2025-12-12 14:09:01,736 [INFO] bbot.scanner scanner.py:1187 unmelted_edward: 80 events in queue (7,469 processed in the past 15 seconds)
2025-12-12 14:09:16,738 [INFO] bbot.scanner scanner.py:1187 unmelted_edward: Modules running (incoming:processing:outgoing) shodan_idb(8,052:1:0), dnsresolve(5,091:25:0), httpx(2,820:501:0), crt_db(2,323:1:0), dnsbrute(2,323:1:0), dnscommonsrv(2,320:1:0), securitytxt(2,213:1:0), dnscaa(722:1:0)
2025-12-12 14:09:16,738 [INFO] bbot.scanner scanner.py:1187 unmelted_edward: Events produced so far: DNS_NAME: 2192, URL: 318, OPEN_TCP_PORT: 141, IP_ADDRESS: 70, ASN: 55, TECHNOLOGY: 36, EMAIL_ADDRESS: 13, FINDING: 2, SCAN: 1, ORG_STUB: 1, AZURE_TENANT: 1
2025-12-12 14:09:16,738 [INFO] bbot.scanner scanner.py:1187 unmelted_edward: No events in queue (9,054 processed in the past 15 seconds)
2025-12-12 14:09:31,739 [INFO] bbot.scanner scanner.py:1187 unmelted_edward: Modules running (incoming:processing:outgoing) shodan_idb(8,558:1:0), dnsresolve(5,090:25:0), httpx(2,975:501:0), crt_db(2,528:1:0), dnsbrute(2,528:1:0), dnscommonsrv(2,525:1:0), securitytxt(2,406:1:0), dnscaa(776:1:0)
2025-12-12 14:09:31,739 [INFO] bbot.scanner scanner.py:1187 unmelted_edward: Events produced so far: DNS_NAME: 2388, URL: 350, OPEN_TCP_PORT: 177, IP_ADDRESS: 96, ASN: 55, TECHNOLOGY: 40, EMAIL_ADDRESS: 14, FINDING: 2, SCAN: 1, ORG_STUB: 1, AZURE_TENANT: 1
2025-12-12 14:09:31,739 [INFO] bbot.scanner scanner.py:1187 unmelted_edward: No events in queue (9,293 processed in the past 15 seconds)
2025-12-12 14:09:46,744 [INFO] bbot.scanner scanner.py:1187 unmelted_edward: Modules running (incoming:processing:outgoing) shodan_idb(8,708:1:0), dnsresolve(5,764:25:0), httpx(3,314:501:0), crt_db(2,709:1:0), dnsbrute(2,709:1:0), dnscommonsrv(2,706:1:0), securitytxt(2,380:1:0), dnscaa(856:1:0), speculate(1:1:114), sslcert(0:7:0), baddns_zone(1:2:0), excavate(0:1:1), json(1:1:0), anubisdb(1:0:0), azure_realm(1:0:0), azure_tenant(1:0:0), certspotter(1:0:0), crt(1:0:0), digitorus(1:0:0), dnsbimi(1:0:0), dnsbrute_mutations(1:0:0), dnsdumpster(1:0:0), dnstlsrpt(1:0:0), hackertarget(1:0:0), leakix(1:0:0), myssl(1:0:0), oauth(1:0:0), otx(1:0:0), rapiddns(1:0:0), sitedossier(1:0:0), subdomaincenter(1:0:0), urlscan(1:0:0), wayback(1:0:0), subdomains(1:0:0)
2025-12-12 14:09:46,744 [INFO] bbot.scanner scanner.py:1187 unmelted_edward: Events produced so far: DNS_NAME: 2556, URL: 510, OPEN_TCP_PORT: 192, IP_ADDRESS: 115, ASN: 55, TECHNOLOGY: 42, EMAIL_ADDRESS: 14, FINDING: 2, SCAN: 1, ORG_STUB: 1, AZURE_TENANT: 1
2025-12-12 14:09:46,744 [INFO] bbot.scanner scanner.py:1187 unmelted_edward: 1,511 events in queue (7,324 processed in the past 15 seconds)
2025-12-12 14:10:00,473 [INFO] bbot.core.dnsengine engine.py:596 Encountered domain with wildcard DNS (A): *.webapps.google.com
2025-12-12 14:10:00,474 [INFO] bbot.core.dnsengine engine.py:596 Encountered domain with wildcard DNS (AAAA): *.webapps.google.com
2025-12-12 14:10:01,745 [INFO] bbot.scanner scanner.py:1187 unmelted_edward: Modules running (incoming:processing:outgoing) shodan_idb(9,102:1:0), dnsresolve(7,548:25:0), httpx(3,931:501:0), crt_db(2,985:1:0), dnsbrute(2,985:1:0), dnscommonsrv(2,982:1:0), securitytxt(2,517:1:0), dnscaa(924:1:0), dnsbimi(10:1:0), sslcert(0:4:0), baddns_zone(0:1:0)
2025-12-12 14:10:01,746 [INFO] bbot.scanner scanner.py:1187 unmelted_edward: Events produced so far: DNS_NAME: 2813, URL: 669, OPEN_TCP_PORT: 313, IP_ADDRESS: 128, ASN: 57, TECHNOLOGY: 47, EMAIL_ADDRESS: 14, URL_UNVERIFIED: 6, FINDING: 2, SCAN: 1, ORG_STUB: 1, AZURE_TENANT: 1
2025-12-12 14:10:01,746 [INFO] bbot.scanner scanner.py:1187 unmelted_edward: 1 events in queue (14,507 processed in the past 15 seconds)
2025-12-12 14:10:13,474 [INFO] bbot.modules.dnsbrute base.py:1533 Brute-forcing 4,989 subdomains for gmr-smtp-in.l.google.com (source: alt1.gmr-smtp-in.l.google.com)
2025-12-12 14:10:16,747 [INFO] bbot.scanner scanner.py:1187 unmelted_edward: Modules running (incoming:processing:outgoing) shodan_idb(9,630:1:0), dnsresolve(6,967:25:0), httpx(5,056:501:0), crt_db(3,284:1:0), dnsbrute(3,283:1:0), dnscommonsrv(3,281:1:0), securitytxt(2,799:1:0), dnscaa(1,005:1:0), sslcert(184:25:0)
2025-12-12 14:10:16,747 [INFO] bbot.scanner scanner.py:1187 unmelted_edward: Events produced so far: DNS_NAME: 3045, URL: 735, OPEN_TCP_PORT: 501, IP_ADDRESS: 249, ASN: 57, TECHNOLOGY: 56, URL_UNVERIFIED: 30, EMAIL_ADDRESS: 16, SOCIAL: 9, FINDING: 2, SCAN: 1, ORG_STUB: 1, AZURE_TENANT: 1
2025-12-12 14:10:16,747 [INFO] bbot.scanner scanner.py:1187 unmelted_edward: No events in queue (10,996 processed in the past 15 seconds)
2025-12-12 14:10:31,749 [INFO] bbot.scanner scanner.py:1187 unmelted_edward: Modules running (incoming:processing:outgoing) shodan_idb(10,009:1:0), dnsresolve(7,509:25:0), httpx(4,664:501:0), crt_db(3,535:1:0), dnsbrute(3,534:1:0), dnscommonsrv(3,532:1:0), securitytxt(2,847:1:0), dnscaa(1,082:1:0), sslcert(325:25:0)
2025-12-12 14:10:31,749 [INFO] bbot.scanner scanner.py:1187 unmelted_edward: Events produced so far: DNS_NAME: 3279, URL: 868, OPEN_TCP_PORT: 589, IP_ADDRESS: 368, URL_UNVERIFIED: 64, TECHNOLOGY: 60, ASN: 57, EMAIL_ADDRESS: 16, SOCIAL: 9, FINDING: 2, SCAN: 1, ORG_STUB: 1, AZURE_TENANT: 1
2025-12-12 14:10:31,749 [INFO] bbot.scanner scanner.py:1187 unmelted_edward: No events in queue (10,675 processed in the past 15 seconds)
2025-12-12 14:10:46,750 [INFO] bbot.scanner scanner.py:1187 unmelted_edward: Modules running (incoming:processing:outgoing) shodan_idb(10,224:1:0), dnsresolve(7,724:25:0), httpx(5,336:501:0), crt_db(3,741:1:0), dnsbrute(3,740:1:0), dnscommonsrv(3,733:1:0), securitytxt(2,993:1:0), dnscaa(1,107:1:0), sslcert(344:25:0)
2025-12-12 14:10:46,750 [INFO] bbot.scanner scanner.py:1187 unmelted_edward: Events produced so far: DNS_NAME: 3484, URL: 925, OPEN_TCP_PORT: 653, IP_ADDRESS: 446, URL_UNVERIFIED: 67, TECHNOLOGY: 60, ASN: 57, EMAIL_ADDRESS: 19, SOCIAL: 9, FINDING: 2, SCAN: 1, ORG_STUB: 1, AZURE_TENANT: 1
2025-12-12 14:10:46,750 [INFO] bbot.scanner scanner.py:1187 unmelted_edward: 4 events in queue (7,931 processed in the past 15 seconds)
2025-12-12 14:11:01,752 [INFO] bbot.scanner scanner.py:1187 unmelted_edward: Modules running (incoming:processing:outgoing) shodan_idb(10,396:1:0), dnsresolve(7,258:25:0), httpx(6,750:501:0), crt_db(3,834:1:0), dnsbrute(3,833:1:0), dnscommonsrv(3,826:1:0), securitytxt(2,691:1:0), dnscaa(1,091:1:0), sslcert(616:25:0)
2025-12-12 14:11:01,752 [INFO] bbot.scanner scanner.py:1187 unmelted_edward: Events produced so far: DNS_NAME: 3574, URL: 1070, OPEN_TCP_PORT: 725, IP_ADDRESS: 544, URL_UNVERIFIED: 84, TECHNOLOGY: 64, ASN: 57, EMAIL_ADDRESS: 20, SOCIAL: 9, FINDING: 2, SCAN: 1, ORG_STUB: 1, AZURE_TENANT: 1
2025-12-12 14:11:01,752 [INFO] bbot.scanner scanner.py:1187 unmelted_edward: No events in queue (12,436 processed in the past 15 seconds)
2025-12-12 14:11:16,754 [INFO] bbot.scanner scanner.py:1187 unmelted_edward: Modules running (incoming:processing:outgoing) shodan_idb(11,001:1:0), dnsresolve(6,658:25:6), httpx(3,987:501:0), dnsbrute(4,014:1:0), dnscommonsrv(4,007:1:0), securitytxt(2,403:1:0), dnscaa(1,086:1:0), sslcert(758:25:0), cloudcheck(6:1:1), speculate(1:1:5), asn(1:0:0), ipneighbor(1:0:0), excavate(1:0:0), json(0:1:0)
2025-12-12 14:11:16,754 [INFO] bbot.scanner scanner.py:1187 unmelted_edward: Events produced so far: DNS_NAME: 3718, URL: 1140, OPEN_TCP_PORT: 933, IP_ADDRESS: 733, URL_UNVERIFIED: 133, TECHNOLOGY: 67, ASN: 57, EMAIL_ADDRESS: 21, SOCIAL: 14, FINDING: 2, SCAN: 1, ORG_STUB: 1, AZURE_TENANT: 1
2025-12-12 14:11:16,754 [INFO] bbot.scanner scanner.py:1187 unmelted_edward: 7 events in queue (11,068 processed in the past 15 seconds)
2025-12-12 14:11:31,757 [INFO] bbot.scanner scanner.py:1187 unmelted_edward: Modules running (incoming:processing:outgoing) shodan_idb(11,467:1:0), httpx(5,576:501:0), dnsresolve(5,689:25:0), dnsbrute(4,083:1:0), dnscommonsrv(4,076:1:0), securitytxt(2,277:1:0), sslcert(1,649:25:0), dnscaa(1,012:1:0), excavate(1:2:0), cloudcheck(0:1:1)
2025-12-12 14:11:31,757 [INFO] bbot.scanner scanner.py:1187 unmelted_edward: Events produced so far: DNS_NAME: 3751, URL: 1310, OPEN_TCP_PORT: 1077, IP_ADDRESS: 979, URL_UNVERIFIED: 160, TECHNOLOGY: 73, ASN: 57, EMAIL_ADDRESS: 21, SOCIAL: 18, FINDING: 2, SCAN: 1, ORG_STUB: 1, AZURE_TENANT: 1
2025-12-12 14:11:31,757 [INFO] bbot.scanner scanner.py:1187 unmelted_edward: 1,054 events in queue (12,376 processed in the past 15 seconds)
2025-12-12 14:11:46,759 [INFO] bbot.scanner scanner.py:1187 unmelted_edward: Modules running (incoming:processing:outgoing) shodan_idb(12,132:1:0), httpx(6,523:501:0), dnsresolve(5,287:25:7), dnsbrute(4,307:1:0), dnscommonsrv(4,300:1:0), sslcert(2,088:25:0), securitytxt(2,109:1:0), dnscaa(1,045:1:0), cloudcheck(7:1:0), speculate(0:0:3), excavate(0:0:1)
2025-12-12 14:11:46,759 [INFO] bbot.scanner scanner.py:1187 unmelted_edward: Events produced so far: DNS_NAME: 3865, URL: 1366, OPEN_TCP_PORT: 1157, IP_ADDRESS: 1135, URL_UNVERIFIED: 168, TECHNOLOGY: 75, ASN: 57, SOCIAL: 22, EMAIL_ADDRESS: 21, FINDING: 2, SCAN: 1, ORG_STUB: 1, AZURE_TENANT: 1
2025-12-12 14:11:46,759 [INFO] bbot.scanner scanner.py:1187 unmelted_edward: 6 events in queue (10,669 processed in the past 15 seconds)
2025-12-12 14:11:56,016 [INFO] bbot.core.dnsengine engine.py:596 Encountered domain with wildcard DNS (CNAME): *.devsite.corp.google.com
2025-12-12 14:11:56,018 [INFO] bbot.core.dnsengine engine.py:596 Encountered domain with wildcard DNS (AAAA): *.devsite.corp.google.com
2025-12-12 14:12:01,034 [INFO] bbot.core.dnsengine engine.py:596 Encountered domain with wildcard DNS (A): *.devsite.corp.google.com
2025-12-12 14:12:01,762 [INFO] bbot.scanner scanner.py:1187 unmelted_edward: Modules running (incoming:processing:outgoing) shodan_idb(12,382:1:0), httpx(7,375:501:0), dnsresolve(4,900:25:3), dnsbrute(4,550:1:0), dnscommonsrv(4,543:1:0), sslcert(2,281:25:0), securitytxt(1,949:1:0), dnscaa(1,181:1:0), speculate(0:0:14), cloudcheck(3:1:0), excavate(0:1:3)
2025-12-12 14:12:01,762 [INFO] bbot.scanner scanner.py:1187 unmelted_edward: Events produced so far: DNS_NAME: 3888, URL: 1454, OPEN_TCP_PORT: 1297, IP_ADDRESS: 1179, URL_UNVERIFIED: 180, TECHNOLOGY: 75, ASN: 57, SOCIAL: 25, EMAIL_ADDRESS: 21, FINDING: 2, SCAN: 1, ORG_STUB: 1, AZURE_TENANT: 1
2025-12-12 14:12:01,762 [INFO] bbot.scanner scanner.py:1187 unmelted_edward: 50 events in queue (7,204 processed in the past 15 seconds)
2025-12-12 14:12:16,764 [INFO] bbot.scanner scanner.py:1187 unmelted_edward: Modules running (incoming:processing:outgoing) shodan_idb(12,678:1:0), httpx(7,949:501:0), dnsbrute(4,753:1:0), dnscommonsrv(4,746:1:0), dnsresolve(4,683:25:0), sslcert(2,409:25:0), securitytxt(2,152:1:0), dnscaa(1,227:1:0)
2025-12-12 14:12:16,764 [INFO] bbot.scanner scanner.py:1187 unmelted_edward: Events produced so far: DNS_NAME: 4047, URL: 1473, OPEN_TCP_PORT: 1369, IP_ADDRESS: 1221, URL_UNVERIFIED: 182, TECHNOLOGY: 77, ASN: 57, SOCIAL: 26, EMAIL_ADDRESS: 21, FINDING: 2, SCAN: 1, ORG_STUB: 1, AZURE_TENANT: 1
2025-12-12 14:12:16,764 [INFO] bbot.scanner scanner.py:1187 unmelted_edward: No events in queue (6,360 processed in the past 15 seconds)
2025-12-12 14:12:31,771 [INFO] bbot.scanner scanner.py:1187 unmelted_edward: Modules running (incoming:processing:outgoing) shodan_idb(12,635:1:0), httpx(8,030:501:0), dnsbrute(4,780:1:0), dnscommonsrv(4,773:1:0), dnsresolve(2,727:25:73), sslcert(2,661:25:0), securitytxt(1,902:1:0), dnscaa(1,051:1:0), excavate(1:4:1,020), cloudcheck(73:1:1), baddns_zone(0:3:0), social(1:1:0), speculate(1:1:0), oauth(1:0:0), json(0:1:0)
2025-12-12 14:12:31,771 [INFO] bbot.scanner scanner.py:1187 unmelted_edward: Events produced so far: DNS_NAME: 4068, URL: 1617, OPEN_TCP_PORT: 1519, IP_ADDRESS: 1221, URL_UNVERIFIED: 227, TECHNOLOGY: 78, ASN: 57, SOCIAL: 26, EMAIL_ADDRESS: 21, FINDING: 2, SCAN: 1, ORG_STUB: 1, AZURE_TENANT: 1
2025-12-12 14:12:31,771 [INFO] bbot.scanner scanner.py:1187 unmelted_edward: 6,399 events in queue (11,586 processed in the past 15 seconds)
2025-12-12 14:12:46,776 [INFO] bbot.scanner scanner.py:1187 unmelted_edward: Modules running (incoming:processing:outgoing) shodan_idb(13,597:1:0), httpx(11,152:501:0), dnsbrute(5,185:1:0), dnscommonsrv(5,178:1:0), sslcert(3,743:25:0), securitytxt(1,271:1:0), dnscaa(1,226:1:0), dnsresolve(1,034:25:10), cloudcheck(10:1:1), speculate(1:0:3), excavate(1:1:1), baddns_zone(0:1:0), oauth(1:0:0), social(1:0:0)
2025-12-12 14:12:46,776 [INFO] bbot.scanner scanner.py:1187 unmelted_edward: Events produced so far: DNS_NAME: 4161, OPEN_TCP_PORT: 1785, URL: 1739, IP_ADDRESS: 1221, URL_UNVERIFIED: 375, TECHNOLOGY: 86, ASN: 57, SOCIAL: 30, EMAIL_ADDRESS: 22, FINDING: 3, STORAGE_BUCKET: 2, SCAN: 1, ORG_STUB: 1, AZURE_TENANT: 1
2025-12-12 14:12:46,776 [INFO] bbot.scanner scanner.py:1187 unmelted_edward: 4,865 events in queue (20,615 processed in the past 15 seconds)
2025-12-12 14:13:01,778 [INFO] bbot.scanner scanner.py:1187 unmelted_edward: Modules running (incoming:processing:outgoing) shodan_idb(14,015:1:0), httpx(12,657:501:0), dnsbrute(5,508:1:0), dnscommonsrv(5,501:1:0), sslcert(3,788:25:0), dnscaa(1,089:1:0), securitytxt(686:1:0)
2025-12-12 14:13:01,778 [INFO] bbot.scanner scanner.py:1187 unmelted_edward: Events produced so far: DNS_NAME: 4324, OPEN_TCP_PORT: 1927, URL: 1739, IP_ADDRESS: 1221, URL_UNVERIFIED: 612, TECHNOLOGY: 87, ASN: 57, SOCIAL: 38, EMAIL_ADDRESS: 23, STORAGE_BUCKET: 4, FINDING: 3, SCAN: 1, ORG_STUB: 1, AZURE_TENANT: 1
2025-12-12 14:13:01,778 [INFO] bbot.scanner scanner.py:1187 unmelted_edward: No events in queue (14,301 processed in the past 15 seconds)
2025-12-12 14:13:09,139 [INFO] bbot.modules.dnsbrute base.py:1533 Brute-forcing 4,989 subdomains for l.google.com (source: gmr-smtp-in.l.google.com)
2025-12-12 14:13:16,779 [INFO] bbot.scanner scanner.py:1187 unmelted_edward: Modules running (incoming:processing:outgoing) shodan_idb(13,888:1:0), httpx(12,877:501:0), dnsbrute(5,544:1:0), dnscommonsrv(5,538:1:0), sslcert(3,094:25:0), dnscaa(523:1:0), dnsresolve(0:4:0)
2025-12-12 14:13:16,779 [INFO] bbot.scanner scanner.py:1187 unmelted_edward: Events produced so far: DNS_NAME: 4328, OPEN_TCP_PORT: 1928, URL: 1768, IP_ADDRESS: 1221, URL_UNVERIFIED: 697, TECHNOLOGY: 87, ASN: 57, SOCIAL: 39, EMAIL_ADDRESS: 23, STORAGE_BUCKET: 4, FINDING: 3, SCAN: 1, ORG_STUB: 1, AZURE_TENANT: 1
2025-12-12 14:13:16,780 [INFO] bbot.scanner scanner.py:1187 unmelted_edward: No events in queue (3,468 processed in the past 15 seconds)
2025-12-12 14:13:31,781 [INFO] bbot.scanner scanner.py:1187 unmelted_edward: Modules running (incoming:processing:outgoing) shodan_idb(13,773:1:0), httpx(12,890:501:0), dnsbrute(5,566:1:0), dnscommonsrv(5,560:1:0), sslcert(2,101:25:0), dnsresolve(0:2:0)
2025-12-12 14:13:31,781 [INFO] bbot.scanner scanner.py:1187 unmelted_edward: Events produced so far: DNS_NAME: 4328, OPEN_TCP_PORT: 1937, URL: 1768, IP_ADDRESS: 1221, URL_UNVERIFIED: 697, TECHNOLOGY: 92, ASN: 57, SOCIAL: 39, EMAIL_ADDRESS: 23, STORAGE_BUCKET: 4, FINDING: 3, SCAN: 1, ORG_STUB: 1, AZURE_TENANT: 1
2025-12-12 14:13:31,781 [INFO] bbot.scanner scanner.py:1187 unmelted_edward: No events in queue (850 processed in the past 15 seconds)
2025-12-12 14:13:40,138 [TRACE] bbot.core.event logger.py:151 Traceback (most recent call last):
  File "/home/maxosss/.local/share/pipx/venvs/bbot/lib64/python3.14/site-packages/bbot/core/helpers/validators.py", line 34, in validate_wrapper
    return func(*args)
  File "/home/maxosss/.local/share/pipx/venvs/bbot/lib64/python3.14/site-packages/bbot/core/helpers/validators.py", line 129, in validate_host
    raise ValidationError(f'Invalid hostname: "{host}"')
bbot.errors.ValidationError: Invalid hostname: "traefik default cert"

During handling of the above exception, another exception occurred:

Traceback (most recent call last):
  File "/home/maxosss/.local/share/pipx/venvs/bbot/lib64/python3.14/site-packages/bbot/core/event/base.py", line 1853, in make_event
    data = validators.validate_host(data)
  File "/home/maxosss/.local/share/pipx/venvs/bbot/lib64/python3.14/site-packages/bbot/core/helpers/validators.py", line 36, in validate_wrapper
    raise ValueError(f"Validation failed for {args}, {kwargs}: {e}")
ValueError: Validation failed for ('traefik default cert',), {}: Invalid hostname: "traefik default cert"

2025-12-12 14:13:40,138 [HUGEINFO] bbot.modules.sslcert logger.py:151 Malformed DNS_NAME "traefik default cert" at www.museumfuernaturkunde.berlin:443
2025-12-12 14:13:46,782 [INFO] bbot.scanner scanner.py:1187 unmelted_edward: Modules running (incoming:processing:outgoing) shodan_idb(13,607:1:0), httpx(12,893:501:0), dnsbrute(5,607:1:0), dnscommonsrv(5,595:1:0), sslcert(547:25:0), dnsresolve(0:4:0)
2025-12-12 14:13:46,783 [INFO] bbot.scanner scanner.py:1187 unmelted_edward: Events produced so far: DNS_NAME: 4328, OPEN_TCP_PORT: 1938, URL: 1768, IP_ADDRESS: 1221, URL_UNVERIFIED: 697, TECHNOLOGY: 92, ASN: 57, SOCIAL: 39, EMAIL_ADDRESS: 23, STORAGE_BUCKET: 4, FINDING: 3, SCAN: 1, ORG_STUB: 1, AZURE_TENANT: 1
2025-12-12 14:13:46,783 [INFO] bbot.scanner scanner.py:1187 unmelted_edward: No events in queue (959 processed in the past 15 seconds)
2025-12-12 14:14:01,784 [INFO] bbot.scanner scanner.py:1187 unmelted_edward: Modules running (incoming:processing:outgoing) shodan_idb(13,456:1:0), httpx(12,897:501:0), dnsbrute(5,616:1:0), dnscommonsrv(5,604:1:0)
2025-12-12 14:14:01,785 [INFO] bbot.scanner scanner.py:1187 unmelted_edward: Events produced so far: DNS_NAME: 4328, OPEN_TCP_PORT: 1940, URL: 1768, IP_ADDRESS: 1221, URL_UNVERIFIED: 697, TECHNOLOGY: 93, ASN: 57, SOCIAL: 39, EMAIL_ADDRESS: 23, STORAGE_BUCKET: 4, FINDING: 3, SCAN: 1, ORG_STUB: 1, AZURE_TENANT: 1
2025-12-12 14:14:01,785 [INFO] bbot.scanner scanner.py:1187 unmelted_edward: No events in queue (323 processed in the past 15 seconds)
2025-12-12 14:14:16,786 [INFO] bbot.scanner scanner.py:1187 unmelted_edward: Modules running (incoming:processing:outgoing) httpx(12,913:501:0), shodan_idb(13,198:1:0), dnsbrute(5,620:1:0), dnscommonsrv(5,608:1:0)
2025-12-12 14:14:16,787 [INFO] bbot.scanner scanner.py:1187 unmelted_edward: Events produced so far: DNS_NAME: 4328, OPEN_TCP_PORT: 1948, URL: 1768, IP_ADDRESS: 1221, URL_UNVERIFIED: 697, TECHNOLOGY: 95, ASN: 57, SOCIAL: 39, EMAIL_ADDRESS: 23, STORAGE_BUCKET: 4, FINDING: 3, SCAN: 1, ORG_STUB: 1, AZURE_TENANT: 1
2025-12-12 14:14:16,787 [INFO] bbot.scanner scanner.py:1187 unmelted_edward: No events in queue (150 processed in the past 15 seconds)
2025-12-12 14:14:31,789 [INFO] bbot.scanner scanner.py:1187 unmelted_edward: Modules running (incoming:processing:outgoing) httpx(12,928:501:0), shodan_idb(13,041:1:0), dnsbrute(5,624:1:0), dnscommonsrv(5,612:1:0)
2025-12-12 14:14:31,789 [INFO] bbot.scanner scanner.py:1187 unmelted_edward: Events produced so far: DNS_NAME: 4328, OPEN_TCP_PORT: 1955, URL: 1768, IP_ADDRESS: 1221, URL_UNVERIFIED: 697, TECHNOLOGY: 99, ASN: 57, SOCIAL: 39, EMAIL_ADDRESS: 23, STORAGE_BUCKET: 4, FINDING: 3, SCAN: 1, ORG_STUB: 1, AZURE_TENANT: 1
2025-12-12 14:14:31,789 [INFO] bbot.scanner scanner.py:1187 unmelted_edward: No events in queue (129 processed in the past 15 seconds)
