2025-12-12 13:55:35,100 [TRACE] bbot.scanner logger.py:151 Ran BBOT v2.7.2 at 2025-12-12 13:55:35.081917, command: /home/maxosss/.local/bin/bbot -t google.com -f subdomain-enum -y --output-modules json -o -
2025-12-12 13:55:35,100 [TRACE] bbot.scanner logger.py:151 Target: {'seeds': ['google.com'], 'whitelist': ['google.com'], 'blacklist': [], 'strict_scope': False, 'hash': 'd98d79461c45de8e25001761b100488a9cecfe6d', 'seed_hash': 'baea954b95731c68ae6e45bd1e252eb4560cdc45', 'whitelist_hash': 'baea954b95731c68ae6e45bd1e252eb4560cdc45', 'blacklist_hash': 'da39a3ee5e6b4b0d3255bfef95601890afd80709', 'scope_hash': '83ffcf2b6d6e0cde882d5b34c26413d6397f3b87'}
2025-12-12 13:55:35,100 [TRACE] bbot.scanner logger.py:151 Preset: {'description': 'frank_viktor', 'flags': ['subdomain-enum'], 'output_modules': ['json']}
2025-12-12 13:55:35,100 [HUGESUCCESS] bbot.scanner logger.py:151 Starting scan frank_viktor
2025-12-12 13:55:41,093 [TRACE] bbot.modules.asn logger.py:151 Traceback (most recent call last):
  File "/home/maxosss/.local/share/pipx/venvs/bbot/lib/python3.14/site-packages/bbot/modules/report/asn.py", line 245, in get_url
    j = r.json()
        ^^^^^^
AttributeError: 'NoneType' object has no attribute 'json'

2025-12-12 13:55:42,426 [INFO] bbot.modules.dnsbrute base.py:1533 Brute-forcing 4,989 subdomains for google.com (source: google.com)
2025-12-12 13:55:44,880 [TRACE] bbot.modules.anubisdb logger.py:151 API response to https://jldc.me/anubis/subdomains/google.com failed with status code 301: 
2025-12-12 13:55:44,956 [TRACE] bbot.modules.anubisdb logger.py:151 API response to https://jldc.me/anubis/subdomains/google.com failed with status code 301: 
2025-12-12 13:55:45,020 [TRACE] bbot.modules.anubisdb logger.py:151 API response to https://jldc.me/anubis/subdomains/google.com failed with status code 301: 
2025-12-12 13:55:45,020 [INFO] bbot.modules.anubisdb base.py:1533 Error parsing results for query "google.com" (status code 301)
2025-12-12 13:55:45,025 [TRACE] bbot.modules.anubisdb logger.py:151 Traceback (most recent call last):
  File "/home/maxosss/.local/share/pipx/venvs/bbot/lib64/python3.14/site-packages/bbot/modules/templates/subdomain_enum.py", line 126, in query
    results = list(await parse_fn(response, query))
                   ^^^^^^^^^^^^^^^^^^^^^^^^^^^^^^^
  File "/home/maxosss/.local/share/pipx/venvs/bbot/lib/python3.14/site-packages/bbot/modules/anubisdb.py", line 43, in parse_results
    json = r.json()
  File "/home/maxosss/.local/share/pipx/venvs/bbot/lib64/python3.14/site-packages/httpx/_models.py", line 832, in json
    return jsonlib.loads(self.content, **kwargs)
           ~~~~~~~~~~~~~^^^^^^^^^^^^^^^^^^^^^^^^
  File "/usr/lib64/python3.14/json/__init__.py", line 346, in loads
    return _default_decoder.decode(s)
           ~~~~~~~~~~~~~~~~~~~~~~~^^^
  File "/usr/lib64/python3.14/json/decoder.py", line 345, in decode
    obj, end = self.raw_decode(s, idx=_w(s, 0).end())
               ~~~~~~~~~~~~~~~^^^^^^^^^^^^^^^^^^^^^^^
  File "/usr/lib64/python3.14/json/decoder.py", line 363, in raw_decode
    raise JSONDecodeError("Expecting value", s, err.value) from None
json.decoder.JSONDecodeError: Expecting value: line 1 column 1 (char 0)

2025-12-12 13:55:45,025 [TRACE] bbot.modules.anubisdb logger.py:151 ''
2025-12-12 13:55:45,029 [TRACE] bbot.modules.leakix logger.py:151 API response to https://leakix.net/api/subdomains/google.com failed with status code 505: 
<h3>The requested site is currently unavailable</h3>

2025-12-12 13:55:45,128 [TRACE] bbot.modules.leakix logger.py:151 API response to https://leakix.net/api/subdomains/google.com failed with status code 505: 
<h3>The requested site is currently unavailable</h3>

2025-12-12 13:55:45,217 [TRACE] bbot.modules.leakix logger.py:151 API response to https://leakix.net/api/subdomains/google.com failed with status code 505: 
<h3>The requested site is currently unavailable</h3>

2025-12-12 13:55:45,217 [INFO] bbot.modules.leakix base.py:1533 Error parsing results for query "google.com" (status code 505)
2025-12-12 13:55:45,219 [TRACE] bbot.modules.leakix logger.py:151 Traceback (most recent call last):
  File "/home/maxosss/.local/share/pipx/venvs/bbot/lib64/python3.14/site-packages/bbot/modules/templates/subdomain_enum.py", line 126, in query
    results = list(await parse_fn(response, query))
                   ^^^^^^^^^^^^^^^^^^^^^^^^^^^^^^^
  File "/home/maxosss/.local/share/pipx/venvs/bbot/lib/python3.14/site-packages/bbot/modules/leakix.py", line 40, in parse_results
    json = r.json()
  File "/home/maxosss/.local/share/pipx/venvs/bbot/lib64/python3.14/site-packages/httpx/_models.py", line 832, in json
    return jsonlib.loads(self.content, **kwargs)
           ~~~~~~~~~~~~~^^^^^^^^^^^^^^^^^^^^^^^^
  File "/usr/lib64/python3.14/json/__init__.py", line 346, in loads
    return _default_decoder.decode(s)
           ~~~~~~~~~~~~~~~~~~~~~~~^^^
  File "/usr/lib64/python3.14/json/decoder.py", line 345, in decode
    obj, end = self.raw_decode(s, idx=_w(s, 0).end())
               ~~~~~~~~~~~~~~~^^^^^^^^^^^^^^^^^^^^^^^
  File "/usr/lib64/python3.14/json/decoder.py", line 363, in raw_decode
    raise JSONDecodeError("Expecting value", s, err.value) from None
json.decoder.JSONDecodeError: Expecting value: line 2 column 1 (char 1)

2025-12-12 13:55:45,219 [TRACE] bbot.modules.leakix logger.py:151 '\n<h3>The requested site is currently unavailable</h3>\n'
2025-12-12 13:55:47,487 [TRACE] bbot.modules.dnsdumpster logger.py:151 API response to https://dnsdumpster.com failed with status code 0: 
2025-12-12 13:55:47,493 [TRACE] bbot.modules.rapiddns logger.py:151 API response to https://rapiddns.io/subdomain/google.com?full=1#result failed with status code 0: 
2025-12-12 13:55:47,495 [TRACE] bbot.modules.dnsdumpster logger.py:151 API response to https://dnsdumpster.com failed with status code 0: 
2025-12-12 13:55:47,501 [TRACE] bbot.modules.rapiddns logger.py:151 API response to https://rapiddns.io/subdomain/google.com?full=1#result failed with status code 0: 
2025-12-12 13:55:47,503 [WARNING] bbot.modules.wayback base.py:1597 Error connecting to archive.org for query "google.com"
2025-12-12 13:55:47,514 [TRACE] bbot.modules.dnsdumpster logger.py:151 API response to https://dnsdumpster.com failed with status code 0: 
2025-12-12 13:55:47,514 [TRACE] bbot.modules.rapiddns logger.py:151 API response to https://rapiddns.io/subdomain/google.com?full=1#result failed with status code 0: 
2025-12-12 13:55:47,514 [INFO] bbot.modules.rapiddns base.py:1533 Query "google.com" failed (no response)
2025-12-12 13:55:50,114 [INFO] bbot.scanner scanner.py:1187 frank_viktor: Modules running (incoming:processing:outgoing) dnsresolve(711:25:0), crt(26:1:0), crt_db(26:1:0), dnsbrute(26:1:0), myssl(26:1:0), otx(26:1:0), speculate(0:0:21), shodan_idb(15:1:0), securitytxt(13:1:0), dnscommonsrv(9:1:0), baddns_zone(0:3:0), cloudcheck(0:1:1), dnscaa(0:1:0), excavate(1:0:0)
2025-12-12 13:55:50,115 [INFO] bbot.scanner scanner.py:1187 frank_viktor: Events produced so far: DNS_NAME: 21, OPEN_TCP_PORT: 3, EMAIL_ADDRESS: 3, URL: 2, ASN: 2, IP_ADDRESS: 2, FINDING: 2, SCAN: 1, ORG_STUB: 1, AZURE_TENANT: 1
2025-12-12 13:55:50,115 [INFO] bbot.scanner scanner.py:1187 frank_viktor: 21 events in queue (3,383 processed in the past 15 seconds)
2025-12-12 13:55:56,226 [TRACE] bbot.modules.myssl logger.py:151 API response to https://myssl.com/api/v1/discover_sub_domain?domain=google.com failed with status code 0: 
2025-12-12 13:56:03,720 [TRACE] bbot.modules.otx logger.py:151 API response to https://otx.alienvault.com/api/v1/indicators/domain/google.com/passive_dns failed with status code 0: 
2025-12-12 13:56:05,116 [INFO] bbot.scanner scanner.py:1187 frank_viktor: Modules running (incoming:processing:outgoing) dnsresolve(336:25:0), crt(30:1:0), crt_db(30:1:0), dnsbrute(30:1:0), myssl(30:1:0), otx(30:1:0), shodan_idb(19:1:0), securitytxt(17:1:0), dnscommonsrv(13:1:0), httpx(3:1:0), dnsbimi(0:1:0)
2025-12-12 13:56:05,116 [INFO] bbot.scanner scanner.py:1187 frank_viktor: Events produced so far: DNS_NAME: 25, OPEN_TCP_PORT: 3, EMAIL_ADDRESS: 3, URL: 2, ASN: 2, IP_ADDRESS: 2, FINDING: 2, SCAN: 1, ORG_STUB: 1, AZURE_TENANT: 1
2025-12-12 13:56:05,117 [INFO] bbot.scanner scanner.py:1187 frank_viktor: No events in queue (2,280 processed in the past 15 seconds)
2025-12-12 13:56:07,211 [TRACE] bbot.modules.shodan_idb logger.py:151 API response to https://internetdb.shodan.io/216.239.34.10 failed with status code 0: 
2025-12-12 13:56:17,701 [TRACE] bbot.modules.myssl logger.py:151 API response to https://myssl.com/api/v1/discover_sub_domain?domain=google.com failed with status code 0: 
2025-12-12 13:56:20,119 [INFO] bbot.scanner scanner.py:1187 frank_viktor: Modules running (incoming:processing:outgoing) dnsresolve(480:25:0), crt(50:1:0), crt_db(50:1:0), dnsbrute(50:1:0), myssl(50:1:0), otx(50:1:0), shodan_idb(39:1:0), securitytxt(34:1:0), dnscommonsrv(33:1:0), dnsbimi(20:1:0), dnscaa(19:1:0), dnstlsrpt(19:1:0), baddns_zone(4:8:0), httpx(0:1:0)
2025-12-12 13:56:20,120 [INFO] bbot.scanner scanner.py:1187 frank_viktor: Events produced so far: DNS_NAME: 45, OPEN_TCP_PORT: 3, EMAIL_ADDRESS: 3, URL: 2, ASN: 2, IP_ADDRESS: 2, FINDING: 2, SCAN: 1, ORG_STUB: 1, AZURE_TENANT: 1
2025-12-12 13:56:20,120 [INFO] bbot.scanner scanner.py:1187 frank_viktor: No events in queue (378 processed in the past 15 seconds)
2025-12-12 13:56:23,093 [TRACE] bbot.modules.crt logger.py:151 API response to https://crt.sh?q=%25.google.com&output=json failed with status code 0: 
2025-12-12 13:56:23,736 [TRACE] bbot.modules.otx logger.py:151 API response to https://otx.alienvault.com/api/v1/indicators/domain/google.com/passive_dns failed with status code 0: 
2025-12-12 13:56:27,224 [TRACE] bbot.modules.shodan_idb logger.py:151 API response to https://internetdb.shodan.io/216.239.34.10 failed with status code 0: 
2025-12-12 13:56:35,122 [INFO] bbot.scanner scanner.py:1187 frank_viktor: Modules running (incoming:processing:outgoing) dnsresolve(466:25:0), crt(52:1:0), crt_db(52:1:0), dnsbrute(52:1:0), myssl(52:1:0), otx(52:1:0), shodan_idb(41:1:0), dnscommonsrv(35:1:0), securitytxt(34:1:0), dnsbimi(21:1:0), dnscaa(19:1:0), dnstlsrpt(19:1:0)
2025-12-12 13:56:35,122 [INFO] bbot.scanner scanner.py:1187 frank_viktor: Events produced so far: DNS_NAME: 47, OPEN_TCP_PORT: 3, EMAIL_ADDRESS: 3, URL: 2, ASN: 2, IP_ADDRESS: 2, FINDING: 2, SCAN: 1, ORG_STUB: 1, AZURE_TENANT: 1
2025-12-12 13:56:35,122 [INFO] bbot.scanner scanner.py:1187 frank_viktor: No events in queue (152 processed in the past 15 seconds)
2025-12-12 13:56:37,712 [TRACE] bbot.modules.myssl logger.py:151 API response to https://myssl.com/api/v1/discover_sub_domain?domain=google.com failed with status code 0: 
2025-12-12 13:56:37,712 [INFO] bbot.modules.myssl base.py:1533 Query "google.com" failed (no response)
2025-12-12 13:56:43,755 [TRACE] bbot.modules.otx logger.py:151 API response to https://otx.alienvault.com/api/v1/indicators/domain/google.com/passive_dns failed with status code 0: 
2025-12-12 13:56:43,755 [INFO] bbot.modules.otx base.py:1533 Query "google.com" failed (no response)
2025-12-12 13:56:47,238 [TRACE] bbot.modules.shodan_idb logger.py:151 API response to https://internetdb.shodan.io/216.239.34.10 failed with status code 0: 
2025-12-12 13:56:50,124 [INFO] bbot.scanner scanner.py:1187 frank_viktor: Modules running (incoming:processing:outgoing) dnsresolve(445:25:0), crt(52:1:0), crt_db(52:1:0), dnsbrute(52:1:0), shodan_idb(40:1:0), dnscommonsrv(35:1:0), securitytxt(33:1:0), dnsbimi(21:1:0), dnscaa(18:1:0), dnstlsrpt(18:1:0)
2025-12-12 13:56:50,125 [INFO] bbot.scanner scanner.py:1187 frank_viktor: Events produced so far: DNS_NAME: 47, OPEN_TCP_PORT: 3, EMAIL_ADDRESS: 3, URL: 2, ASN: 2, IP_ADDRESS: 2, FINDING: 2, SCAN: 1, ORG_STUB: 1, AZURE_TENANT: 1
2025-12-12 13:56:50,125 [INFO] bbot.scanner scanner.py:1187 frank_viktor: No events in queue (107 processed in the past 15 seconds)
2025-12-12 13:57:05,130 [INFO] bbot.scanner scanner.py:1187 frank_viktor: Modules running (incoming:processing:outgoing) dnsresolve(569:25:0), shodan_idb(54:1:0), crt(53:1:0), crt_db(53:1:0), dnsbrute(53:1:0), dnscommonsrv(36:1:0), securitytxt(34:1:0), dnsbimi(22:1:0), dnscaa(17:1:0), asn(12:1:0), dnstlsrpt(11:1:0), httpx(3:1:0)
2025-12-12 13:57:05,130 [INFO] bbot.scanner scanner.py:1187 frank_viktor: Events produced so far: DNS_NAME: 48, OPEN_TCP_PORT: 3, EMAIL_ADDRESS: 3, URL: 2, ASN: 2, IP_ADDRESS: 2, FINDING: 2, SCAN: 1, ORG_STUB: 1, AZURE_TENANT: 1
2025-12-12 13:57:05,130 [INFO] bbot.scanner scanner.py:1187 frank_viktor: No events in queue (519 processed in the past 15 seconds)
2025-12-12 13:57:07,261 [TRACE] bbot.modules.shodan_idb logger.py:151 API response to https://internetdb.shodan.io/74.125.205.100 failed with status code 0: 
2025-12-12 13:57:20,132 [INFO] bbot.scanner scanner.py:1187 frank_viktor: Modules running (incoming:processing:outgoing) dnsresolve(609:25:0), shodan_idb(64:1:0), crt(55:1:0), crt_db(55:1:0), dnsbrute(55:1:0), dnscommonsrv(38:1:0), securitytxt(34:1:0), dnsbimi(23:1:0), asn(20:1:0), dnscaa(18:1:0), httpx(0:13:0), dnstlsrpt(11:1:0)
2025-12-12 13:57:20,132 [INFO] bbot.scanner scanner.py:1187 frank_viktor: Events produced so far: DNS_NAME: 50, OPEN_TCP_PORT: 3, EMAIL_ADDRESS: 3, URL: 2, ASN: 2, IP_ADDRESS: 2, FINDING: 2, SCAN: 1, ORG_STUB: 1, AZURE_TENANT: 1
2025-12-12 13:57:20,133 [INFO] bbot.scanner scanner.py:1187 frank_viktor: No events in queue (326 processed in the past 15 seconds)
2025-12-12 13:57:23,290 [TRACE] bbot.modules.asn logger.py:151 Traceback (most recent call last):
  File "/home/maxosss/.local/share/pipx/venvs/bbot/lib/python3.14/site-packages/bbot/modules/report/asn.py", line 245, in get_url
    j = r.json()
        ^^^^^^
AttributeError: 'NoneType' object has no attribute 'json'

2025-12-12 13:57:27,276 [TRACE] bbot.modules.shodan_idb logger.py:151 API response to https://internetdb.shodan.io/74.125.205.100 failed with status code 0: 
2025-12-12 13:57:35,134 [INFO] bbot.scanner scanner.py:1187 frank_viktor: Modules running (incoming:processing:outgoing) dnsresolve(810:25:0), shodan_idb(90:1:0), crt(55:1:0), crt_db(55:1:0), dnsbrute(55:1:0), asn(46:1:0), dnscommonsrv(38:1:0), securitytxt(32:1:0), httpx(14:13:0), dnsbimi(23:1:0), dnscaa(15:1:0), sslcert(0:3:0)
2025-12-12 13:57:35,134 [INFO] bbot.scanner scanner.py:1187 frank_viktor: Events produced so far: DNS_NAME: 50, OPEN_TCP_PORT: 3, EMAIL_ADDRESS: 3, URL: 2, ASN: 2, IP_ADDRESS: 2, FINDING: 2, SCAN: 1, ORG_STUB: 1, AZURE_TENANT: 1
2025-12-12 13:57:35,134 [INFO] bbot.scanner scanner.py:1187 frank_viktor: No events in queue (669 processed in the past 15 seconds)
2025-12-12 13:57:43,112 [TRACE] bbot.modules.crt logger.py:151 API response to https://crt.sh?q=%25.google.com&output=json failed with status code 0: 
2025-12-12 13:57:43,300 [TRACE] bbot.modules.asn logger.py:151 Traceback (most recent call last):
  File "/home/maxosss/.local/share/pipx/venvs/bbot/lib/python3.14/site-packages/bbot/modules/report/asn.py", line 245, in get_url
    j = r.json()
        ^^^^^^
AttributeError: 'NoneType' object has no attribute 'json'

2025-12-12 13:57:47,292 [TRACE] bbot.modules.shodan_idb logger.py:151 API response to https://internetdb.shodan.io/74.125.205.100 failed with status code 0: 
2025-12-12 13:57:50,137 [INFO] bbot.scanner scanner.py:1187 frank_viktor: Modules running (incoming:processing:outgoing) dnsresolve(835:25:0), shodan_idb(97:1:0), crt(56:1:0), crt_db(56:1:0), dnsbrute(56:1:0), asn(55:1:0), dnscommonsrv(39:1:0), securitytxt(30:1:0), dnsbimi(24:1:0), dnscaa(15:1:0), httpx(0:12:0)
2025-12-12 13:57:50,137 [INFO] bbot.scanner scanner.py:1187 frank_viktor: Events produced so far: DNS_NAME: 51, OPEN_TCP_PORT: 3, EMAIL_ADDRESS: 3, URL: 2, ASN: 2, IP_ADDRESS: 2, FINDING: 2, SCAN: 1, ORG_STUB: 1, AZURE_TENANT: 1
2025-12-12 13:57:50,137 [INFO] bbot.scanner scanner.py:1187 frank_viktor: No events in queue (333 processed in the past 15 seconds)
2025-12-12 13:57:51,013 [INFO] bbot.modules.dnsbrute base.py:1533 Brute-forcing 4,989 subdomains for spreadsheets.google.com (source: 0c2.spreadsheets.google.com)
2025-12-12 13:58:03,321 [TRACE] bbot.modules.asn logger.py:151 Traceback (most recent call last):
  File "/home/maxosss/.local/share/pipx/venvs/bbot/lib/python3.14/site-packages/bbot/modules/report/asn.py", line 245, in get_url
    j = r.json()
        ^^^^^^
AttributeError: 'NoneType' object has no attribute 'json'

2025-12-12 13:58:05,138 [INFO] bbot.scanner scanner.py:1187 frank_viktor: Modules running (incoming:processing:outgoing) dnsresolve(1,028:25:0), shodan_idb(130:1:0), asn(88:1:0), crt(56:1:0), crt_db(56:1:0), dnsbrute(54:1:0), dnscommonsrv(39:1:0), ipneighbor(0:0:38), securitytxt(30:1:0), httpx(6:19:0), dnsbimi(23:1:0), dnscaa(12:1:0), sslcert(0:1:0), speculate(0:0:1)
2025-12-12 13:58:05,138 [INFO] bbot.scanner scanner.py:1187 frank_viktor: Events produced so far: DNS_NAME: 51, OPEN_TCP_PORT: 3, EMAIL_ADDRESS: 3, URL: 2, ASN: 2, IP_ADDRESS: 2, FINDING: 2, SCAN: 1, ORG_STUB: 1, AZURE_TENANT: 1
2025-12-12 13:58:05,138 [INFO] bbot.scanner scanner.py:1187 frank_viktor: 39 events in queue (678 processed in the past 15 seconds)
2025-12-12 13:58:07,309 [TRACE] bbot.modules.shodan_idb logger.py:151 API response to https://internetdb.shodan.io/64.233.163.81 failed with status code 0: 
2025-12-12 13:58:20,139 [INFO] bbot.scanner scanner.py:1187 frank_viktor: Modules running (incoming:processing:outgoing) dnsresolve(1,108:25:0), shodan_idb(186:1:0), asn(144:1:0), crt(56:1:0), crt_db(56:1:0), dnsbrute(54:1:0), dnscommonsrv(38:1:0), securitytxt(29:1:0), dnsbimi(23:1:0), httpx(2:21:0), dnscaa(11:1:0)
2025-12-12 13:58:20,140 [INFO] bbot.scanner scanner.py:1187 frank_viktor: Events produced so far: DNS_NAME: 51, OPEN_TCP_PORT: 3, EMAIL_ADDRESS: 3, URL: 2, ASN: 2, IP_ADDRESS: 2, FINDING: 2, SCAN: 1, ORG_STUB: 1, AZURE_TENANT: 1
2025-12-12 13:58:20,140 [INFO] bbot.scanner scanner.py:1187 frank_viktor: No events in queue (427 processed in the past 15 seconds)
2025-12-12 13:58:23,335 [TRACE] bbot.modules.asn logger.py:151 Traceback (most recent call last):
  File "/home/maxosss/.local/share/pipx/venvs/bbot/lib/python3.14/site-packages/bbot/modules/report/asn.py", line 245, in get_url
    j = r.json()
        ^^^^^^
AttributeError: 'NoneType' object has no attribute 'json'

2025-12-12 13:58:23,335 [WARNING] bbot.modules.asn base.py:1597 Error retrieving ASN for 2001:4860:4802:36::a
2025-12-12 13:58:27,326 [TRACE] bbot.modules.shodan_idb logger.py:151 API response to https://internetdb.shodan.io/64.233.163.81 failed with status code 0: 
2025-12-12 13:58:35,142 [INFO] bbot.scanner scanner.py:1187 frank_viktor: Modules running (incoming:processing:outgoing) dnsresolve(1,067:25:0), shodan_idb(228:1:0), asn(181:1:0), crt(59:1:0), crt_db(59:1:0), dnsbrute(57:1:0), dnscommonsrv(41:1:0), httpx(12:21:0), securitytxt(31:1:0), dnsbimi(24:1:0), dnscaa(13:1:0), dnstlsrpt(2:1:0), baddns_zone(0:1:0)
2025-12-12 13:58:35,142 [INFO] bbot.scanner scanner.py:1187 frank_viktor: Events produced so far: DNS_NAME: 54, OPEN_TCP_PORT: 3, EMAIL_ADDRESS: 3, URL: 2, ASN: 2, IP_ADDRESS: 2, FINDING: 2, SCAN: 1, ORG_STUB: 1, AZURE_TENANT: 1
2025-12-12 13:58:35,142 [INFO] bbot.scanner scanner.py:1187 frank_viktor: No events in queue (191 processed in the past 15 seconds)
2025-12-12 13:58:43,359 [TRACE] bbot.modules.asn logger.py:151 Traceback (most recent call last):
  File "/home/maxosss/.local/share/pipx/venvs/bbot/lib/python3.14/site-packages/bbot/modules/report/asn.py", line 245, in get_url
    j = r.json()
        ^^^^^^
AttributeError: 'NoneType' object has no attribute 'json'

2025-12-12 13:58:47,342 [TRACE] bbot.modules.shodan_idb logger.py:151 API response to https://internetdb.shodan.io/64.233.163.81 failed with status code 0: 
2025-12-12 13:58:50,143 [INFO] bbot.scanner scanner.py:1187 frank_viktor: Modules running (incoming:processing:outgoing) dnsresolve(1,001:25:0), shodan_idb(288:1:0), asn(239:1:0), crt(64:1:0), crt_db(64:1:0), dnsbrute(62:1:0), dnscommonsrv(46:1:0), securitytxt(34:1:0), dnsbimi(29:1:0), dnscaa(16:1:0), httpx(0:6:0)
2025-12-12 13:58:50,144 [INFO] bbot.scanner scanner.py:1187 frank_viktor: Events produced so far: DNS_NAME: 59, OPEN_TCP_PORT: 3, EMAIL_ADDRESS: 3, URL: 2, ASN: 2, IP_ADDRESS: 2, FINDING: 2, SCAN: 1, ORG_STUB: 1, AZURE_TENANT: 1
2025-12-12 13:58:50,144 [INFO] bbot.scanner scanner.py:1187 frank_viktor: No events in queue (181 processed in the past 15 seconds)
2025-12-12 13:59:03,132 [TRACE] bbot.modules.crt logger.py:151 API response to https://crt.sh?q=%25.google.com&output=json failed with status code 0: 
2025-12-12 13:59:03,132 [INFO] bbot.modules.crt base.py:1533 Query "google.com" failed (no response)
2025-12-12 13:59:03,375 [TRACE] bbot.modules.asn logger.py:151 Traceback (most recent call last):
  File "/home/maxosss/.local/share/pipx/venvs/bbot/lib/python3.14/site-packages/bbot/modules/report/asn.py", line 245, in get_url
    j = r.json()
        ^^^^^^
AttributeError: 'NoneType' object has no attribute 'json'

2025-12-12 13:59:05,145 [INFO] bbot.scanner scanner.py:1187 frank_viktor: Modules running (incoming:processing:outgoing) dnsresolve(908:25:0), shodan_idb(361:1:0), asn(312:1:0), crt_db(64:1:0), dnsbrute(62:1:0), dnscommonsrv(46:1:0), securitytxt(34:1:0), dnsbimi(29:1:0), dnscaa(15:1:0)
2025-12-12 13:59:05,145 [INFO] bbot.scanner scanner.py:1187 frank_viktor: Events produced so far: DNS_NAME: 59, OPEN_TCP_PORT: 3, EMAIL_ADDRESS: 3, URL: 2, ASN: 2, IP_ADDRESS: 2, FINDING: 2, SCAN: 1, ORG_STUB: 1, AZURE_TENANT: 1
2025-12-12 13:59:05,146 [INFO] bbot.scanner scanner.py:1187 frank_viktor: No events in queue (217 processed in the past 15 seconds)
2025-12-12 13:59:07,359 [TRACE] bbot.modules.shodan_idb logger.py:151 API response to https://internetdb.shodan.io/64.233.164.95 failed with status code 0: 
2025-12-12 13:59:20,147 [INFO] bbot.scanner scanner.py:1187 frank_viktor: Modules running (incoming:processing:outgoing) dnsresolve(827:25:0), shodan_idb(432:1:0), asn(383:1:0), crt_db(64:1:0), dnsbrute(62:1:0), dnscommonsrv(46:1:0), securitytxt(31:1:0), dnsbimi(28:1:0), dnscaa(8:1:0)
2025-12-12 13:59:20,147 [INFO] bbot.scanner scanner.py:1187 frank_viktor: Events produced so far: DNS_NAME: 59, OPEN_TCP_PORT: 3, EMAIL_ADDRESS: 3, URL: 2, ASN: 2, IP_ADDRESS: 2, FINDING: 2, SCAN: 1, ORG_STUB: 1, AZURE_TENANT: 1
2025-12-12 13:59:20,147 [INFO] bbot.scanner scanner.py:1187 frank_viktor: No events in queue (181 processed in the past 15 seconds)
2025-12-12 13:59:23,397 [TRACE] bbot.modules.asn logger.py:151 Traceback (most recent call last):
  File "/home/maxosss/.local/share/pipx/venvs/bbot/lib/python3.14/site-packages/bbot/modules/report/asn.py", line 245, in get_url
    j = r.json()
        ^^^^^^
AttributeError: 'NoneType' object has no attribute 'json'

2025-12-12 13:59:27,375 [TRACE] bbot.modules.shodan_idb logger.py:151 API response to https://internetdb.shodan.io/64.233.164.95 failed with status code 0: 
2025-12-12 13:59:35,149 [INFO] bbot.scanner scanner.py:1187 frank_viktor: Modules running (incoming:processing:outgoing) dnsresolve(742:25:0), shodan_idb(503:1:0), asn(454:1:0), crt_db(64:1:0), dnsbrute(62:1:0), dnscommonsrv(46:1:0), dnsbimi(28:1:0), securitytxt(28:1:0), dnscaa(7:1:0)
2025-12-12 13:59:35,149 [INFO] bbot.scanner scanner.py:1187 frank_viktor: Events produced so far: DNS_NAME: 59, OPEN_TCP_PORT: 3, EMAIL_ADDRESS: 3, URL: 2, ASN: 2, IP_ADDRESS: 2, FINDING: 2, SCAN: 1, ORG_STUB: 1, AZURE_TENANT: 1
2025-12-12 13:59:35,149 [INFO] bbot.scanner scanner.py:1187 frank_viktor: No events in queue (203 processed in the past 15 seconds)
2025-12-12 13:59:43,404 [TRACE] bbot.modules.asn logger.py:151 Traceback (most recent call last):
  File "/home/maxosss/.local/share/pipx/venvs/bbot/lib/python3.14/site-packages/bbot/modules/report/asn.py", line 245, in get_url
    j = r.json()
        ^^^^^^
AttributeError: 'NoneType' object has no attribute 'json'

2025-12-12 13:59:43,404 [WARNING] bbot.modules.asn base.py:1597 Error retrieving ASN for 173.194.221.113
2025-12-12 13:59:47,391 [TRACE] bbot.modules.shodan_idb logger.py:151 API response to https://internetdb.shodan.io/64.233.164.95 failed with status code 0: 
2025-12-12 13:59:50,151 [INFO] bbot.scanner scanner.py:1187 frank_viktor: Modules running (incoming:processing:outgoing) dnsresolve(653:25:0), shodan_idb(575:1:0), asn(527:1:0), crt_db(64:1:0), dnsbrute(62:1:0), dnscommonsrv(46:1:0), dnsbimi(28:1:0), securitytxt(21:1:0), dnscaa(3:1:0)
2025-12-12 13:59:50,152 [INFO] bbot.scanner scanner.py:1187 frank_viktor: Events produced so far: DNS_NAME: 59, OPEN_TCP_PORT: 3, EMAIL_ADDRESS: 3, URL: 2, ASN: 2, IP_ADDRESS: 2, FINDING: 2, SCAN: 1, ORG_STUB: 1, AZURE_TENANT: 1
2025-12-12 13:59:50,152 [INFO] bbot.scanner scanner.py:1187 frank_viktor: No events in queue (204 processed in the past 15 seconds)
2025-12-12 13:59:51,311 [WARNING] bbot.core.dnsengine engine.py:639 DNS queries are failing, please check your internet connection
2025-12-12 13:59:56,416 [WARNING] bbot.core.dnsengine engine.py:639 DNS queries are failing, please check your internet connection
2025-12-12 14:00:01,523 [WARNING] bbot.core.dnsengine engine.py:639 DNS queries are failing, please check your internet connection
2025-12-12 14:00:03,419 [TRACE] bbot.modules.asn logger.py:151 Traceback (most recent call last):
  File "/home/maxosss/.local/share/pipx/venvs/bbot/lib/python3.14/site-packages/bbot/modules/report/asn.py", line 245, in get_url
    j = r.json()
        ^^^^^^
AttributeError: 'NoneType' object has no attribute 'json'

2025-12-12 14:00:05,153 [INFO] bbot.scanner scanner.py:1187 frank_viktor: Modules running (incoming:processing:outgoing) shodan_idb(647:1:0), asn(599:1:0), dnsresolve(564:25:0), crt_db(64:1:0), dnsbrute(62:1:0), dnscommonsrv(46:1:0), dnsbimi(23:1:0), securitytxt(21:1:0), dnscaa(2:1:0)
2025-12-12 14:00:05,154 [INFO] bbot.scanner scanner.py:1187 frank_viktor: Events produced so far: DNS_NAME: 59, OPEN_TCP_PORT: 3, EMAIL_ADDRESS: 3, URL: 2, ASN: 2, IP_ADDRESS: 2, FINDING: 2, SCAN: 1, ORG_STUB: 1, AZURE_TENANT: 1
2025-12-12 14:00:05,154 [INFO] bbot.scanner scanner.py:1187 frank_viktor: No events in queue (206 processed in the past 15 seconds)
2025-12-12 14:00:07,410 [TRACE] bbot.modules.shodan_idb logger.py:151 API response to https://internetdb.shodan.io/172.253.144.27 failed with status code 0: 
2025-12-12 14:00:13,346 [HUGEWARNING] bbot.scanner logger.py:151 Aborting scan
2025-12-12 14:00:13,346 [TRACE] bbot.core.dnsengine logger.py:151 Caught exception in resolve_raw(email._bimi.aspmx.google.com, {}):
2025-12-12 14:00:13,351 [TRACE] bbot.scanner logger.py:151 Traceback (most recent call last):
  File "/home/maxosss/.local/share/pipx/venvs/bbot/lib64/python3.14/site-packages/bbot/scanner/scanner.py", line 408, in async_start
    await asyncio.sleep(0.1)
  File "/usr/lib64/python3.14/asyncio/tasks.py", line 702, in sleep
    return await future
           ^^^^^^^^^^^^
asyncio.exceptions.CancelledError

2025-12-12 14:00:13,352 [TRACE] bbot.scanner logger.py:151 Traceback (most recent call last):
  File "/home/maxosss/.local/share/pipx/venvs/bbot/lib64/python3.14/site-packages/bbot/scanner/scanner.py", line 408, in async_start
    await asyncio.sleep(0.1)
  File "/usr/lib64/python3.14/asyncio/tasks.py", line 702, in sleep
    return await future
           ^^^^^^^^^^^^
asyncio.exceptions.CancelledError

2025-12-12 14:00:13,356 [TRACE] bbot.core.httpengine logger.py:151 Traceback (most recent call last):
  File "/home/maxosss/.local/share/pipx/venvs/bbot/lib64/python3.14/site-packages/bbot/core/engine.py", line 417, in run_and_return
    result = await command_fn(*args, **kwargs)
             ^^^^^^^^^^^^^^^^^^^^^^^^^^^^^^^^^
  File "/home/maxosss/.local/share/pipx/venvs/bbot/lib64/python3.14/site-packages/bbot/core/helpers/web/engine.py", line 87, in request
    response = await client.request(*args, **kwargs)
               ^^^^^^^^^^^^^^^^^^^^^^^^^^^^^^^^^^^^^
  File "/home/maxosss/.local/share/pipx/venvs/bbot/lib64/python3.14/site-packages/httpx/_client.py", line 1540, in request
    return await self.send(request, auth=auth, follow_redirects=follow_redirects)
           ^^^^^^^^^^^^^^^^^^^^^^^^^^^^^^^^^^^^^^^^^^^^^^^^^^^^^^^^^^^^^^^^^^^^^^
  File "/home/maxosss/.local/share/pipx/venvs/bbot/lib64/python3.14/site-packages/httpx/_client.py", line 1629, in send
    response = await self._send_handling_auth(
               ^^^^^^^^^^^^^^^^^^^^^^^^^^^^^^^
    ...<4 lines>...
    )
    ^
  File "/home/maxosss/.local/share/pipx/venvs/bbot/lib64/python3.14/site-packages/httpx/_client.py", line 1657, in _send_handling_auth
    response = await self._send_handling_redirects(
               ^^^^^^^^^^^^^^^^^^^^^^^^^^^^^^^^^^^^
    ...<3 lines>...
    )
    ^
  File "/home/maxosss/.local/share/pipx/venvs/bbot/lib64/python3.14/site-packages/httpx/_client.py", line 1694, in _send_handling_redirects
    response = await self._send_single_request(request)
               ^^^^^^^^^^^^^^^^^^^^^^^^^^^^^^^^^^^^^^^^
  File "/home/maxosss/.local/share/pipx/venvs/bbot/lib64/python3.14/site-packages/httpx/_client.py", line 1730, in _send_single_request
    response = await transport.handle_async_request(request)
               ^^^^^^^^^^^^^^^^^^^^^^^^^^^^^^^^^^^^^^^^^^^^^
  File "/home/maxosss/.local/share/pipx/venvs/bbot/lib64/python3.14/site-packages/httpx/_transports/default.py", line 394, in handle_async_request
    resp = await self._pool.handle_async_request(req)
           ^^^^^^^^^^^^^^^^^^^^^^^^^^^^^^^^^^^^^^^^^^
  File "/home/maxosss/.local/share/pipx/venvs/bbot/lib64/python3.14/site-packages/httpcore/_async/connection_pool.py", line 256, in handle_async_request
    raise exc from None
  File "/home/maxosss/.local/share/pipx/venvs/bbot/lib64/python3.14/site-packages/httpcore/_async/connection_pool.py", line 236, in handle_async_request
    response = await connection.handle_async_request(
               ^^^^^^^^^^^^^^^^^^^^^^^^^^^^^^^^^^^^^^
        pool_request.request
        ^^^^^^^^^^^^^^^^^^^^
    )
    ^
  File "/home/maxosss/.local/share/pipx/venvs/bbot/lib64/python3.14/site-packages/httpcore/_async/connection.py", line 101, in handle_async_request
    raise exc
  File "/home/maxosss/.local/share/pipx/venvs/bbot/lib64/python3.14/site-packages/httpcore/_async/connection.py", line 78, in handle_async_request
    stream = await self._connect(request)
             ^^^^^^^^^^^^^^^^^^^^^^^^^^^^
  File "/home/maxosss/.local/share/pipx/venvs/bbot/lib64/python3.14/site-packages/httpcore/_async/connection.py", line 124, in _connect
    stream = await self._network_backend.connect_tcp(**kwargs)
             ^^^^^^^^^^^^^^^^^^^^^^^^^^^^^^^^^^^^^^^^^^^^^^^^^
  File "/home/maxosss/.local/share/pipx/venvs/bbot/lib64/python3.14/site-packages/httpcore/_backends/auto.py", line 31, in connect_tcp
    return await self._backend.connect_tcp(
           ^^^^^^^^^^^^^^^^^^^^^^^^^^^^^^^^
    ...<5 lines>...
    )
    ^
  File "/home/maxosss/.local/share/pipx/venvs/bbot/lib64/python3.14/site-packages/httpcore/_backends/anyio.py", line 115, in connect_tcp
    stream: anyio.abc.ByteStream = await anyio.connect_tcp(
                                   ^^^^^^^^^^^^^^^^^^^^^^^^
    ...<3 lines>...
    )
    ^
  File "/home/maxosss/.local/share/pipx/venvs/bbot/lib64/python3.14/site-packages/anyio/_core/_sockets.py", line 215, in connect_tcp
    gai_res = await getaddrinfo(
              ^^^^^^^^^^^^^^^^^^
        target_host, remote_port, family=family, type=socket.SOCK_STREAM
        ^^^^^^^^^^^^^^^^^^^^^^^^^^^^^^^^^^^^^^^^^^^^^^^^^^^^^^^^^^^^^^^^
    )
    ^
  File "/home/maxosss/.local/share/pipx/venvs/bbot/lib64/python3.14/site-packages/anyio/_core/_sockets.py", line 649, in getaddrinfo
    gai_res = await get_async_backend().getaddrinfo(
              ^^^^^^^^^^^^^^^^^^^^^^^^^^^^^^^^^^^^^^
        encoded_host, port, family=family, type=type, proto=proto, flags=flags
        ^^^^^^^^^^^^^^^^^^^^^^^^^^^^^^^^^^^^^^^^^^^^^^^^^^^^^^^^^^^^^^^^^^^^^^
    )
    ^
  File "/home/maxosss/.local/share/pipx/venvs/bbot/lib64/python3.14/site-packages/anyio/_backends/_asyncio.py", line 2759, in getaddrinfo
    return await get_running_loop().getaddrinfo(
           ^^^^^^^^^^^^^^^^^^^^^^^^^^^^^^^^^^^^^
        host, port, family=family, type=type, proto=proto, flags=flags
        ^^^^^^^^^^^^^^^^^^^^^^^^^^^^^^^^^^^^^^^^^^^^^^^^^^^^^^^^^^^^^^
    )
    ^
  File "/usr/lib64/python3.14/asyncio/base_events.py", line 936, in getaddrinfo
    return await self.run_in_executor(
           ^^^^^^^^^^^^^^^^^^^^^^^^^^^
        None, getaddr_func, host, port, family, type, proto, flags)
        ^^^^^^^^^^^^^^^^^^^^^^^^^^^^^^^^^^^^^^^^^^^^^^^^^^^^^^^^^^^
asyncio.exceptions.CancelledError

2025-12-12 14:00:13,359 [TRACE] bbot.core.dnsengine logger.py:151 Traceback (most recent call last):
  File "/home/maxosss/.local/share/pipx/venvs/bbot/lib64/python3.14/site-packages/bbot/core/helpers/dns/engine.py", line 161, in resolve_raw
    return await self._resolve_hostname(query, rdtype=rdtype, **kwargs)
           ^^^^^^^^^^^^^^^^^^^^^^^^^^^^^^^^^^^^^^^^^^^^^^^^^^^^^^^^^^^^
  File "/home/maxosss/.local/share/pipx/venvs/bbot/lib64/python3.14/site-packages/bbot/core/helpers/dns/engine.py", line 226, in _resolve_hostname
    results = await self._catch(self.resolver.resolve, query, **kwargs)
              ^^^^^^^^^^^^^^^^^^^^^^^^^^^^^^^^^^^^^^^^^^^^^^^^^^^^^^^^^
  File "/home/maxosss/.local/share/pipx/venvs/bbot/lib64/python3.14/site-packages/bbot/core/helpers/dns/engine.py", line 381, in _catch
    return await callback(*args, **kwargs)
           ^^^^^^^^^^^^^^^^^^^^^^^^^^^^^^^
  File "/home/maxosss/.local/share/pipx/venvs/bbot/lib64/python3.14/site-packages/dns/asyncresolver.py", line 91, in resolve
    response = await nameserver.async_query(
               ^^^^^^^^^^^^^^^^^^^^^^^^^^^^^
    ...<6 lines>...
    )
    ^
  File "/home/maxosss/.local/share/pipx/venvs/bbot/lib64/python3.14/site-packages/dns/nameserver.py", line 147, in async_query
    response = await dns.asyncquery.udp(
               ^^^^^^^^^^^^^^^^^^^^^^^^^
    ...<12 lines>...
    )
    ^
  File "/home/maxosss/.local/share/pipx/venvs/bbot/lib64/python3.14/site-packages/dns/asyncquery.py", line 223, in udp
    (r, received_time, _) = await receive_udp(
                            ^^^^^^^^^^^^^^^^^^
    ...<11 lines>...
    )
    ^
  File "/home/maxosss/.local/share/pipx/venvs/bbot/lib64/python3.14/site-packages/dns/asyncquery.py", line 143, in receive_udp
    (wire, from_address) = await sock.recvfrom(65535, _timeout(expiration))
                           ^^^^^^^^^^^^^^^^^^^^^^^^^^^^^^^^^^^^^^^^^^^^^^^^
  File "/home/maxosss/.local/share/pipx/venvs/bbot/lib64/python3.14/site-packages/dns/_asyncio_backend.py", line 82, in recvfrom
    await _maybe_wait_for(done, timeout)
  File "/home/maxosss/.local/share/pipx/venvs/bbot/lib64/python3.14/site-packages/dns/_asyncio_backend.py", line 58, in _maybe_wait_for
    return await asyncio.wait_for(awaitable, timeout)
           ^^^^^^^^^^^^^^^^^^^^^^^^^^^^^^^^^^^^^^^^^^
  File "/usr/lib64/python3.14/asyncio/tasks.py", line 488, in wait_for
    return await fut
           ^^^^^^^^^
asyncio.exceptions.CancelledError

2025-12-12 14:00:13,359 [TRACE] bbot.core.httpengine logger.py:151 Traceback (most recent call last):
  File "/home/maxosss/.local/share/pipx/venvs/bbot/lib64/python3.14/site-packages/bbot/core/engine.py", line 417, in run_and_return
    result = await command_fn(*args, **kwargs)
             ^^^^^^^^^^^^^^^^^^^^^^^^^^^^^^^^^
  File "/home/maxosss/.local/share/pipx/venvs/bbot/lib64/python3.14/site-packages/bbot/core/helpers/web/engine.py", line 87, in request
    response = await client.request(*args, **kwargs)
               ^^^^^^^^^^^^^^^^^^^^^^^^^^^^^^^^^^^^^
  File "/home/maxosss/.local/share/pipx/venvs/bbot/lib64/python3.14/site-packages/httpx/_client.py", line 1540, in request
    return await self.send(request, auth=auth, follow_redirects=follow_redirects)
           ^^^^^^^^^^^^^^^^^^^^^^^^^^^^^^^^^^^^^^^^^^^^^^^^^^^^^^^^^^^^^^^^^^^^^^
  File "/home/maxosss/.local/share/pipx/venvs/bbot/lib64/python3.14/site-packages/httpx/_client.py", line 1629, in send
    response = await self._send_handling_auth(
               ^^^^^^^^^^^^^^^^^^^^^^^^^^^^^^^
    ...<4 lines>...
    )
    ^
  File "/home/maxosss/.local/share/pipx/venvs/bbot/lib64/python3.14/site-packages/httpx/_client.py", line 1657, in _send_handling_auth
    response = await self._send_handling_redirects(
               ^^^^^^^^^^^^^^^^^^^^^^^^^^^^^^^^^^^^
    ...<3 lines>...
    )
    ^
  File "/home/maxosss/.local/share/pipx/venvs/bbot/lib64/python3.14/site-packages/httpx/_client.py", line 1694, in _send_handling_redirects
    response = await self._send_single_request(request)
               ^^^^^^^^^^^^^^^^^^^^^^^^^^^^^^^^^^^^^^^^
  File "/home/maxosss/.local/share/pipx/venvs/bbot/lib64/python3.14/site-packages/httpx/_client.py", line 1730, in _send_single_request
    response = await transport.handle_async_request(request)
               ^^^^^^^^^^^^^^^^^^^^^^^^^^^^^^^^^^^^^^^^^^^^^
  File "/home/maxosss/.local/share/pipx/venvs/bbot/lib64/python3.14/site-packages/httpx/_transports/default.py", line 394, in handle_async_request
    resp = await self._pool.handle_async_request(req)
           ^^^^^^^^^^^^^^^^^^^^^^^^^^^^^^^^^^^^^^^^^^
  File "/home/maxosss/.local/share/pipx/venvs/bbot/lib64/python3.14/site-packages/httpcore/_async/connection_pool.py", line 256, in handle_async_request
    raise exc from None
  File "/home/maxosss/.local/share/pipx/venvs/bbot/lib64/python3.14/site-packages/httpcore/_async/connection_pool.py", line 236, in handle_async_request
    response = await connection.handle_async_request(
               ^^^^^^^^^^^^^^^^^^^^^^^^^^^^^^^^^^^^^^
        pool_request.request
        ^^^^^^^^^^^^^^^^^^^^
    )
    ^
  File "/home/maxosss/.local/share/pipx/venvs/bbot/lib64/python3.14/site-packages/httpcore/_async/connection.py", line 101, in handle_async_request
    raise exc
  File "/home/maxosss/.local/share/pipx/venvs/bbot/lib64/python3.14/site-packages/httpcore/_async/connection.py", line 78, in handle_async_request
    stream = await self._connect(request)
             ^^^^^^^^^^^^^^^^^^^^^^^^^^^^
  File "/home/maxosss/.local/share/pipx/venvs/bbot/lib64/python3.14/site-packages/httpcore/_async/connection.py", line 124, in _connect
    stream = await self._network_backend.connect_tcp(**kwargs)
             ^^^^^^^^^^^^^^^^^^^^^^^^^^^^^^^^^^^^^^^^^^^^^^^^^
  File "/home/maxosss/.local/share/pipx/venvs/bbot/lib64/python3.14/site-packages/httpcore/_backends/auto.py", line 31, in connect_tcp
    return await self._backend.connect_tcp(
           ^^^^^^^^^^^^^^^^^^^^^^^^^^^^^^^^
    ...<5 lines>...
    )
    ^
  File "/home/maxosss/.local/share/pipx/venvs/bbot/lib64/python3.14/site-packages/httpcore/_backends/anyio.py", line 115, in connect_tcp
    stream: anyio.abc.ByteStream = await anyio.connect_tcp(
                                   ^^^^^^^^^^^^^^^^^^^^^^^^
    ...<3 lines>...
    )
    ^
  File "/home/maxosss/.local/share/pipx/venvs/bbot/lib64/python3.14/site-packages/anyio/_core/_sockets.py", line 215, in connect_tcp
    gai_res = await getaddrinfo(
              ^^^^^^^^^^^^^^^^^^
        target_host, remote_port, family=family, type=socket.SOCK_STREAM
        ^^^^^^^^^^^^^^^^^^^^^^^^^^^^^^^^^^^^^^^^^^^^^^^^^^^^^^^^^^^^^^^^
    )
    ^
  File "/home/maxosss/.local/share/pipx/venvs/bbot/lib64/python3.14/site-packages/anyio/_core/_sockets.py", line 649, in getaddrinfo
    gai_res = await get_async_backend().getaddrinfo(
              ^^^^^^^^^^^^^^^^^^^^^^^^^^^^^^^^^^^^^^
        encoded_host, port, family=family, type=type, proto=proto, flags=flags
        ^^^^^^^^^^^^^^^^^^^^^^^^^^^^^^^^^^^^^^^^^^^^^^^^^^^^^^^^^^^^^^^^^^^^^^
    )
    ^
  File "/home/maxosss/.local/share/pipx/venvs/bbot/lib64/python3.14/site-packages/anyio/_backends/_asyncio.py", line 2759, in getaddrinfo
    return await get_running_loop().getaddrinfo(
           ^^^^^^^^^^^^^^^^^^^^^^^^^^^^^^^^^^^^^
        host, port, family=family, type=type, proto=proto, flags=flags
        ^^^^^^^^^^^^^^^^^^^^^^^^^^^^^^^^^^^^^^^^^^^^^^^^^^^^^^^^^^^^^^
    )
    ^
  File "/usr/lib64/python3.14/asyncio/base_events.py", line 936, in getaddrinfo
    return await self.run_in_executor(
           ^^^^^^^^^^^^^^^^^^^^^^^^^^^
        None, getaddr_func, host, port, family, type, proto, flags)
        ^^^^^^^^^^^^^^^^^^^^^^^^^^^^^^^^^^^^^^^^^^^^^^^^^^^^^^^^^^^
asyncio.exceptions.CancelledError

2025-12-12 14:00:13,361 [TRACE] bbot.core.dnsengine logger.py:151 Traceback (most recent call last):
  File "/home/maxosss/.local/share/pipx/venvs/bbot/lib64/python3.14/site-packages/bbot/core/engine.py", line 417, in run_and_return
    result = await command_fn(*args, **kwargs)
             ^^^^^^^^^^^^^^^^^^^^^^^^^^^^^^^^^
  File "/home/maxosss/.local/share/pipx/venvs/bbot/lib64/python3.14/site-packages/bbot/core/helpers/dns/engine.py", line 161, in resolve_raw
    return await self._resolve_hostname(query, rdtype=rdtype, **kwargs)
           ^^^^^^^^^^^^^^^^^^^^^^^^^^^^^^^^^^^^^^^^^^^^^^^^^^^^^^^^^^^^
  File "/home/maxosss/.local/share/pipx/venvs/bbot/lib64/python3.14/site-packages/bbot/core/helpers/dns/engine.py", line 226, in _resolve_hostname
    results = await self._catch(self.resolver.resolve, query, **kwargs)
              ^^^^^^^^^^^^^^^^^^^^^^^^^^^^^^^^^^^^^^^^^^^^^^^^^^^^^^^^^
  File "/home/maxosss/.local/share/pipx/venvs/bbot/lib64/python3.14/site-packages/bbot/core/helpers/dns/engine.py", line 381, in _catch
    return await callback(*args, **kwargs)
           ^^^^^^^^^^^^^^^^^^^^^^^^^^^^^^^
  File "/home/maxosss/.local/share/pipx/venvs/bbot/lib64/python3.14/site-packages/dns/asyncresolver.py", line 91, in resolve
    response = await nameserver.async_query(
               ^^^^^^^^^^^^^^^^^^^^^^^^^^^^^
    ...<6 lines>...
    )
    ^
  File "/home/maxosss/.local/share/pipx/venvs/bbot/lib64/python3.14/site-packages/dns/nameserver.py", line 147, in async_query
    response = await dns.asyncquery.udp(
               ^^^^^^^^^^^^^^^^^^^^^^^^^
    ...<12 lines>...
    )
    ^
  File "/home/maxosss/.local/share/pipx/venvs/bbot/lib64/python3.14/site-packages/dns/asyncquery.py", line 223, in udp
    (r, received_time, _) = await receive_udp(
                            ^^^^^^^^^^^^^^^^^^
    ...<11 lines>...
    )
    ^
  File "/home/maxosss/.local/share/pipx/venvs/bbot/lib64/python3.14/site-packages/dns/asyncquery.py", line 143, in receive_udp
    (wire, from_address) = await sock.recvfrom(65535, _timeout(expiration))
                           ^^^^^^^^^^^^^^^^^^^^^^^^^^^^^^^^^^^^^^^^^^^^^^^^
  File "/home/maxosss/.local/share/pipx/venvs/bbot/lib64/python3.14/site-packages/dns/_asyncio_backend.py", line 82, in recvfrom
    await _maybe_wait_for(done, timeout)
  File "/home/maxosss/.local/share/pipx/venvs/bbot/lib64/python3.14/site-packages/dns/_asyncio_backend.py", line 58, in _maybe_wait_for
    return await asyncio.wait_for(awaitable, timeout)
           ^^^^^^^^^^^^^^^^^^^^^^^^^^^^^^^^^^^^^^^^^^
  File "/usr/lib64/python3.14/asyncio/tasks.py", line 488, in wait_for
    return await fut
           ^^^^^^^^^
asyncio.exceptions.CancelledError

2025-12-12 14:00:13,361 [TRACE] bbot.core.dnsengine logger.py:151 Caught exception in resolve_raw(06photography.sites.google.com, {}):
2025-12-12 14:00:13,362 [TRACE] bbot.core.httpengine logger.py:151 Traceback (most recent call last):
  File "/home/maxosss/.local/share/pipx/venvs/bbot/lib64/python3.14/site-packages/bbot/core/engine.py", line 417, in run_and_return
    result = await command_fn(*args, **kwargs)
             ^^^^^^^^^^^^^^^^^^^^^^^^^^^^^^^^^
  File "/home/maxosss/.local/share/pipx/venvs/bbot/lib64/python3.14/site-packages/bbot/core/helpers/web/engine.py", line 87, in request
    response = await client.request(*args, **kwargs)
               ^^^^^^^^^^^^^^^^^^^^^^^^^^^^^^^^^^^^^
  File "/home/maxosss/.local/share/pipx/venvs/bbot/lib64/python3.14/site-packages/httpx/_client.py", line 1540, in request
    return await self.send(request, auth=auth, follow_redirects=follow_redirects)
           ^^^^^^^^^^^^^^^^^^^^^^^^^^^^^^^^^^^^^^^^^^^^^^^^^^^^^^^^^^^^^^^^^^^^^^
  File "/home/maxosss/.local/share/pipx/venvs/bbot/lib64/python3.14/site-packages/httpx/_client.py", line 1629, in send
    response = await self._send_handling_auth(
               ^^^^^^^^^^^^^^^^^^^^^^^^^^^^^^^
    ...<4 lines>...
    )
    ^
  File "/home/maxosss/.local/share/pipx/venvs/bbot/lib64/python3.14/site-packages/httpx/_client.py", line 1657, in _send_handling_auth
    response = await self._send_handling_redirects(
               ^^^^^^^^^^^^^^^^^^^^^^^^^^^^^^^^^^^^
    ...<3 lines>...
    )
    ^
  File "/home/maxosss/.local/share/pipx/venvs/bbot/lib64/python3.14/site-packages/httpx/_client.py", line 1694, in _send_handling_redirects
    response = await self._send_single_request(request)
               ^^^^^^^^^^^^^^^^^^^^^^^^^^^^^^^^^^^^^^^^
  File "/home/maxosss/.local/share/pipx/venvs/bbot/lib64/python3.14/site-packages/httpx/_client.py", line 1730, in _send_single_request
    response = await transport.handle_async_request(request)
               ^^^^^^^^^^^^^^^^^^^^^^^^^^^^^^^^^^^^^^^^^^^^^
  File "/home/maxosss/.local/share/pipx/venvs/bbot/lib64/python3.14/site-packages/httpx/_transports/default.py", line 394, in handle_async_request
    resp = await self._pool.handle_async_request(req)
           ^^^^^^^^^^^^^^^^^^^^^^^^^^^^^^^^^^^^^^^^^^
  File "/home/maxosss/.local/share/pipx/venvs/bbot/lib64/python3.14/site-packages/httpcore/_async/connection_pool.py", line 256, in handle_async_request
    raise exc from None
  File "/home/maxosss/.local/share/pipx/venvs/bbot/lib64/python3.14/site-packages/httpcore/_async/connection_pool.py", line 236, in handle_async_request
    response = await connection.handle_async_request(
               ^^^^^^^^^^^^^^^^^^^^^^^^^^^^^^^^^^^^^^
        pool_request.request
        ^^^^^^^^^^^^^^^^^^^^
    )
    ^
  File "/home/maxosss/.local/share/pipx/venvs/bbot/lib64/python3.14/site-packages/httpcore/_async/connection.py", line 101, in handle_async_request
    raise exc
  File "/home/maxosss/.local/share/pipx/venvs/bbot/lib64/python3.14/site-packages/httpcore/_async/connection.py", line 78, in handle_async_request
    stream = await self._connect(request)
             ^^^^^^^^^^^^^^^^^^^^^^^^^^^^
  File "/home/maxosss/.local/share/pipx/venvs/bbot/lib64/python3.14/site-packages/httpcore/_async/connection.py", line 124, in _connect
    stream = await self._network_backend.connect_tcp(**kwargs)
             ^^^^^^^^^^^^^^^^^^^^^^^^^^^^^^^^^^^^^^^^^^^^^^^^^
  File "/home/maxosss/.local/share/pipx/venvs/bbot/lib64/python3.14/site-packages/httpcore/_backends/auto.py", line 31, in connect_tcp
    return await self._backend.connect_tcp(
           ^^^^^^^^^^^^^^^^^^^^^^^^^^^^^^^^
    ...<5 lines>...
    )
    ^
  File "/home/maxosss/.local/share/pipx/venvs/bbot/lib64/python3.14/site-packages/httpcore/_backends/anyio.py", line 115, in connect_tcp
    stream: anyio.abc.ByteStream = await anyio.connect_tcp(
                                   ^^^^^^^^^^^^^^^^^^^^^^^^
    ...<3 lines>...
    )
    ^
  File "/home/maxosss/.local/share/pipx/venvs/bbot/lib64/python3.14/site-packages/anyio/_core/_sockets.py", line 215, in connect_tcp
    gai_res = await getaddrinfo(
              ^^^^^^^^^^^^^^^^^^
        target_host, remote_port, family=family, type=socket.SOCK_STREAM
        ^^^^^^^^^^^^^^^^^^^^^^^^^^^^^^^^^^^^^^^^^^^^^^^^^^^^^^^^^^^^^^^^
    )
    ^
  File "/home/maxosss/.local/share/pipx/venvs/bbot/lib64/python3.14/site-packages/anyio/_core/_sockets.py", line 649, in getaddrinfo
    gai_res = await get_async_backend().getaddrinfo(
              ^^^^^^^^^^^^^^^^^^^^^^^^^^^^^^^^^^^^^^
        encoded_host, port, family=family, type=type, proto=proto, flags=flags
        ^^^^^^^^^^^^^^^^^^^^^^^^^^^^^^^^^^^^^^^^^^^^^^^^^^^^^^^^^^^^^^^^^^^^^^
    )
    ^
  File "/home/maxosss/.local/share/pipx/venvs/bbot/lib64/python3.14/site-packages/anyio/_backends/_asyncio.py", line 2759, in getaddrinfo
    return await get_running_loop().getaddrinfo(
           ^^^^^^^^^^^^^^^^^^^^^^^^^^^^^^^^^^^^^
        host, port, family=family, type=type, proto=proto, flags=flags
        ^^^^^^^^^^^^^^^^^^^^^^^^^^^^^^^^^^^^^^^^^^^^^^^^^^^^^^^^^^^^^^
    )
    ^
  File "/usr/lib64/python3.14/asyncio/base_events.py", line 936, in getaddrinfo
    return await self.run_in_executor(
           ^^^^^^^^^^^^^^^^^^^^^^^^^^^
        None, getaddr_func, host, port, family, type, proto, flags)
        ^^^^^^^^^^^^^^^^^^^^^^^^^^^^^^^^^^^^^^^^^^^^^^^^^^^^^^^^^^^
asyncio.exceptions.CancelledError

2025-12-12 14:00:13,363 [TRACE] bbot.core.dnsengine logger.py:151 Traceback (most recent call last):
  File "/home/maxosss/.local/share/pipx/venvs/bbot/lib64/python3.14/site-packages/bbot/core/helpers/dns/engine.py", line 161, in resolve_raw
    return await self._resolve_hostname(query, rdtype=rdtype, **kwargs)
           ^^^^^^^^^^^^^^^^^^^^^^^^^^^^^^^^^^^^^^^^^^^^^^^^^^^^^^^^^^^^
  File "/home/maxosss/.local/share/pipx/venvs/bbot/lib64/python3.14/site-packages/bbot/core/helpers/dns/engine.py", line 226, in _resolve_hostname
    results = await self._catch(self.resolver.resolve, query, **kwargs)
              ^^^^^^^^^^^^^^^^^^^^^^^^^^^^^^^^^^^^^^^^^^^^^^^^^^^^^^^^^
  File "/home/maxosss/.local/share/pipx/venvs/bbot/lib64/python3.14/site-packages/bbot/core/helpers/dns/engine.py", line 381, in _catch
    return await callback(*args, **kwargs)
           ^^^^^^^^^^^^^^^^^^^^^^^^^^^^^^^
  File "/home/maxosss/.local/share/pipx/venvs/bbot/lib64/python3.14/site-packages/dns/asyncresolver.py", line 91, in resolve
    response = await nameserver.async_query(
               ^^^^^^^^^^^^^^^^^^^^^^^^^^^^^
    ...<6 lines>...
    )
    ^
  File "/home/maxosss/.local/share/pipx/venvs/bbot/lib64/python3.14/site-packages/dns/nameserver.py", line 147, in async_query
    response = await dns.asyncquery.udp(
               ^^^^^^^^^^^^^^^^^^^^^^^^^
    ...<12 lines>...
    )
    ^
  File "/home/maxosss/.local/share/pipx/venvs/bbot/lib64/python3.14/site-packages/dns/asyncquery.py", line 223, in udp
    (r, received_time, _) = await receive_udp(
                            ^^^^^^^^^^^^^^^^^^
    ...<11 lines>...
    )
    ^
  File "/home/maxosss/.local/share/pipx/venvs/bbot/lib64/python3.14/site-packages/dns/asyncquery.py", line 143, in receive_udp
    (wire, from_address) = await sock.recvfrom(65535, _timeout(expiration))
                           ^^^^^^^^^^^^^^^^^^^^^^^^^^^^^^^^^^^^^^^^^^^^^^^^
  File "/home/maxosss/.local/share/pipx/venvs/bbot/lib64/python3.14/site-packages/dns/_asyncio_backend.py", line 82, in recvfrom
    await _maybe_wait_for(done, timeout)
  File "/home/maxosss/.local/share/pipx/venvs/bbot/lib64/python3.14/site-packages/dns/_asyncio_backend.py", line 58, in _maybe_wait_for
    return await asyncio.wait_for(awaitable, timeout)
           ^^^^^^^^^^^^^^^^^^^^^^^^^^^^^^^^^^^^^^^^^^
  File "/usr/lib64/python3.14/asyncio/tasks.py", line 488, in wait_for
    return await fut
           ^^^^^^^^^
asyncio.exceptions.CancelledError

2025-12-12 14:00:13,364 [TRACE] bbot.core.dnsengine logger.py:151 Traceback (most recent call last):
  File "/home/maxosss/.local/share/pipx/venvs/bbot/lib64/python3.14/site-packages/bbot/core/engine.py", line 417, in run_and_return
    result = await command_fn(*args, **kwargs)
             ^^^^^^^^^^^^^^^^^^^^^^^^^^^^^^^^^
  File "/home/maxosss/.local/share/pipx/venvs/bbot/lib64/python3.14/site-packages/bbot/core/helpers/dns/engine.py", line 161, in resolve_raw
    return await self._resolve_hostname(query, rdtype=rdtype, **kwargs)
           ^^^^^^^^^^^^^^^^^^^^^^^^^^^^^^^^^^^^^^^^^^^^^^^^^^^^^^^^^^^^
  File "/home/maxosss/.local/share/pipx/venvs/bbot/lib64/python3.14/site-packages/bbot/core/helpers/dns/engine.py", line 226, in _resolve_hostname
    results = await self._catch(self.resolver.resolve, query, **kwargs)
              ^^^^^^^^^^^^^^^^^^^^^^^^^^^^^^^^^^^^^^^^^^^^^^^^^^^^^^^^^
  File "/home/maxosss/.local/share/pipx/venvs/bbot/lib64/python3.14/site-packages/bbot/core/helpers/dns/engine.py", line 381, in _catch
    return await callback(*args, **kwargs)
           ^^^^^^^^^^^^^^^^^^^^^^^^^^^^^^^
  File "/home/maxosss/.local/share/pipx/venvs/bbot/lib64/python3.14/site-packages/dns/asyncresolver.py", line 91, in resolve
    response = await nameserver.async_query(
               ^^^^^^^^^^^^^^^^^^^^^^^^^^^^^
    ...<6 lines>...
    )
    ^
  File "/home/maxosss/.local/share/pipx/venvs/bbot/lib64/python3.14/site-packages/dns/nameserver.py", line 147, in async_query
    response = await dns.asyncquery.udp(
               ^^^^^^^^^^^^^^^^^^^^^^^^^
    ...<12 lines>...
    )
    ^
  File "/home/maxosss/.local/share/pipx/venvs/bbot/lib64/python3.14/site-packages/dns/asyncquery.py", line 223, in udp
    (r, received_time, _) = await receive_udp(
                            ^^^^^^^^^^^^^^^^^^
    ...<11 lines>...
    )
    ^
  File "/home/maxosss/.local/share/pipx/venvs/bbot/lib64/python3.14/site-packages/dns/asyncquery.py", line 143, in receive_udp
    (wire, from_address) = await sock.recvfrom(65535, _timeout(expiration))
                           ^^^^^^^^^^^^^^^^^^^^^^^^^^^^^^^^^^^^^^^^^^^^^^^^
  File "/home/maxosss/.local/share/pipx/venvs/bbot/lib64/python3.14/site-packages/dns/_asyncio_backend.py", line 82, in recvfrom
    await _maybe_wait_for(done, timeout)
  File "/home/maxosss/.local/share/pipx/venvs/bbot/lib64/python3.14/site-packages/dns/_asyncio_backend.py", line 58, in _maybe_wait_for
    return await asyncio.wait_for(awaitable, timeout)
           ^^^^^^^^^^^^^^^^^^^^^^^^^^^^^^^^^^^^^^^^^^
  File "/usr/lib64/python3.14/asyncio/tasks.py", line 488, in wait_for
    return await fut
           ^^^^^^^^^
asyncio.exceptions.CancelledError

2025-12-12 14:00:13,365 [TRACE] bbot.core.dnsengine logger.py:151 Traceback (most recent call last):
  File "/home/maxosss/.local/share/pipx/venvs/bbot/lib64/python3.14/site-packages/bbot/core/engine.py", line 446, in run_and_yield
    async for _ in command_fn(*args, **kwargs):
        self.engine_debug(f"{self.name}: sending iteration for {fn_str}: {_}")
        await self.send_socket_multipart(client_id, _)
  File "/home/maxosss/.local/share/pipx/venvs/bbot/lib64/python3.14/site-packages/bbot/core/helpers/dns/engine.py", line 354, in resolve_raw_batch
    async for (args, kwargs, _), (answers, errors) in self.task_pool(
    ...<4 lines>...
        yield ((query, rdtype), (answers, errors))
  File "/home/maxosss/.local/share/pipx/venvs/bbot/lib64/python3.14/site-packages/bbot/core/engine.py", line 600, in task_pool
    finished = await self.finished_tasks(tasks, timeout=timeout)
               ^^^^^^^^^^^^^^^^^^^^^^^^^^^^^^^^^^^^^^^^^^^^^^^^^
  File "/home/maxosss/.local/share/pipx/venvs/bbot/lib64/python3.14/site-packages/bbot/core/engine.py", line 639, in finished_tasks
    done, _ = await asyncio.wait(tasks, return_when=asyncio.FIRST_COMPLETED, timeout=timeout)
              ^^^^^^^^^^^^^^^^^^^^^^^^^^^^^^^^^^^^^^^^^^^^^^^^^^^^^^^^^^^^^^^^^^^^^^^^^^^^^^^
  File "/usr/lib64/python3.14/asyncio/tasks.py", line 432, in wait
    return await _wait(fs, timeout, return_when, loop)
           ^^^^^^^^^^^^^^^^^^^^^^^^^^^^^^^^^^^^^^^^^^^
  File "/usr/lib64/python3.14/asyncio/tasks.py", line 521, in _wait
    await waiter
asyncio.exceptions.CancelledError

2025-12-12 14:00:13,366 [TRACE] bbot.core.dnsengine logger.py:151 Caught exception in resolve_raw(photos.google.com, {}):
2025-12-12 14:00:13,367 [TRACE] bbot.core.dnsengine logger.py:151 Traceback (most recent call last):
  File "/home/maxosss/.local/share/pipx/venvs/bbot/lib64/python3.14/site-packages/bbot/core/helpers/dns/engine.py", line 161, in resolve_raw
    return await self._resolve_hostname(query, rdtype=rdtype, **kwargs)
           ^^^^^^^^^^^^^^^^^^^^^^^^^^^^^^^^^^^^^^^^^^^^^^^^^^^^^^^^^^^^
  File "/home/maxosss/.local/share/pipx/venvs/bbot/lib64/python3.14/site-packages/bbot/core/helpers/dns/engine.py", line 226, in _resolve_hostname
    results = await self._catch(self.resolver.resolve, query, **kwargs)
              ^^^^^^^^^^^^^^^^^^^^^^^^^^^^^^^^^^^^^^^^^^^^^^^^^^^^^^^^^
  File "/home/maxosss/.local/share/pipx/venvs/bbot/lib64/python3.14/site-packages/bbot/core/helpers/dns/engine.py", line 381, in _catch
    return await callback(*args, **kwargs)
           ^^^^^^^^^^^^^^^^^^^^^^^^^^^^^^^
  File "/home/maxosss/.local/share/pipx/venvs/bbot/lib64/python3.14/site-packages/dns/asyncresolver.py", line 91, in resolve
    response = await nameserver.async_query(
               ^^^^^^^^^^^^^^^^^^^^^^^^^^^^^
    ...<6 lines>...
    )
    ^
  File "/home/maxosss/.local/share/pipx/venvs/bbot/lib64/python3.14/site-packages/dns/nameserver.py", line 147, in async_query
    response = await dns.asyncquery.udp(
               ^^^^^^^^^^^^^^^^^^^^^^^^^
    ...<12 lines>...
    )
    ^
  File "/home/maxosss/.local/share/pipx/venvs/bbot/lib64/python3.14/site-packages/dns/asyncquery.py", line 223, in udp
    (r, received_time, _) = await receive_udp(
                            ^^^^^^^^^^^^^^^^^^
    ...<11 lines>...
    )
    ^
  File "/home/maxosss/.local/share/pipx/venvs/bbot/lib64/python3.14/site-packages/dns/asyncquery.py", line 143, in receive_udp
    (wire, from_address) = await sock.recvfrom(65535, _timeout(expiration))
                           ^^^^^^^^^^^^^^^^^^^^^^^^^^^^^^^^^^^^^^^^^^^^^^^^
  File "/home/maxosss/.local/share/pipx/venvs/bbot/lib64/python3.14/site-packages/dns/_asyncio_backend.py", line 82, in recvfrom
    await _maybe_wait_for(done, timeout)
  File "/home/maxosss/.local/share/pipx/venvs/bbot/lib64/python3.14/site-packages/dns/_asyncio_backend.py", line 58, in _maybe_wait_for
    return await asyncio.wait_for(awaitable, timeout)
           ^^^^^^^^^^^^^^^^^^^^^^^^^^^^^^^^^^^^^^^^^^
  File "/usr/lib64/python3.14/asyncio/tasks.py", line 488, in wait_for
    return await fut
           ^^^^^^^^^
asyncio.exceptions.CancelledError

2025-12-12 14:00:13,367 [TRACE] bbot.core.dnsengine logger.py:151 Caught exception in resolve_raw(photos.google.com, {}):
2025-12-12 14:00:13,368 [TRACE] bbot.core.dnsengine logger.py:151 Traceback (most recent call last):
  File "/home/maxosss/.local/share/pipx/venvs/bbot/lib64/python3.14/site-packages/bbot/core/helpers/dns/engine.py", line 161, in resolve_raw
    return await self._resolve_hostname(query, rdtype=rdtype, **kwargs)
           ^^^^^^^^^^^^^^^^^^^^^^^^^^^^^^^^^^^^^^^^^^^^^^^^^^^^^^^^^^^^
  File "/home/maxosss/.local/share/pipx/venvs/bbot/lib64/python3.14/site-packages/bbot/core/helpers/dns/engine.py", line 226, in _resolve_hostname
    results = await self._catch(self.resolver.resolve, query, **kwargs)
              ^^^^^^^^^^^^^^^^^^^^^^^^^^^^^^^^^^^^^^^^^^^^^^^^^^^^^^^^^
  File "/home/maxosss/.local/share/pipx/venvs/bbot/lib64/python3.14/site-packages/bbot/core/helpers/dns/engine.py", line 381, in _catch
    return await callback(*args, **kwargs)
           ^^^^^^^^^^^^^^^^^^^^^^^^^^^^^^^
  File "/home/maxosss/.local/share/pipx/venvs/bbot/lib64/python3.14/site-packages/dns/asyncresolver.py", line 91, in resolve
    response = await nameserver.async_query(
               ^^^^^^^^^^^^^^^^^^^^^^^^^^^^^
    ...<6 lines>...
    )
    ^
  File "/home/maxosss/.local/share/pipx/venvs/bbot/lib64/python3.14/site-packages/dns/nameserver.py", line 147, in async_query
    response = await dns.asyncquery.udp(
               ^^^^^^^^^^^^^^^^^^^^^^^^^
    ...<12 lines>...
    )
    ^
  File "/home/maxosss/.local/share/pipx/venvs/bbot/lib64/python3.14/site-packages/dns/asyncquery.py", line 223, in udp
    (r, received_time, _) = await receive_udp(
                            ^^^^^^^^^^^^^^^^^^
    ...<11 lines>...
    )
    ^
  File "/home/maxosss/.local/share/pipx/venvs/bbot/lib64/python3.14/site-packages/dns/asyncquery.py", line 143, in receive_udp
    (wire, from_address) = await sock.recvfrom(65535, _timeout(expiration))
                           ^^^^^^^^^^^^^^^^^^^^^^^^^^^^^^^^^^^^^^^^^^^^^^^^
  File "/home/maxosss/.local/share/pipx/venvs/bbot/lib64/python3.14/site-packages/dns/_asyncio_backend.py", line 82, in recvfrom
    await _maybe_wait_for(done, timeout)
  File "/home/maxosss/.local/share/pipx/venvs/bbot/lib64/python3.14/site-packages/dns/_asyncio_backend.py", line 58, in _maybe_wait_for
    return await asyncio.wait_for(awaitable, timeout)
           ^^^^^^^^^^^^^^^^^^^^^^^^^^^^^^^^^^^^^^^^^^
  File "/usr/lib64/python3.14/asyncio/tasks.py", line 488, in wait_for
    return await fut
           ^^^^^^^^^
asyncio.exceptions.CancelledError

2025-12-12 14:00:13,368 [TRACE] bbot.core.dnsengine logger.py:151 Caught exception in resolve_raw(photos.google.com, {}):
2025-12-12 14:00:13,368 [TRACE] bbot.core.dnsengine logger.py:151 Traceback (most recent call last):
  File "/home/maxosss/.local/share/pipx/venvs/bbot/lib64/python3.14/site-packages/bbot/core/helpers/dns/engine.py", line 161, in resolve_raw
    return await self._resolve_hostname(query, rdtype=rdtype, **kwargs)
           ^^^^^^^^^^^^^^^^^^^^^^^^^^^^^^^^^^^^^^^^^^^^^^^^^^^^^^^^^^^^
  File "/home/maxosss/.local/share/pipx/venvs/bbot/lib64/python3.14/site-packages/bbot/core/helpers/dns/engine.py", line 226, in _resolve_hostname
    results = await self._catch(self.resolver.resolve, query, **kwargs)
              ^^^^^^^^^^^^^^^^^^^^^^^^^^^^^^^^^^^^^^^^^^^^^^^^^^^^^^^^^
  File "/home/maxosss/.local/share/pipx/venvs/bbot/lib64/python3.14/site-packages/bbot/core/helpers/dns/engine.py", line 381, in _catch
    return await callback(*args, **kwargs)
           ^^^^^^^^^^^^^^^^^^^^^^^^^^^^^^^
  File "/home/maxosss/.local/share/pipx/venvs/bbot/lib64/python3.14/site-packages/dns/asyncresolver.py", line 91, in resolve
    response = await nameserver.async_query(
               ^^^^^^^^^^^^^^^^^^^^^^^^^^^^^
    ...<6 lines>...
    )
    ^
  File "/home/maxosss/.local/share/pipx/venvs/bbot/lib64/python3.14/site-packages/dns/nameserver.py", line 147, in async_query
    response = await dns.asyncquery.udp(
               ^^^^^^^^^^^^^^^^^^^^^^^^^
    ...<12 lines>...
    )
    ^
  File "/home/maxosss/.local/share/pipx/venvs/bbot/lib64/python3.14/site-packages/dns/asyncquery.py", line 223, in udp
    (r, received_time, _) = await receive_udp(
                            ^^^^^^^^^^^^^^^^^^
    ...<11 lines>...
    )
    ^
  File "/home/maxosss/.local/share/pipx/venvs/bbot/lib64/python3.14/site-packages/dns/asyncquery.py", line 143, in receive_udp
    (wire, from_address) = await sock.recvfrom(65535, _timeout(expiration))
                           ^^^^^^^^^^^^^^^^^^^^^^^^^^^^^^^^^^^^^^^^^^^^^^^^
  File "/home/maxosss/.local/share/pipx/venvs/bbot/lib64/python3.14/site-packages/dns/_asyncio_backend.py", line 82, in recvfrom
    await _maybe_wait_for(done, timeout)
  File "/home/maxosss/.local/share/pipx/venvs/bbot/lib64/python3.14/site-packages/dns/_asyncio_backend.py", line 58, in _maybe_wait_for
    return await asyncio.wait_for(awaitable, timeout)
           ^^^^^^^^^^^^^^^^^^^^^^^^^^^^^^^^^^^^^^^^^^
  File "/usr/lib64/python3.14/asyncio/tasks.py", line 488, in wait_for
    return await fut
           ^^^^^^^^^
asyncio.exceptions.CancelledError

2025-12-12 14:00:13,368 [TRACE] bbot.core.dnsengine logger.py:151 Caught exception in resolve_raw(photos.google.com, {}):
2025-12-12 14:00:13,369 [TRACE] bbot.core.dnsengine logger.py:151 Traceback (most recent call last):
  File "/home/maxosss/.local/share/pipx/venvs/bbot/lib64/python3.14/site-packages/bbot/core/helpers/dns/engine.py", line 161, in resolve_raw
    return await self._resolve_hostname(query, rdtype=rdtype, **kwargs)
           ^^^^^^^^^^^^^^^^^^^^^^^^^^^^^^^^^^^^^^^^^^^^^^^^^^^^^^^^^^^^
  File "/home/maxosss/.local/share/pipx/venvs/bbot/lib64/python3.14/site-packages/bbot/core/helpers/dns/engine.py", line 226, in _resolve_hostname
    results = await self._catch(self.resolver.resolve, query, **kwargs)
              ^^^^^^^^^^^^^^^^^^^^^^^^^^^^^^^^^^^^^^^^^^^^^^^^^^^^^^^^^
  File "/home/maxosss/.local/share/pipx/venvs/bbot/lib64/python3.14/site-packages/bbot/core/helpers/dns/engine.py", line 381, in _catch
    return await callback(*args, **kwargs)
           ^^^^^^^^^^^^^^^^^^^^^^^^^^^^^^^
  File "/home/maxosss/.local/share/pipx/venvs/bbot/lib64/python3.14/site-packages/dns/asyncresolver.py", line 91, in resolve
    response = await nameserver.async_query(
               ^^^^^^^^^^^^^^^^^^^^^^^^^^^^^
    ...<6 lines>...
    )
    ^
  File "/home/maxosss/.local/share/pipx/venvs/bbot/lib64/python3.14/site-packages/dns/nameserver.py", line 147, in async_query
    response = await dns.asyncquery.udp(
               ^^^^^^^^^^^^^^^^^^^^^^^^^
    ...<12 lines>...
    )
    ^
  File "/home/maxosss/.local/share/pipx/venvs/bbot/lib64/python3.14/site-packages/dns/asyncquery.py", line 223, in udp
    (r, received_time, _) = await receive_udp(
                            ^^^^^^^^^^^^^^^^^^
    ...<11 lines>...
    )
    ^
  File "/home/maxosss/.local/share/pipx/venvs/bbot/lib64/python3.14/site-packages/dns/asyncquery.py", line 143, in receive_udp
    (wire, from_address) = await sock.recvfrom(65535, _timeout(expiration))
                           ^^^^^^^^^^^^^^^^^^^^^^^^^^^^^^^^^^^^^^^^^^^^^^^^
  File "/home/maxosss/.local/share/pipx/venvs/bbot/lib64/python3.14/site-packages/dns/_asyncio_backend.py", line 82, in recvfrom
    await _maybe_wait_for(done, timeout)
  File "/home/maxosss/.local/share/pipx/venvs/bbot/lib64/python3.14/site-packages/dns/_asyncio_backend.py", line 58, in _maybe_wait_for
    return await asyncio.wait_for(awaitable, timeout)
           ^^^^^^^^^^^^^^^^^^^^^^^^^^^^^^^^^^^^^^^^^^
  File "/usr/lib64/python3.14/asyncio/tasks.py", line 488, in wait_for
    return await fut
           ^^^^^^^^^
asyncio.exceptions.CancelledError

2025-12-12 14:00:13,369 [TRACE] bbot.core.dnsengine logger.py:151 Caught exception in resolve_raw(photos.google.com, {}):
2025-12-12 14:00:13,370 [TRACE] bbot.core.dnsengine logger.py:151 Traceback (most recent call last):
  File "/home/maxosss/.local/share/pipx/venvs/bbot/lib64/python3.14/site-packages/bbot/core/helpers/dns/engine.py", line 161, in resolve_raw
    return await self._resolve_hostname(query, rdtype=rdtype, **kwargs)
           ^^^^^^^^^^^^^^^^^^^^^^^^^^^^^^^^^^^^^^^^^^^^^^^^^^^^^^^^^^^^
  File "/home/maxosss/.local/share/pipx/venvs/bbot/lib64/python3.14/site-packages/bbot/core/helpers/dns/engine.py", line 226, in _resolve_hostname
    results = await self._catch(self.resolver.resolve, query, **kwargs)
              ^^^^^^^^^^^^^^^^^^^^^^^^^^^^^^^^^^^^^^^^^^^^^^^^^^^^^^^^^
  File "/home/maxosss/.local/share/pipx/venvs/bbot/lib64/python3.14/site-packages/bbot/core/helpers/dns/engine.py", line 381, in _catch
    return await callback(*args, **kwargs)
           ^^^^^^^^^^^^^^^^^^^^^^^^^^^^^^^
  File "/home/maxosss/.local/share/pipx/venvs/bbot/lib64/python3.14/site-packages/dns/asyncresolver.py", line 91, in resolve
    response = await nameserver.async_query(
               ^^^^^^^^^^^^^^^^^^^^^^^^^^^^^
    ...<6 lines>...
    )
    ^
  File "/home/maxosss/.local/share/pipx/venvs/bbot/lib64/python3.14/site-packages/dns/nameserver.py", line 147, in async_query
    response = await dns.asyncquery.udp(
               ^^^^^^^^^^^^^^^^^^^^^^^^^
    ...<12 lines>...
    )
    ^
  File "/home/maxosss/.local/share/pipx/venvs/bbot/lib64/python3.14/site-packages/dns/asyncquery.py", line 223, in udp
    (r, received_time, _) = await receive_udp(
                            ^^^^^^^^^^^^^^^^^^
    ...<11 lines>...
    )
    ^
  File "/home/maxosss/.local/share/pipx/venvs/bbot/lib64/python3.14/site-packages/dns/asyncquery.py", line 143, in receive_udp
    (wire, from_address) = await sock.recvfrom(65535, _timeout(expiration))
                           ^^^^^^^^^^^^^^^^^^^^^^^^^^^^^^^^^^^^^^^^^^^^^^^^
  File "/home/maxosss/.local/share/pipx/venvs/bbot/lib64/python3.14/site-packages/dns/_asyncio_backend.py", line 82, in recvfrom
    await _maybe_wait_for(done, timeout)
  File "/home/maxosss/.local/share/pipx/venvs/bbot/lib64/python3.14/site-packages/dns/_asyncio_backend.py", line 58, in _maybe_wait_for
    return await asyncio.wait_for(awaitable, timeout)
           ^^^^^^^^^^^^^^^^^^^^^^^^^^^^^^^^^^^^^^^^^^
  File "/usr/lib64/python3.14/asyncio/tasks.py", line 488, in wait_for
    return await fut
           ^^^^^^^^^
asyncio.exceptions.CancelledError

2025-12-12 14:00:13,371 [TRACE] bbot.core.dnsengine logger.py:151 Traceback (most recent call last):
  File "/home/maxosss/.local/share/pipx/venvs/bbot/lib64/python3.14/site-packages/bbot/core/engine.py", line 446, in run_and_yield
    async for _ in command_fn(*args, **kwargs):
        self.engine_debug(f"{self.name}: sending iteration for {fn_str}: {_}")
        await self.send_socket_multipart(client_id, _)
  File "/home/maxosss/.local/share/pipx/venvs/bbot/lib64/python3.14/site-packages/bbot/core/helpers/dns/engine.py", line 354, in resolve_raw_batch
    async for (args, kwargs, _), (answers, errors) in self.task_pool(
    ...<4 lines>...
        yield ((query, rdtype), (answers, errors))
  File "/home/maxosss/.local/share/pipx/venvs/bbot/lib64/python3.14/site-packages/bbot/core/engine.py", line 600, in task_pool
    finished = await self.finished_tasks(tasks, timeout=timeout)
               ^^^^^^^^^^^^^^^^^^^^^^^^^^^^^^^^^^^^^^^^^^^^^^^^^
  File "/home/maxosss/.local/share/pipx/venvs/bbot/lib64/python3.14/site-packages/bbot/core/engine.py", line 639, in finished_tasks
    done, _ = await asyncio.wait(tasks, return_when=asyncio.FIRST_COMPLETED, timeout=timeout)
              ^^^^^^^^^^^^^^^^^^^^^^^^^^^^^^^^^^^^^^^^^^^^^^^^^^^^^^^^^^^^^^^^^^^^^^^^^^^^^^^
  File "/usr/lib64/python3.14/asyncio/tasks.py", line 432, in wait
    return await _wait(fs, timeout, return_when, loop)
           ^^^^^^^^^^^^^^^^^^^^^^^^^^^^^^^^^^^^^^^^^^^
  File "/usr/lib64/python3.14/asyncio/tasks.py", line 521, in _wait
    await waiter
asyncio.exceptions.CancelledError

2025-12-12 14:00:13,371 [TRACE] bbot.core.dnsengine logger.py:151 Caught exception in resolve_raw(2a00:1450:4010:c05::98, {}):
2025-12-12 14:00:13,371 [TRACE] bbot.core.dnsengine logger.py:151 Traceback (most recent call last):
  File "/home/maxosss/.local/share/pipx/venvs/bbot/lib64/python3.14/site-packages/bbot/core/helpers/dns/engine.py", line 159, in resolve_raw
    return await self._resolve_ip(query, **kwargs)
           ^^^^^^^^^^^^^^^^^^^^^^^^^^^^^^^^^^^^^^^
  File "/home/maxosss/.local/share/pipx/venvs/bbot/lib64/python3.14/site-packages/bbot/core/helpers/dns/engine.py", line 301, in _resolve_ip
    results = await self._catch(self.resolver.resolve_address, query, **kwargs)
              ^^^^^^^^^^^^^^^^^^^^^^^^^^^^^^^^^^^^^^^^^^^^^^^^^^^^^^^^^^^^^^^^^
  File "/home/maxosss/.local/share/pipx/venvs/bbot/lib64/python3.14/site-packages/bbot/core/helpers/dns/engine.py", line 381, in _catch
    return await callback(*args, **kwargs)
           ^^^^^^^^^^^^^^^^^^^^^^^^^^^^^^^
  File "/home/maxosss/.local/share/pipx/venvs/bbot/lib64/python3.14/site-packages/dns/asyncresolver.py", line 134, in resolve_address
    return await self.resolve(
           ^^^^^^^^^^^^^^^^^^^
        dns.reversename.from_address(ipaddr), *args, **modified_kwargs
        ^^^^^^^^^^^^^^^^^^^^^^^^^^^^^^^^^^^^^^^^^^^^^^^^^^^^^^^^^^^^^^
    )
    ^
  File "/home/maxosss/.local/share/pipx/venvs/bbot/lib64/python3.14/site-packages/dns/asyncresolver.py", line 91, in resolve
    response = await nameserver.async_query(
               ^^^^^^^^^^^^^^^^^^^^^^^^^^^^^
    ...<6 lines>...
    )
    ^
  File "/home/maxosss/.local/share/pipx/venvs/bbot/lib64/python3.14/site-packages/dns/nameserver.py", line 147, in async_query
    response = await dns.asyncquery.udp(
               ^^^^^^^^^^^^^^^^^^^^^^^^^
    ...<12 lines>...
    )
    ^
  File "/home/maxosss/.local/share/pipx/venvs/bbot/lib64/python3.14/site-packages/dns/asyncquery.py", line 223, in udp
    (r, received_time, _) = await receive_udp(
                            ^^^^^^^^^^^^^^^^^^
    ...<11 lines>...
    )
    ^
  File "/home/maxosss/.local/share/pipx/venvs/bbot/lib64/python3.14/site-packages/dns/asyncquery.py", line 143, in receive_udp
    (wire, from_address) = await sock.recvfrom(65535, _timeout(expiration))
                           ^^^^^^^^^^^^^^^^^^^^^^^^^^^^^^^^^^^^^^^^^^^^^^^^
  File "/home/maxosss/.local/share/pipx/venvs/bbot/lib64/python3.14/site-packages/dns/_asyncio_backend.py", line 82, in recvfrom
    await _maybe_wait_for(done, timeout)
  File "/home/maxosss/.local/share/pipx/venvs/bbot/lib64/python3.14/site-packages/dns/_asyncio_backend.py", line 58, in _maybe_wait_for
    return await asyncio.wait_for(awaitable, timeout)
           ^^^^^^^^^^^^^^^^^^^^^^^^^^^^^^^^^^^^^^^^^^
  File "/usr/lib64/python3.14/asyncio/tasks.py", line 488, in wait_for
    return await fut
           ^^^^^^^^^
asyncio.exceptions.CancelledError

2025-12-12 14:00:13,372 [TRACE] bbot.core.dnsengine logger.py:151 Traceback (most recent call last):
  File "/home/maxosss/.local/share/pipx/venvs/bbot/lib64/python3.14/site-packages/bbot/core/engine.py", line 446, in run_and_yield
    async for _ in command_fn(*args, **kwargs):
        self.engine_debug(f"{self.name}: sending iteration for {fn_str}: {_}")
        await self.send_socket_multipart(client_id, _)
  File "/home/maxosss/.local/share/pipx/venvs/bbot/lib64/python3.14/site-packages/bbot/core/helpers/dns/engine.py", line 354, in resolve_raw_batch
    async for (args, kwargs, _), (answers, errors) in self.task_pool(
    ...<4 lines>...
        yield ((query, rdtype), (answers, errors))
  File "/home/maxosss/.local/share/pipx/venvs/bbot/lib64/python3.14/site-packages/bbot/core/engine.py", line 600, in task_pool
    finished = await self.finished_tasks(tasks, timeout=timeout)
               ^^^^^^^^^^^^^^^^^^^^^^^^^^^^^^^^^^^^^^^^^^^^^^^^^
  File "/home/maxosss/.local/share/pipx/venvs/bbot/lib64/python3.14/site-packages/bbot/core/engine.py", line 639, in finished_tasks
    done, _ = await asyncio.wait(tasks, return_when=asyncio.FIRST_COMPLETED, timeout=timeout)
              ^^^^^^^^^^^^^^^^^^^^^^^^^^^^^^^^^^^^^^^^^^^^^^^^^^^^^^^^^^^^^^^^^^^^^^^^^^^^^^^
  File "/usr/lib64/python3.14/asyncio/tasks.py", line 432, in wait
    return await _wait(fs, timeout, return_when, loop)
           ^^^^^^^^^^^^^^^^^^^^^^^^^^^^^^^^^^^^^^^^^^^
  File "/usr/lib64/python3.14/asyncio/tasks.py", line 521, in _wait
    await waiter
asyncio.exceptions.CancelledError

2025-12-12 14:00:13,372 [TRACE] bbot.core.dnsengine logger.py:151 Caught exception in resolve_raw(64.233.162.98, {}):
2025-12-12 14:00:13,383 [TRACE] bbot.modules.dnsresolve logger.py:151 Worker stopped
2025-12-12 14:00:13,384 [TRACE] bbot.modules.dnsresolve logger.py:151 Worker stopped
2025-12-12 14:00:13,384 [TRACE] bbot.modules.dnsresolve logger.py:151 Worker stopped
2025-12-12 14:00:13,384 [TRACE] bbot.modules.dnsresolve logger.py:151 Worker stopped
2025-12-12 14:00:13,384 [TRACE] bbot.modules.dnsresolve logger.py:151 Worker stopped
2025-12-12 14:00:13,384 [TRACE] bbot.modules.dnsresolve logger.py:151 Worker stopped
2025-12-12 14:00:13,385 [TRACE] bbot.modules.dnsresolve logger.py:151 Worker stopped
2025-12-12 14:00:13,385 [TRACE] bbot.modules.dnsresolve logger.py:151 Worker stopped
2025-12-12 14:00:13,385 [TRACE] bbot.modules.dnsresolve logger.py:151 Worker stopped
2025-12-12 14:00:13,385 [TRACE] bbot.modules.dnsresolve logger.py:151 Worker stopped
2025-12-12 14:00:13,385 [TRACE] bbot.modules.dnsresolve logger.py:151 Worker stopped
2025-12-12 14:00:13,385 [TRACE] bbot.modules.dnsresolve logger.py:151 Worker stopped
2025-12-12 14:00:13,385 [TRACE] bbot.modules.dnsresolve logger.py:151 Worker stopped
2025-12-12 14:00:13,386 [TRACE] bbot.modules.dnsresolve logger.py:151 Worker stopped
2025-12-12 14:00:13,386 [TRACE] bbot.modules.dnsresolve logger.py:151 Worker stopped
2025-12-12 14:00:13,386 [TRACE] bbot.modules.dnsresolve logger.py:151 Worker stopped
2025-12-12 14:00:13,386 [TRACE] bbot.modules.dnsresolve logger.py:151 Worker stopped
2025-12-12 14:00:13,386 [TRACE] bbot.modules.dnsresolve logger.py:151 Worker stopped
2025-12-12 14:00:13,386 [TRACE] bbot.modules.dnsresolve logger.py:151 Worker stopped
2025-12-12 14:00:13,386 [TRACE] bbot.modules.dnsresolve logger.py:151 Worker stopped
2025-12-12 14:00:13,386 [TRACE] bbot.modules.dnsresolve logger.py:151 Worker stopped
2025-12-12 14:00:13,386 [TRACE] bbot.modules.dnsresolve logger.py:151 Worker stopped
2025-12-12 14:00:13,387 [TRACE] bbot.modules.dnsresolve logger.py:151 Worker stopped
2025-12-12 14:00:13,387 [TRACE] bbot.modules.dnsresolve logger.py:151 Worker stopped
2025-12-12 14:00:13,387 [TRACE] bbot.modules.dnsresolve logger.py:151 Worker stopped
2025-12-12 14:00:13,388 [TRACE] bbot.modules.sslcert logger.py:151 Worker stopped
2025-12-12 14:00:13,388 [TRACE] bbot.modules.crt_db logger.py:151 Worker stopped
2025-12-12 14:00:13,389 [TRACE] bbot.modules.dnsbrute logger.py:151 Worker stopped
2025-12-12 14:00:13,389 [TRACE] bbot.modules.dnscommonsrv logger.py:151 Worker stopped
2025-12-12 14:00:13,492 [TRACE] bbot.modules.asn logger.py:151 Worker stopped
2025-12-12 14:00:13,594 [TRACE] bbot.modules.dnsbimi logger.py:151 Worker stopped
2025-12-12 14:00:13,695 [TRACE] bbot.modules.dnscaa logger.py:151 Worker stopped
2025-12-12 14:00:13,797 [TRACE] bbot.modules.securitytxt logger.py:151 Worker stopped
2025-12-12 14:00:13,898 [TRACE] bbot.modules.shodan_idb logger.py:151 Worker stopped
2025-12-12 14:00:13,902 [INFO] bbot.modules.asn base.py:1533 +---------+---------------------+--------------+---------+---------------+-----------+
2025-12-12 14:00:13,902 [INFO] bbot.modules.asn base.py:1533 | ASN     | Subnet              | Host Count   | Name    | Description   | Country   |
2025-12-12 14:00:13,902 [INFO] bbot.modules.asn base.py:1533 +=========+=====================+==============+=========+===============+===========+
2025-12-12 14:00:13,902 [INFO] bbot.modules.asn base.py:1533 | AS15169 | 108.177.14.0/24     | 7            | GOOGLE  | Google LLC    | US        |
2025-12-12 14:00:13,902 [INFO] bbot.modules.asn base.py:1533 +---------+---------------------+--------------+---------+---------------+-----------+
2025-12-12 14:00:13,902 [INFO] bbot.modules.asn base.py:1533 | AS15169 | 2a00:1450:4010::/48 | 6            | GOOGLE  | Google LLC    | US        |
2025-12-12 14:00:13,902 [INFO] bbot.modules.asn base.py:1533 +---------+---------------------+--------------+---------+---------------+-----------+
2025-12-12 14:00:13,902 [INFO] bbot.modules.asn base.py:1533 | UNKNOWN | 0.0.0.0/32          | 2            | unknown | unknown       |           |
2025-12-12 14:00:13,902 [INFO] bbot.modules.asn base.py:1533 +---------+---------------------+--------------+---------+---------------+-----------+
2025-12-12 14:00:13,913 [INFO] bbot.modules.aggregate base.py:1533 +--------------------+-----------------------------------+------------------------------------------+
2025-12-12 14:00:13,914 [INFO] bbot.modules.aggregate base.py:1533 | Module             | Produced                          | Consumed                                 |
2025-12-12 14:00:13,914 [INFO] bbot.modules.aggregate base.py:1533 +====================+===================================+==========================================+
2025-12-12 14:00:13,914 [INFO] bbot.modules.aggregate base.py:1533 | hackertarget       | 16 (16 DNS_NAME)                  | 1 (1 DNS_NAME)                           |
2025-12-12 14:00:13,914 [INFO] bbot.modules.aggregate base.py:1533 +--------------------+-----------------------------------+------------------------------------------+
2025-12-12 14:00:13,914 [INFO] bbot.modules.aggregate base.py:1533 | certspotter        | 10 (10 DNS_NAME)                  | 1 (1 DNS_NAME)                           |
2025-12-12 14:00:13,914 [INFO] bbot.modules.aggregate base.py:1533 +--------------------+-----------------------------------+------------------------------------------+
2025-12-12 14:00:13,914 [INFO] bbot.modules.aggregate base.py:1533 | sitedossier        | 8 (8 DNS_NAME)                    | 1 (1 DNS_NAME)                           |
2025-12-12 14:00:13,914 [INFO] bbot.modules.aggregate base.py:1533 +--------------------+-----------------------------------+------------------------------------------+
2025-12-12 14:00:13,914 [INFO] bbot.modules.aggregate base.py:1533 | CNAME              | 8 (8 DNS_NAME)                    | 0                                        |
2025-12-12 14:00:13,914 [INFO] bbot.modules.aggregate base.py:1533 +--------------------+-----------------------------------+------------------------------------------+
2025-12-12 14:00:13,914 [INFO] bbot.modules.aggregate base.py:1533 | speculate          | 6 (3 DNS_NAME, 2 OPEN_TCP_PORT, 1 | 1,056 (1 AZURE_TENANT, 46 DNS_NAME, 886  |
2025-12-12 14:00:13,914 [INFO] bbot.modules.aggregate base.py:1533 |                    | ORG_STUB)                         | DNS_NAME_UNRESOLVED, 2 HTTP_RESPONSE,    |
2025-12-12 14:00:13,914 [INFO] bbot.modules.aggregate base.py:1533 |                    |                                   | 103 IP_ADDRESS, 2 URL, 16                |
2025-12-12 14:00:13,914 [INFO] bbot.modules.aggregate base.py:1533 |                    |                                   | URL_UNVERIFIED)                          |
2025-12-12 14:00:13,914 [INFO] bbot.modules.aggregate base.py:1533 +--------------------+-----------------------------------+------------------------------------------+
2025-12-12 14:00:13,914 [INFO] bbot.modules.aggregate base.py:1533 | host               | 4 (4 DNS_NAME)                    | 0                                        |
2025-12-12 14:00:13,914 [INFO] bbot.modules.aggregate base.py:1533 +--------------------+-----------------------------------+------------------------------------------+
2025-12-12 14:00:13,914 [INFO] bbot.modules.aggregate base.py:1533 | NS                 | 4 (4 DNS_NAME)                    | 0                                        |
2025-12-12 14:00:13,914 [INFO] bbot.modules.aggregate base.py:1533 +--------------------+-----------------------------------+------------------------------------------+
2025-12-12 14:00:13,914 [INFO] bbot.modules.aggregate base.py:1533 | oauth              | 2 (2 FINDING)                     | 12 (2 DNS_NAME, 10 URL_UNVERIFIED)       |
2025-12-12 14:00:13,914 [INFO] bbot.modules.aggregate base.py:1533 +--------------------+-----------------------------------+------------------------------------------+
2025-12-12 14:00:13,914 [INFO] bbot.modules.aggregate base.py:1533 | httpx              | 2 (2 URL)                         | 76 (74 OPEN_TCP_PORT, 2 URL_UNVERIFIED)  |
2025-12-12 14:00:13,914 [INFO] bbot.modules.aggregate base.py:1533 +--------------------+-----------------------------------+------------------------------------------+
2025-12-12 14:00:13,914 [INFO] bbot.modules.aggregate base.py:1533 | excavate           | 2 (2 DNS_NAME)                    | 2 (2 HTTP_RESPONSE)                      |
2025-12-12 14:00:13,914 [INFO] bbot.modules.aggregate base.py:1533 +--------------------+-----------------------------------+------------------------------------------+
2025-12-12 14:00:13,914 [INFO] bbot.modules.aggregate base.py:1533 | azure_tenant       | 1 (1 AZURE_TENANT)                | 1 (1 DNS_NAME)                           |
2025-12-12 14:00:13,914 [INFO] bbot.modules.aggregate base.py:1533 +--------------------+-----------------------------------+------------------------------------------+
2025-12-12 14:00:13,914 [INFO] bbot.modules.aggregate base.py:1533 | dnstlsrpt          | 1 (1 EMAIL_ADDRESS)               | 17 (17 DNS_NAME)                         |
2025-12-12 14:00:13,914 [INFO] bbot.modules.aggregate base.py:1533 +--------------------+-----------------------------------+------------------------------------------+
2025-12-12 14:00:13,914 [INFO] bbot.modules.aggregate base.py:1533 | shodan_idb         | 1 (1 OPEN_TCP_PORT)               | 6 (6 DNS_NAME)                           |
2025-12-12 14:00:13,914 [INFO] bbot.modules.aggregate base.py:1533 +--------------------+-----------------------------------+------------------------------------------+
2025-12-12 14:00:13,914 [INFO] bbot.modules.aggregate base.py:1533 | A                  | 1 (1 IP_ADDRESS)                  | 0                                        |
2025-12-12 14:00:13,914 [INFO] bbot.modules.aggregate base.py:1533 +--------------------+-----------------------------------+------------------------------------------+
2025-12-12 14:00:13,914 [INFO] bbot.modules.aggregate base.py:1533 | AAAA               | 1 (1 IP_ADDRESS)                  | 0                                        |
2025-12-12 14:00:13,914 [INFO] bbot.modules.aggregate base.py:1533 +--------------------+-----------------------------------+------------------------------------------+
2025-12-12 14:00:13,915 [INFO] bbot.modules.aggregate base.py:1533 | urlscan            | 1 (1 DNS_NAME)                    | 1 (1 DNS_NAME)                           |
2025-12-12 14:00:13,915 [INFO] bbot.modules.aggregate base.py:1533 +--------------------+-----------------------------------+------------------------------------------+
2025-12-12 14:00:13,915 [INFO] bbot.modules.aggregate base.py:1533 | MX                 | 1 (1 DNS_NAME)                    | 0                                        |
2025-12-12 14:00:13,915 [INFO] bbot.modules.aggregate base.py:1533 +--------------------+-----------------------------------+------------------------------------------+
2025-12-12 14:00:13,915 [INFO] bbot.modules.aggregate base.py:1533 | SOA                | 1 (1 DNS_NAME)                    | 0                                        |
2025-12-12 14:00:13,915 [INFO] bbot.modules.aggregate base.py:1533 +--------------------+-----------------------------------+------------------------------------------+
2025-12-12 14:00:13,915 [INFO] bbot.modules.aggregate base.py:1533 | dnsresolve         | 0                                 | 2,081 (1,066 DNS_NAME, 3 EMAIL_ADDRESS,  |
2025-12-12 14:00:13,915 [INFO] bbot.modules.aggregate base.py:1533 |                    |                                   | 2 FINDING, 2 HTTP_RESPONSE, 778          |
2025-12-12 14:00:13,915 [INFO] bbot.modules.aggregate base.py:1533 |                    |                                   | IP_ADDRESS, 210 OPEN_TCP_PORT, 2 URL, 18 |
2025-12-12 14:00:13,915 [INFO] bbot.modules.aggregate base.py:1533 |                    |                                   | URL_UNVERIFIED)                          |
2025-12-12 14:00:13,915 [INFO] bbot.modules.aggregate base.py:1533 +--------------------+-----------------------------------+------------------------------------------+
2025-12-12 14:00:13,915 [INFO] bbot.modules.aggregate base.py:1533 | cloudcheck         | 0                                 | 1,483 (62 DNS_NAME, 998                  |
2025-12-12 14:00:13,915 [INFO] bbot.modules.aggregate base.py:1533 |                    |                                   | DNS_NAME_UNRESOLVED, 3 EMAIL_ADDRESS, 2  |
2025-12-12 14:00:13,915 [INFO] bbot.modules.aggregate base.py:1533 |                    |                                   | FINDING, 2 HTTP_RESPONSE, 186            |
2025-12-12 14:00:13,915 [INFO] bbot.modules.aggregate base.py:1533 |                    |                                   | IP_ADDRESS, 210 OPEN_TCP_PORT, 2 URL, 18 |
2025-12-12 14:00:13,915 [INFO] bbot.modules.aggregate base.py:1533 |                    |                                   | URL_UNVERIFIED)                          |
2025-12-12 14:00:13,915 [INFO] bbot.modules.aggregate base.py:1533 +--------------------+-----------------------------------+------------------------------------------+
2025-12-12 14:00:13,915 [INFO] bbot.modules.aggregate base.py:1533 | azure_realm        | 0                                 | 40 (40 DNS_NAME)                         |
2025-12-12 14:00:13,915 [INFO] bbot.modules.aggregate base.py:1533 +--------------------+-----------------------------------+------------------------------------------+
2025-12-12 14:00:13,915 [INFO] bbot.modules.aggregate base.py:1533 | baddns_zone        | 0                                 | 40 (40 DNS_NAME)                         |
2025-12-12 14:00:13,915 [INFO] bbot.modules.aggregate base.py:1533 +--------------------+-----------------------------------+------------------------------------------+
2025-12-12 14:00:13,915 [INFO] bbot.modules.aggregate base.py:1533 | dnsbimi            | 0                                 | 14 (14 DNS_NAME)                         |
2025-12-12 14:00:13,915 [INFO] bbot.modules.aggregate base.py:1533 +--------------------+-----------------------------------+------------------------------------------+
2025-12-12 14:00:13,915 [INFO] bbot.modules.aggregate base.py:1533 | dnsbrute_mutations | 0                                 | 40 (40 DNS_NAME)                         |
2025-12-12 14:00:13,915 [INFO] bbot.modules.aggregate base.py:1533 +--------------------+-----------------------------------+------------------------------------------+
2025-12-12 14:00:13,915 [INFO] bbot.modules.aggregate base.py:1533 | dnscaa             | 0                                 | 40 (40 DNS_NAME)                         |
2025-12-12 14:00:13,915 [INFO] bbot.modules.aggregate base.py:1533 +--------------------+-----------------------------------+------------------------------------------+
2025-12-12 14:00:13,915 [INFO] bbot.modules.aggregate base.py:1533 | dnscommonsrv       | 0                                 | 3 (3 DNS_NAME)                           |
2025-12-12 14:00:13,915 [INFO] bbot.modules.aggregate base.py:1533 +--------------------+-----------------------------------+------------------------------------------+
2025-12-12 14:00:13,915 [INFO] bbot.modules.aggregate base.py:1533 | securitytxt        | 0                                 | 15 (15 DNS_NAME)                         |
2025-12-12 14:00:13,915 [INFO] bbot.modules.aggregate base.py:1533 +--------------------+-----------------------------------+------------------------------------------+
2025-12-12 14:00:13,915 [INFO] bbot.modules.aggregate base.py:1533 | sslcert            | 0                                 | 104 (104 OPEN_TCP_PORT)                  |
2025-12-12 14:00:13,915 [INFO] bbot.modules.aggregate base.py:1533 +--------------------+-----------------------------------+------------------------------------------+
2025-12-12 14:00:13,915 [INFO] bbot.modules.aggregate base.py:1533 | ipneighbor         | 0                                 | 103 (103 IP_ADDRESS)                     |
2025-12-12 14:00:13,915 [INFO] bbot.modules.aggregate base.py:1533 +--------------------+-----------------------------------+------------------------------------------+
2025-12-12 14:00:13,915 [INFO] bbot.modules.aggregate base.py:1533 | social             | 0                                 | 16 (16 URL_UNVERIFIED)                   |
2025-12-12 14:00:13,915 [INFO] bbot.modules.aggregate base.py:1533 +--------------------+-----------------------------------+------------------------------------------+
2025-12-12 14:00:13,915 [INFO] bbot.modules.aggregate base.py:1533 | anubisdb           | 0                                 | 1 (1 DNS_NAME)                           |
2025-12-12 14:00:13,915 [INFO] bbot.modules.aggregate base.py:1533 +--------------------+-----------------------------------+------------------------------------------+
2025-12-12 14:00:13,915 [INFO] bbot.modules.aggregate base.py:1533 | crt                | 0                                 | 1 (1 DNS_NAME)                           |
2025-12-12 14:00:13,915 [INFO] bbot.modules.aggregate base.py:1533 +--------------------+-----------------------------------+------------------------------------------+
2025-12-12 14:00:13,915 [INFO] bbot.modules.aggregate base.py:1533 | crt_db             | 0                                 | 1 (1 DNS_NAME)                           |
2025-12-12 14:00:13,915 [INFO] bbot.modules.aggregate base.py:1533 +--------------------+-----------------------------------+------------------------------------------+
2025-12-12 14:00:13,915 [INFO] bbot.modules.aggregate base.py:1533 | digitorus          | 0                                 | 1 (1 DNS_NAME)                           |
2025-12-12 14:00:13,915 [INFO] bbot.modules.aggregate base.py:1533 +--------------------+-----------------------------------+------------------------------------------+
2025-12-12 14:00:13,915 [INFO] bbot.modules.aggregate base.py:1533 | dnsbrute           | 0                                 | 2 (2 DNS_NAME)                           |
2025-12-12 14:00:13,915 [INFO] bbot.modules.aggregate base.py:1533 +--------------------+-----------------------------------+------------------------------------------+
2025-12-12 14:00:13,915 [INFO] bbot.modules.aggregate base.py:1533 | dnsdumpster        | 0                                 | 1 (1 DNS_NAME)                           |
2025-12-12 14:00:13,915 [INFO] bbot.modules.aggregate base.py:1533 +--------------------+-----------------------------------+------------------------------------------+
2025-12-12 14:00:13,915 [INFO] bbot.modules.aggregate base.py:1533 | leakix             | 0                                 | 1 (1 DNS_NAME)                           |
2025-12-12 14:00:13,915 [INFO] bbot.modules.aggregate base.py:1533 +--------------------+-----------------------------------+------------------------------------------+
2025-12-12 14:00:13,915 [INFO] bbot.modules.aggregate base.py:1533 | myssl              | 0                                 | 1 (1 DNS_NAME)                           |
2025-12-12 14:00:13,915 [INFO] bbot.modules.aggregate base.py:1533 +--------------------+-----------------------------------+------------------------------------------+
2025-12-12 14:00:13,915 [INFO] bbot.modules.aggregate base.py:1533 | otx                | 0                                 | 1 (1 DNS_NAME)                           |
2025-12-12 14:00:13,915 [INFO] bbot.modules.aggregate base.py:1533 +--------------------+-----------------------------------+------------------------------------------+
2025-12-12 14:00:13,916 [INFO] bbot.modules.aggregate base.py:1533 | rapiddns           | 0                                 | 1 (1 DNS_NAME)                           |
2025-12-12 14:00:13,916 [INFO] bbot.modules.aggregate base.py:1533 +--------------------+-----------------------------------+------------------------------------------+
2025-12-12 14:00:13,916 [INFO] bbot.modules.aggregate base.py:1533 | subdomaincenter    | 0                                 | 1 (1 DNS_NAME)                           |
2025-12-12 14:00:13,916 [INFO] bbot.modules.aggregate base.py:1533 +--------------------+-----------------------------------+------------------------------------------+
2025-12-12 14:00:13,916 [INFO] bbot.modules.aggregate base.py:1533 | wayback            | 0                                 | 1 (1 DNS_NAME)                           |
2025-12-12 14:00:13,916 [INFO] bbot.modules.aggregate base.py:1533 +--------------------+-----------------------------------+------------------------------------------+
2025-12-12 14:00:13,917 [INFO] bbot.modules.output.json base.py:1533 Saved JSON output to /home/maxosss/prjcts/devos/tools/d-recon/-/frank_viktor/output.json
2025-12-12 14:00:13,917 [INFO] bbot.modules.output.subdomains base.py:1533 Saved 40 subdomains to /home/maxosss/prjcts/devos/tools/d-recon/-/frank_viktor/subdomains.txt
2025-12-12 14:02:29,783 [ERROR] bbot.scanner scanner.py:1346 Error in crt_db.cleanup(): /usr/lib64/python3.14/socket.py:983:getaddrinfo(): [Errno -3] Temporary failure in name resolution
2025-12-12 14:02:29,783 [TRACE] bbot.scanner logger.py:151 Traceback (most recent call last):
  File "/home/maxosss/.local/share/pipx/venvs/bbot/lib64/python3.14/site-packages/bbot/scanner/scanner.py", line 1319, in _acatch
    yield
  File "/home/maxosss/.local/share/pipx/venvs/bbot/lib64/python3.14/site-packages/bbot/modules/base.py", line 883, in _cleanup
    await self.helpers.execute_sync_or_async(callback)
  File "/home/maxosss/.local/share/pipx/venvs/bbot/lib64/python3.14/site-packages/bbot/core/helpers/misc.py", line 2360, in execute_sync_or_async
    return await callback(*args, **kwargs)
           ^^^^^^^^^^^^^^^^^^^^^^^^^^^^^^^
  File "/home/maxosss/.local/share/pipx/venvs/bbot/lib/python3.14/site-packages/bbot/modules/crt_db.py", line 70, in cleanup
    await self.db_conn.close()
  File "/home/maxosss/.local/share/pipx/venvs/bbot/lib64/python3.14/site-packages/asyncpg/connection.py", line 1513, in close
    await self._protocol.close(timeout)
  File "asyncpg/protocol/protocol.pyx", line 609, in close
  File "/home/maxosss/.local/share/pipx/venvs/bbot/lib64/python3.14/site-packages/asyncpg/connection.py", line 1655, in _cancel
    await connect_utils._cancel(
    ...<2 lines>...
        backend_secret=self._protocol.backend_secret)
  File "/home/maxosss/.local/share/pipx/venvs/bbot/lib64/python3.14/site-packages/asyncpg/connect_utils.py", line 1272, in _cancel
    tr, pr = await _create_ssl_connection(
             ^^^^^^^^^^^^^^^^^^^^^^^^^^^^^
    ...<4 lines>...
        ssl_is_advisory=params.sslmode == SSLMode.prefer)
        ^^^^^^^^^^^^^^^^^^^^^^^^^^^^^^^^^^^^^^^^^^^^^^^^^
  File "/home/maxosss/.local/share/pipx/venvs/bbot/lib64/python3.14/site-packages/asyncpg/connect_utils.py", line 969, in _create_ssl_connection
    tr, pr = await loop.create_connection(
             ^^^^^^^^^^^^^^^^^^^^^^^^^^^^^
    ...<2 lines>...
        host, port)
        ^^^^^^^^^^^
  File "/usr/lib64/python3.14/asyncio/base_events.py", line 1119, in create_connection
    infos = await self._ensure_resolved(
            ^^^^^^^^^^^^^^^^^^^^^^^^^^^^
        (host, port), family=family,
        ^^^^^^^^^^^^^^^^^^^^^^^^^^^^
        type=socket.SOCK_STREAM, proto=proto, flags=flags, loop=self)
        ^^^^^^^^^^^^^^^^^^^^^^^^^^^^^^^^^^^^^^^^^^^^^^^^^^^^^^^^^^^^^
  File "/usr/lib64/python3.14/asyncio/base_events.py", line 1505, in _ensure_resolved
    return await loop.getaddrinfo(host, port, family=family, type=type,
           ^^^^^^^^^^^^^^^^^^^^^^^^^^^^^^^^^^^^^^^^^^^^^^^^^^^^^^^^^^^^
                                  proto=proto, flags=flags)
                                  ^^^^^^^^^^^^^^^^^^^^^^^^^
  File "/usr/lib64/python3.14/asyncio/base_events.py", line 936, in getaddrinfo
    return await self.run_in_executor(
           ^^^^^^^^^^^^^^^^^^^^^^^^^^^
        None, getaddr_func, host, port, family, type, proto, flags)
        ^^^^^^^^^^^^^^^^^^^^^^^^^^^^^^^^^^^^^^^^^^^^^^^^^^^^^^^^^^^
  File "/usr/lib64/python3.14/concurrent/futures/thread.py", line 86, in run
    result = ctx.run(self.task)
  File "/usr/lib64/python3.14/concurrent/futures/thread.py", line 73, in run
    return fn(*args, **kwargs)
  File "/usr/lib64/python3.14/socket.py", line 983, in getaddrinfo
    for res in _socket.getaddrinfo(host, port, family, type, proto, flags):
               ~~~~~~~~~~~~~~~~~~~^^^^^^^^^^^^^^^^^^^^^^^^^^^^^^^^^^^^^^^^
socket.gaierror: [Errno -3] Temporary failure in name resolution

