2025-12-12 13:55:35,100 [HUGESUCCESS] bbot.scanner logger.py:151 Starting scan frank_viktor
2025-12-12 13:55:42,426 [INFO] bbot.modules.dnsbrute base.py:1533 Brute-forcing 4,989 subdomains for google.com (source: google.com)
2025-12-12 13:55:45,020 [INFO] bbot.modules.anubisdb base.py:1533 Error parsing results for query "google.com" (status code 301)
2025-12-12 13:55:45,217 [INFO] bbot.modules.leakix base.py:1533 Error parsing results for query "google.com" (status code 505)
2025-12-12 13:55:47,503 [WARNING] bbot.modules.wayback base.py:1597 Error connecting to archive.org for query "google.com"
2025-12-12 13:55:47,514 [INFO] bbot.modules.rapiddns base.py:1533 Query "google.com" failed (no response)
2025-12-12 13:55:50,114 [INFO] bbot.scanner scanner.py:1187 frank_viktor: Modules running (incoming:processing:outgoing) dnsresolve(711:25:0), crt(26:1:0), crt_db(26:1:0), dnsbrute(26:1:0), myssl(26:1:0), otx(26:1:0), speculate(0:0:21), shodan_idb(15:1:0), securitytxt(13:1:0), dnscommonsrv(9:1:0), baddns_zone(0:3:0), cloudcheck(0:1:1), dnscaa(0:1:0), excavate(1:0:0)
2025-12-12 13:55:50,115 [INFO] bbot.scanner scanner.py:1187 frank_viktor: Events produced so far: DNS_NAME: 21, OPEN_TCP_PORT: 3, EMAIL_ADDRESS: 3, URL: 2, ASN: 2, IP_ADDRESS: 2, FINDING: 2, SCAN: 1, ORG_STUB: 1, AZURE_TENANT: 1
2025-12-12 13:55:50,115 [INFO] bbot.scanner scanner.py:1187 frank_viktor: 21 events in queue (3,383 processed in the past 15 seconds)
2025-12-12 13:56:05,116 [INFO] bbot.scanner scanner.py:1187 frank_viktor: Modules running (incoming:processing:outgoing) dnsresolve(336:25:0), crt(30:1:0), crt_db(30:1:0), dnsbrute(30:1:0), myssl(30:1:0), otx(30:1:0), shodan_idb(19:1:0), securitytxt(17:1:0), dnscommonsrv(13:1:0), httpx(3:1:0), dnsbimi(0:1:0)
2025-12-12 13:56:05,116 [INFO] bbot.scanner scanner.py:1187 frank_viktor: Events produced so far: DNS_NAME: 25, OPEN_TCP_PORT: 3, EMAIL_ADDRESS: 3, URL: 2, ASN: 2, IP_ADDRESS: 2, FINDING: 2, SCAN: 1, ORG_STUB: 1, AZURE_TENANT: 1
2025-12-12 13:56:05,117 [INFO] bbot.scanner scanner.py:1187 frank_viktor: No events in queue (2,280 processed in the past 15 seconds)
2025-12-12 13:56:20,119 [INFO] bbot.scanner scanner.py:1187 frank_viktor: Modules running (incoming:processing:outgoing) dnsresolve(480:25:0), crt(50:1:0), crt_db(50:1:0), dnsbrute(50:1:0), myssl(50:1:0), otx(50:1:0), shodan_idb(39:1:0), securitytxt(34:1:0), dnscommonsrv(33:1:0), dnsbimi(20:1:0), dnscaa(19:1:0), dnstlsrpt(19:1:0), baddns_zone(4:8:0), httpx(0:1:0)
2025-12-12 13:56:20,120 [INFO] bbot.scanner scanner.py:1187 frank_viktor: Events produced so far: DNS_NAME: 45, OPEN_TCP_PORT: 3, EMAIL_ADDRESS: 3, URL: 2, ASN: 2, IP_ADDRESS: 2, FINDING: 2, SCAN: 1, ORG_STUB: 1, AZURE_TENANT: 1
2025-12-12 13:56:20,120 [INFO] bbot.scanner scanner.py:1187 frank_viktor: No events in queue (378 processed in the past 15 seconds)
2025-12-12 13:56:35,122 [INFO] bbot.scanner scanner.py:1187 frank_viktor: Modules running (incoming:processing:outgoing) dnsresolve(466:25:0), crt(52:1:0), crt_db(52:1:0), dnsbrute(52:1:0), myssl(52:1:0), otx(52:1:0), shodan_idb(41:1:0), dnscommonsrv(35:1:0), securitytxt(34:1:0), dnsbimi(21:1:0), dnscaa(19:1:0), dnstlsrpt(19:1:0)
2025-12-12 13:56:35,122 [INFO] bbot.scanner scanner.py:1187 frank_viktor: Events produced so far: DNS_NAME: 47, OPEN_TCP_PORT: 3, EMAIL_ADDRESS: 3, URL: 2, ASN: 2, IP_ADDRESS: 2, FINDING: 2, SCAN: 1, ORG_STUB: 1, AZURE_TENANT: 1
2025-12-12 13:56:35,122 [INFO] bbot.scanner scanner.py:1187 frank_viktor: No events in queue (152 processed in the past 15 seconds)
2025-12-12 13:56:37,712 [INFO] bbot.modules.myssl base.py:1533 Query "google.com" failed (no response)
2025-12-12 13:56:43,755 [INFO] bbot.modules.otx base.py:1533 Query "google.com" failed (no response)
2025-12-12 13:56:50,124 [INFO] bbot.scanner scanner.py:1187 frank_viktor: Modules running (incoming:processing:outgoing) dnsresolve(445:25:0), crt(52:1:0), crt_db(52:1:0), dnsbrute(52:1:0), shodan_idb(40:1:0), dnscommonsrv(35:1:0), securitytxt(33:1:0), dnsbimi(21:1:0), dnscaa(18:1:0), dnstlsrpt(18:1:0)
2025-12-12 13:56:50,125 [INFO] bbot.scanner scanner.py:1187 frank_viktor: Events produced so far: DNS_NAME: 47, OPEN_TCP_PORT: 3, EMAIL_ADDRESS: 3, URL: 2, ASN: 2, IP_ADDRESS: 2, FINDING: 2, SCAN: 1, ORG_STUB: 1, AZURE_TENANT: 1
2025-12-12 13:56:50,125 [INFO] bbot.scanner scanner.py:1187 frank_viktor: No events in queue (107 processed in the past 15 seconds)
2025-12-12 13:57:05,130 [INFO] bbot.scanner scanner.py:1187 frank_viktor: Modules running (incoming:processing:outgoing) dnsresolve(569:25:0), shodan_idb(54:1:0), crt(53:1:0), crt_db(53:1:0), dnsbrute(53:1:0), dnscommonsrv(36:1:0), securitytxt(34:1:0), dnsbimi(22:1:0), dnscaa(17:1:0), asn(12:1:0), dnstlsrpt(11:1:0), httpx(3:1:0)
2025-12-12 13:57:05,130 [INFO] bbot.scanner scanner.py:1187 frank_viktor: Events produced so far: DNS_NAME: 48, OPEN_TCP_PORT: 3, EMAIL_ADDRESS: 3, URL: 2, ASN: 2, IP_ADDRESS: 2, FINDING: 2, SCAN: 1, ORG_STUB: 1, AZURE_TENANT: 1
2025-12-12 13:57:05,130 [INFO] bbot.scanner scanner.py:1187 frank_viktor: No events in queue (519 processed in the past 15 seconds)
2025-12-12 13:57:20,132 [INFO] bbot.scanner scanner.py:1187 frank_viktor: Modules running (incoming:processing:outgoing) dnsresolve(609:25:0), shodan_idb(64:1:0), crt(55:1:0), crt_db(55:1:0), dnsbrute(55:1:0), dnscommonsrv(38:1:0), securitytxt(34:1:0), dnsbimi(23:1:0), asn(20:1:0), dnscaa(18:1:0), httpx(0:13:0), dnstlsrpt(11:1:0)
2025-12-12 13:57:20,132 [INFO] bbot.scanner scanner.py:1187 frank_viktor: Events produced so far: DNS_NAME: 50, OPEN_TCP_PORT: 3, EMAIL_ADDRESS: 3, URL: 2, ASN: 2, IP_ADDRESS: 2, FINDING: 2, SCAN: 1, ORG_STUB: 1, AZURE_TENANT: 1
2025-12-12 13:57:20,133 [INFO] bbot.scanner scanner.py:1187 frank_viktor: No events in queue (326 processed in the past 15 seconds)
2025-12-12 13:57:35,134 [INFO] bbot.scanner scanner.py:1187 frank_viktor: Modules running (incoming:processing:outgoing) dnsresolve(810:25:0), shodan_idb(90:1:0), crt(55:1:0), crt_db(55:1:0), dnsbrute(55:1:0), asn(46:1:0), dnscommonsrv(38:1:0), securitytxt(32:1:0), httpx(14:13:0), dnsbimi(23:1:0), dnscaa(15:1:0), sslcert(0:3:0)
2025-12-12 13:57:35,134 [INFO] bbot.scanner scanner.py:1187 frank_viktor: Events produced so far: DNS_NAME: 50, OPEN_TCP_PORT: 3, EMAIL_ADDRESS: 3, URL: 2, ASN: 2, IP_ADDRESS: 2, FINDING: 2, SCAN: 1, ORG_STUB: 1, AZURE_TENANT: 1
2025-12-12 13:57:35,134 [INFO] bbot.scanner scanner.py:1187 frank_viktor: No events in queue (669 processed in the past 15 seconds)
2025-12-12 13:57:50,137 [INFO] bbot.scanner scanner.py:1187 frank_viktor: Modules running (incoming:processing:outgoing) dnsresolve(835:25:0), shodan_idb(97:1:0), crt(56:1:0), crt_db(56:1:0), dnsbrute(56:1:0), asn(55:1:0), dnscommonsrv(39:1:0), securitytxt(30:1:0), dnsbimi(24:1:0), dnscaa(15:1:0), httpx(0:12:0)
2025-12-12 13:57:50,137 [INFO] bbot.scanner scanner.py:1187 frank_viktor: Events produced so far: DNS_NAME: 51, OPEN_TCP_PORT: 3, EMAIL_ADDRESS: 3, URL: 2, ASN: 2, IP_ADDRESS: 2, FINDING: 2, SCAN: 1, ORG_STUB: 1, AZURE_TENANT: 1
2025-12-12 13:57:50,137 [INFO] bbot.scanner scanner.py:1187 frank_viktor: No events in queue (333 processed in the past 15 seconds)
2025-12-12 13:57:51,013 [INFO] bbot.modules.dnsbrute base.py:1533 Brute-forcing 4,989 subdomains for spreadsheets.google.com (source: 0c2.spreadsheets.google.com)
2025-12-12 13:58:05,138 [INFO] bbot.scanner scanner.py:1187 frank_viktor: Modules running (incoming:processing:outgoing) dnsresolve(1,028:25:0), shodan_idb(130:1:0), asn(88:1:0), crt(56:1:0), crt_db(56:1:0), dnsbrute(54:1:0), dnscommonsrv(39:1:0), ipneighbor(0:0:38), securitytxt(30:1:0), httpx(6:19:0), dnsbimi(23:1:0), dnscaa(12:1:0), sslcert(0:1:0), speculate(0:0:1)
2025-12-12 13:58:05,138 [INFO] bbot.scanner scanner.py:1187 frank_viktor: Events produced so far: DNS_NAME: 51, OPEN_TCP_PORT: 3, EMAIL_ADDRESS: 3, URL: 2, ASN: 2, IP_ADDRESS: 2, FINDING: 2, SCAN: 1, ORG_STUB: 1, AZURE_TENANT: 1
2025-12-12 13:58:05,138 [INFO] bbot.scanner scanner.py:1187 frank_viktor: 39 events in queue (678 processed in the past 15 seconds)
2025-12-12 13:58:20,139 [INFO] bbot.scanner scanner.py:1187 frank_viktor: Modules running (incoming:processing:outgoing) dnsresolve(1,108:25:0), shodan_idb(186:1:0), asn(144:1:0), crt(56:1:0), crt_db(56:1:0), dnsbrute(54:1:0), dnscommonsrv(38:1:0), securitytxt(29:1:0), dnsbimi(23:1:0), httpx(2:21:0), dnscaa(11:1:0)
2025-12-12 13:58:20,140 [INFO] bbot.scanner scanner.py:1187 frank_viktor: Events produced so far: DNS_NAME: 51, OPEN_TCP_PORT: 3, EMAIL_ADDRESS: 3, URL: 2, ASN: 2, IP_ADDRESS: 2, FINDING: 2, SCAN: 1, ORG_STUB: 1, AZURE_TENANT: 1
2025-12-12 13:58:20,140 [INFO] bbot.scanner scanner.py:1187 frank_viktor: No events in queue (427 processed in the past 15 seconds)
2025-12-12 13:58:23,335 [WARNING] bbot.modules.asn base.py:1597 Error retrieving ASN for 2001:4860:4802:36::a
2025-12-12 13:58:35,142 [INFO] bbot.scanner scanner.py:1187 frank_viktor: Modules running (incoming:processing:outgoing) dnsresolve(1,067:25:0), shodan_idb(228:1:0), asn(181:1:0), crt(59:1:0), crt_db(59:1:0), dnsbrute(57:1:0), dnscommonsrv(41:1:0), httpx(12:21:0), securitytxt(31:1:0), dnsbimi(24:1:0), dnscaa(13:1:0), dnstlsrpt(2:1:0), baddns_zone(0:1:0)
2025-12-12 13:58:35,142 [INFO] bbot.scanner scanner.py:1187 frank_viktor: Events produced so far: DNS_NAME: 54, OPEN_TCP_PORT: 3, EMAIL_ADDRESS: 3, URL: 2, ASN: 2, IP_ADDRESS: 2, FINDING: 2, SCAN: 1, ORG_STUB: 1, AZURE_TENANT: 1
2025-12-12 13:58:35,142 [INFO] bbot.scanner scanner.py:1187 frank_viktor: No events in queue (191 processed in the past 15 seconds)
2025-12-12 13:58:50,143 [INFO] bbot.scanner scanner.py:1187 frank_viktor: Modules running (incoming:processing:outgoing) dnsresolve(1,001:25:0), shodan_idb(288:1:0), asn(239:1:0), crt(64:1:0), crt_db(64:1:0), dnsbrute(62:1:0), dnscommonsrv(46:1:0), securitytxt(34:1:0), dnsbimi(29:1:0), dnscaa(16:1:0), httpx(0:6:0)
2025-12-12 13:58:50,144 [INFO] bbot.scanner scanner.py:1187 frank_viktor: Events produced so far: DNS_NAME: 59, OPEN_TCP_PORT: 3, EMAIL_ADDRESS: 3, URL: 2, ASN: 2, IP_ADDRESS: 2, FINDING: 2, SCAN: 1, ORG_STUB: 1, AZURE_TENANT: 1
2025-12-12 13:58:50,144 [INFO] bbot.scanner scanner.py:1187 frank_viktor: No events in queue (181 processed in the past 15 seconds)
2025-12-12 13:59:03,132 [INFO] bbot.modules.crt base.py:1533 Query "google.com" failed (no response)
2025-12-12 13:59:05,145 [INFO] bbot.scanner scanner.py:1187 frank_viktor: Modules running (incoming:processing:outgoing) dnsresolve(908:25:0), shodan_idb(361:1:0), asn(312:1:0), crt_db(64:1:0), dnsbrute(62:1:0), dnscommonsrv(46:1:0), securitytxt(34:1:0), dnsbimi(29:1:0), dnscaa(15:1:0)
2025-12-12 13:59:05,145 [INFO] bbot.scanner scanner.py:1187 frank_viktor: Events produced so far: DNS_NAME: 59, OPEN_TCP_PORT: 3, EMAIL_ADDRESS: 3, URL: 2, ASN: 2, IP_ADDRESS: 2, FINDING: 2, SCAN: 1, ORG_STUB: 1, AZURE_TENANT: 1
2025-12-12 13:59:05,146 [INFO] bbot.scanner scanner.py:1187 frank_viktor: No events in queue (217 processed in the past 15 seconds)
2025-12-12 13:59:20,147 [INFO] bbot.scanner scanner.py:1187 frank_viktor: Modules running (incoming:processing:outgoing) dnsresolve(827:25:0), shodan_idb(432:1:0), asn(383:1:0), crt_db(64:1:0), dnsbrute(62:1:0), dnscommonsrv(46:1:0), securitytxt(31:1:0), dnsbimi(28:1:0), dnscaa(8:1:0)
2025-12-12 13:59:20,147 [INFO] bbot.scanner scanner.py:1187 frank_viktor: Events produced so far: DNS_NAME: 59, OPEN_TCP_PORT: 3, EMAIL_ADDRESS: 3, URL: 2, ASN: 2, IP_ADDRESS: 2, FINDING: 2, SCAN: 1, ORG_STUB: 1, AZURE_TENANT: 1
2025-12-12 13:59:20,147 [INFO] bbot.scanner scanner.py:1187 frank_viktor: No events in queue (181 processed in the past 15 seconds)
2025-12-12 13:59:35,149 [INFO] bbot.scanner scanner.py:1187 frank_viktor: Modules running (incoming:processing:outgoing) dnsresolve(742:25:0), shodan_idb(503:1:0), asn(454:1:0), crt_db(64:1:0), dnsbrute(62:1:0), dnscommonsrv(46:1:0), dnsbimi(28:1:0), securitytxt(28:1:0), dnscaa(7:1:0)
2025-12-12 13:59:35,149 [INFO] bbot.scanner scanner.py:1187 frank_viktor: Events produced so far: DNS_NAME: 59, OPEN_TCP_PORT: 3, EMAIL_ADDRESS: 3, URL: 2, ASN: 2, IP_ADDRESS: 2, FINDING: 2, SCAN: 1, ORG_STUB: 1, AZURE_TENANT: 1
2025-12-12 13:59:35,149 [INFO] bbot.scanner scanner.py:1187 frank_viktor: No events in queue (203 processed in the past 15 seconds)
2025-12-12 13:59:43,404 [WARNING] bbot.modules.asn base.py:1597 Error retrieving ASN for 173.194.221.113
2025-12-12 13:59:50,151 [INFO] bbot.scanner scanner.py:1187 frank_viktor: Modules running (incoming:processing:outgoing) dnsresolve(653:25:0), shodan_idb(575:1:0), asn(527:1:0), crt_db(64:1:0), dnsbrute(62:1:0), dnscommonsrv(46:1:0), dnsbimi(28:1:0), securitytxt(21:1:0), dnscaa(3:1:0)
2025-12-12 13:59:50,152 [INFO] bbot.scanner scanner.py:1187 frank_viktor: Events produced so far: DNS_NAME: 59, OPEN_TCP_PORT: 3, EMAIL_ADDRESS: 3, URL: 2, ASN: 2, IP_ADDRESS: 2, FINDING: 2, SCAN: 1, ORG_STUB: 1, AZURE_TENANT: 1
2025-12-12 13:59:50,152 [INFO] bbot.scanner scanner.py:1187 frank_viktor: No events in queue (204 processed in the past 15 seconds)
2025-12-12 13:59:51,311 [WARNING] bbot.core.dnsengine engine.py:639 DNS queries are failing, please check your internet connection
2025-12-12 13:59:56,416 [WARNING] bbot.core.dnsengine engine.py:639 DNS queries are failing, please check your internet connection
2025-12-12 14:00:01,523 [WARNING] bbot.core.dnsengine engine.py:639 DNS queries are failing, please check your internet connection
2025-12-12 14:00:05,153 [INFO] bbot.scanner scanner.py:1187 frank_viktor: Modules running (incoming:processing:outgoing) shodan_idb(647:1:0), asn(599:1:0), dnsresolve(564:25:0), crt_db(64:1:0), dnsbrute(62:1:0), dnscommonsrv(46:1:0), dnsbimi(23:1:0), securitytxt(21:1:0), dnscaa(2:1:0)
2025-12-12 14:00:05,154 [INFO] bbot.scanner scanner.py:1187 frank_viktor: Events produced so far: DNS_NAME: 59, OPEN_TCP_PORT: 3, EMAIL_ADDRESS: 3, URL: 2, ASN: 2, IP_ADDRESS: 2, FINDING: 2, SCAN: 1, ORG_STUB: 1, AZURE_TENANT: 1
2025-12-12 14:00:05,154 [INFO] bbot.scanner scanner.py:1187 frank_viktor: No events in queue (206 processed in the past 15 seconds)
2025-12-12 14:00:13,346 [HUGEWARNING] bbot.scanner logger.py:151 Aborting scan
2025-12-12 14:00:13,902 [INFO] bbot.modules.asn base.py:1533 +---------+---------------------+--------------+---------+---------------+-----------+
2025-12-12 14:00:13,902 [INFO] bbot.modules.asn base.py:1533 | ASN     | Subnet              | Host Count   | Name    | Description   | Country   |
2025-12-12 14:00:13,902 [INFO] bbot.modules.asn base.py:1533 +=========+=====================+==============+=========+===============+===========+
2025-12-12 14:00:13,902 [INFO] bbot.modules.asn base.py:1533 | AS15169 | 108.177.14.0/24     | 7            | GOOGLE  | Google LLC    | US        |
2025-12-12 14:00:13,902 [INFO] bbot.modules.asn base.py:1533 +---------+---------------------+--------------+---------+---------------+-----------+
2025-12-12 14:00:13,902 [INFO] bbot.modules.asn base.py:1533 | AS15169 | 2a00:1450:4010::/48 | 6            | GOOGLE  | Google LLC    | US        |
2025-12-12 14:00:13,902 [INFO] bbot.modules.asn base.py:1533 +---------+---------------------+--------------+---------+---------------+-----------+
2025-12-12 14:00:13,902 [INFO] bbot.modules.asn base.py:1533 | UNKNOWN | 0.0.0.0/32          | 2            | unknown | unknown       |           |
2025-12-12 14:00:13,902 [INFO] bbot.modules.asn base.py:1533 +---------+---------------------+--------------+---------+---------------+-----------+
2025-12-12 14:00:13,913 [INFO] bbot.modules.aggregate base.py:1533 +--------------------+-----------------------------------+------------------------------------------+
2025-12-12 14:00:13,914 [INFO] bbot.modules.aggregate base.py:1533 | Module             | Produced                          | Consumed                                 |
2025-12-12 14:00:13,914 [INFO] bbot.modules.aggregate base.py:1533 +====================+===================================+==========================================+
2025-12-12 14:00:13,914 [INFO] bbot.modules.aggregate base.py:1533 | hackertarget       | 16 (16 DNS_NAME)                  | 1 (1 DNS_NAME)                           |
2025-12-12 14:00:13,914 [INFO] bbot.modules.aggregate base.py:1533 +--------------------+-----------------------------------+------------------------------------------+
2025-12-12 14:00:13,914 [INFO] bbot.modules.aggregate base.py:1533 | certspotter        | 10 (10 DNS_NAME)                  | 1 (1 DNS_NAME)                           |
2025-12-12 14:00:13,914 [INFO] bbot.modules.aggregate base.py:1533 +--------------------+-----------------------------------+------------------------------------------+
2025-12-12 14:00:13,914 [INFO] bbot.modules.aggregate base.py:1533 | sitedossier        | 8 (8 DNS_NAME)                    | 1 (1 DNS_NAME)                           |
2025-12-12 14:00:13,914 [INFO] bbot.modules.aggregate base.py:1533 +--------------------+-----------------------------------+------------------------------------------+
2025-12-12 14:00:13,914 [INFO] bbot.modules.aggregate base.py:1533 | CNAME              | 8 (8 DNS_NAME)                    | 0                                        |
2025-12-12 14:00:13,914 [INFO] bbot.modules.aggregate base.py:1533 +--------------------+-----------------------------------+------------------------------------------+
2025-12-12 14:00:13,914 [INFO] bbot.modules.aggregate base.py:1533 | speculate          | 6 (3 DNS_NAME, 2 OPEN_TCP_PORT, 1 | 1,056 (1 AZURE_TENANT, 46 DNS_NAME, 886  |
2025-12-12 14:00:13,914 [INFO] bbot.modules.aggregate base.py:1533 |                    | ORG_STUB)                         | DNS_NAME_UNRESOLVED, 2 HTTP_RESPONSE,    |
2025-12-12 14:00:13,914 [INFO] bbot.modules.aggregate base.py:1533 |                    |                                   | 103 IP_ADDRESS, 2 URL, 16                |
2025-12-12 14:00:13,914 [INFO] bbot.modules.aggregate base.py:1533 |                    |                                   | URL_UNVERIFIED)                          |
2025-12-12 14:00:13,914 [INFO] bbot.modules.aggregate base.py:1533 +--------------------+-----------------------------------+------------------------------------------+
2025-12-12 14:00:13,914 [INFO] bbot.modules.aggregate base.py:1533 | host               | 4 (4 DNS_NAME)                    | 0                                        |
2025-12-12 14:00:13,914 [INFO] bbot.modules.aggregate base.py:1533 +--------------------+-----------------------------------+------------------------------------------+
2025-12-12 14:00:13,914 [INFO] bbot.modules.aggregate base.py:1533 | NS                 | 4 (4 DNS_NAME)                    | 0                                        |
2025-12-12 14:00:13,914 [INFO] bbot.modules.aggregate base.py:1533 +--------------------+-----------------------------------+------------------------------------------+
2025-12-12 14:00:13,914 [INFO] bbot.modules.aggregate base.py:1533 | oauth              | 2 (2 FINDING)                     | 12 (2 DNS_NAME, 10 URL_UNVERIFIED)       |
2025-12-12 14:00:13,914 [INFO] bbot.modules.aggregate base.py:1533 +--------------------+-----------------------------------+------------------------------------------+
2025-12-12 14:00:13,914 [INFO] bbot.modules.aggregate base.py:1533 | httpx              | 2 (2 URL)                         | 76 (74 OPEN_TCP_PORT, 2 URL_UNVERIFIED)  |
2025-12-12 14:00:13,914 [INFO] bbot.modules.aggregate base.py:1533 +--------------------+-----------------------------------+------------------------------------------+
2025-12-12 14:00:13,914 [INFO] bbot.modules.aggregate base.py:1533 | excavate           | 2 (2 DNS_NAME)                    | 2 (2 HTTP_RESPONSE)                      |
2025-12-12 14:00:13,914 [INFO] bbot.modules.aggregate base.py:1533 +--------------------+-----------------------------------+------------------------------------------+
2025-12-12 14:00:13,914 [INFO] bbot.modules.aggregate base.py:1533 | azure_tenant       | 1 (1 AZURE_TENANT)                | 1 (1 DNS_NAME)                           |
2025-12-12 14:00:13,914 [INFO] bbot.modules.aggregate base.py:1533 +--------------------+-----------------------------------+------------------------------------------+
2025-12-12 14:00:13,914 [INFO] bbot.modules.aggregate base.py:1533 | dnstlsrpt          | 1 (1 EMAIL_ADDRESS)               | 17 (17 DNS_NAME)                         |
2025-12-12 14:00:13,914 [INFO] bbot.modules.aggregate base.py:1533 +--------------------+-----------------------------------+------------------------------------------+
2025-12-12 14:00:13,914 [INFO] bbot.modules.aggregate base.py:1533 | shodan_idb         | 1 (1 OPEN_TCP_PORT)               | 6 (6 DNS_NAME)                           |
2025-12-12 14:00:13,914 [INFO] bbot.modules.aggregate base.py:1533 +--------------------+-----------------------------------+------------------------------------------+
2025-12-12 14:00:13,914 [INFO] bbot.modules.aggregate base.py:1533 | A                  | 1 (1 IP_ADDRESS)                  | 0                                        |
2025-12-12 14:00:13,914 [INFO] bbot.modules.aggregate base.py:1533 +--------------------+-----------------------------------+------------------------------------------+
2025-12-12 14:00:13,914 [INFO] bbot.modules.aggregate base.py:1533 | AAAA               | 1 (1 IP_ADDRESS)                  | 0                                        |
2025-12-12 14:00:13,914 [INFO] bbot.modules.aggregate base.py:1533 +--------------------+-----------------------------------+------------------------------------------+
2025-12-12 14:00:13,915 [INFO] bbot.modules.aggregate base.py:1533 | urlscan            | 1 (1 DNS_NAME)                    | 1 (1 DNS_NAME)                           |
2025-12-12 14:00:13,915 [INFO] bbot.modules.aggregate base.py:1533 +--------------------+-----------------------------------+------------------------------------------+
2025-12-12 14:00:13,915 [INFO] bbot.modules.aggregate base.py:1533 | MX                 | 1 (1 DNS_NAME)                    | 0                                        |
2025-12-12 14:00:13,915 [INFO] bbot.modules.aggregate base.py:1533 +--------------------+-----------------------------------+------------------------------------------+
2025-12-12 14:00:13,915 [INFO] bbot.modules.aggregate base.py:1533 | SOA                | 1 (1 DNS_NAME)                    | 0                                        |
2025-12-12 14:00:13,915 [INFO] bbot.modules.aggregate base.py:1533 +--------------------+-----------------------------------+------------------------------------------+
2025-12-12 14:00:13,915 [INFO] bbot.modules.aggregate base.py:1533 | dnsresolve         | 0                                 | 2,081 (1,066 DNS_NAME, 3 EMAIL_ADDRESS,  |
2025-12-12 14:00:13,915 [INFO] bbot.modules.aggregate base.py:1533 |                    |                                   | 2 FINDING, 2 HTTP_RESPONSE, 778          |
2025-12-12 14:00:13,915 [INFO] bbot.modules.aggregate base.py:1533 |                    |                                   | IP_ADDRESS, 210 OPEN_TCP_PORT, 2 URL, 18 |
2025-12-12 14:00:13,915 [INFO] bbot.modules.aggregate base.py:1533 |                    |                                   | URL_UNVERIFIED)                          |
2025-12-12 14:00:13,915 [INFO] bbot.modules.aggregate base.py:1533 +--------------------+-----------------------------------+------------------------------------------+
2025-12-12 14:00:13,915 [INFO] bbot.modules.aggregate base.py:1533 | cloudcheck         | 0                                 | 1,483 (62 DNS_NAME, 998                  |
2025-12-12 14:00:13,915 [INFO] bbot.modules.aggregate base.py:1533 |                    |                                   | DNS_NAME_UNRESOLVED, 3 EMAIL_ADDRESS, 2  |
2025-12-12 14:00:13,915 [INFO] bbot.modules.aggregate base.py:1533 |                    |                                   | FINDING, 2 HTTP_RESPONSE, 186            |
2025-12-12 14:00:13,915 [INFO] bbot.modules.aggregate base.py:1533 |                    |                                   | IP_ADDRESS, 210 OPEN_TCP_PORT, 2 URL, 18 |
2025-12-12 14:00:13,915 [INFO] bbot.modules.aggregate base.py:1533 |                    |                                   | URL_UNVERIFIED)                          |
2025-12-12 14:00:13,915 [INFO] bbot.modules.aggregate base.py:1533 +--------------------+-----------------------------------+------------------------------------------+
2025-12-12 14:00:13,915 [INFO] bbot.modules.aggregate base.py:1533 | azure_realm        | 0                                 | 40 (40 DNS_NAME)                         |
2025-12-12 14:00:13,915 [INFO] bbot.modules.aggregate base.py:1533 +--------------------+-----------------------------------+------------------------------------------+
2025-12-12 14:00:13,915 [INFO] bbot.modules.aggregate base.py:1533 | baddns_zone        | 0                                 | 40 (40 DNS_NAME)                         |
2025-12-12 14:00:13,915 [INFO] bbot.modules.aggregate base.py:1533 +--------------------+-----------------------------------+------------------------------------------+
2025-12-12 14:00:13,915 [INFO] bbot.modules.aggregate base.py:1533 | dnsbimi            | 0                                 | 14 (14 DNS_NAME)                         |
2025-12-12 14:00:13,915 [INFO] bbot.modules.aggregate base.py:1533 +--------------------+-----------------------------------+------------------------------------------+
2025-12-12 14:00:13,915 [INFO] bbot.modules.aggregate base.py:1533 | dnsbrute_mutations | 0                                 | 40 (40 DNS_NAME)                         |
2025-12-12 14:00:13,915 [INFO] bbot.modules.aggregate base.py:1533 +--------------------+-----------------------------------+------------------------------------------+
2025-12-12 14:00:13,915 [INFO] bbot.modules.aggregate base.py:1533 | dnscaa             | 0                                 | 40 (40 DNS_NAME)                         |
2025-12-12 14:00:13,915 [INFO] bbot.modules.aggregate base.py:1533 +--------------------+-----------------------------------+------------------------------------------+
2025-12-12 14:00:13,915 [INFO] bbot.modules.aggregate base.py:1533 | dnscommonsrv       | 0                                 | 3 (3 DNS_NAME)                           |
2025-12-12 14:00:13,915 [INFO] bbot.modules.aggregate base.py:1533 +--------------------+-----------------------------------+------------------------------------------+
2025-12-12 14:00:13,915 [INFO] bbot.modules.aggregate base.py:1533 | securitytxt        | 0                                 | 15 (15 DNS_NAME)                         |
2025-12-12 14:00:13,915 [INFO] bbot.modules.aggregate base.py:1533 +--------------------+-----------------------------------+------------------------------------------+
2025-12-12 14:00:13,915 [INFO] bbot.modules.aggregate base.py:1533 | sslcert            | 0                                 | 104 (104 OPEN_TCP_PORT)                  |
2025-12-12 14:00:13,915 [INFO] bbot.modules.aggregate base.py:1533 +--------------------+-----------------------------------+------------------------------------------+
2025-12-12 14:00:13,915 [INFO] bbot.modules.aggregate base.py:1533 | ipneighbor         | 0                                 | 103 (103 IP_ADDRESS)                     |
2025-12-12 14:00:13,915 [INFO] bbot.modules.aggregate base.py:1533 +--------------------+-----------------------------------+------------------------------------------+
2025-12-12 14:00:13,915 [INFO] bbot.modules.aggregate base.py:1533 | social             | 0                                 | 16 (16 URL_UNVERIFIED)                   |
2025-12-12 14:00:13,915 [INFO] bbot.modules.aggregate base.py:1533 +--------------------+-----------------------------------+------------------------------------------+
2025-12-12 14:00:13,915 [INFO] bbot.modules.aggregate base.py:1533 | anubisdb           | 0                                 | 1 (1 DNS_NAME)                           |
2025-12-12 14:00:13,915 [INFO] bbot.modules.aggregate base.py:1533 +--------------------+-----------------------------------+------------------------------------------+
2025-12-12 14:00:13,915 [INFO] bbot.modules.aggregate base.py:1533 | crt                | 0                                 | 1 (1 DNS_NAME)                           |
2025-12-12 14:00:13,915 [INFO] bbot.modules.aggregate base.py:1533 +--------------------+-----------------------------------+------------------------------------------+
2025-12-12 14:00:13,915 [INFO] bbot.modules.aggregate base.py:1533 | crt_db             | 0                                 | 1 (1 DNS_NAME)                           |
2025-12-12 14:00:13,915 [INFO] bbot.modules.aggregate base.py:1533 +--------------------+-----------------------------------+------------------------------------------+
2025-12-12 14:00:13,915 [INFO] bbot.modules.aggregate base.py:1533 | digitorus          | 0                                 | 1 (1 DNS_NAME)                           |
2025-12-12 14:00:13,915 [INFO] bbot.modules.aggregate base.py:1533 +--------------------+-----------------------------------+------------------------------------------+
2025-12-12 14:00:13,915 [INFO] bbot.modules.aggregate base.py:1533 | dnsbrute           | 0                                 | 2 (2 DNS_NAME)                           |
2025-12-12 14:00:13,915 [INFO] bbot.modules.aggregate base.py:1533 +--------------------+-----------------------------------+------------------------------------------+
2025-12-12 14:00:13,915 [INFO] bbot.modules.aggregate base.py:1533 | dnsdumpster        | 0                                 | 1 (1 DNS_NAME)                           |
2025-12-12 14:00:13,915 [INFO] bbot.modules.aggregate base.py:1533 +--------------------+-----------------------------------+------------------------------------------+
2025-12-12 14:00:13,915 [INFO] bbot.modules.aggregate base.py:1533 | leakix             | 0                                 | 1 (1 DNS_NAME)                           |
2025-12-12 14:00:13,915 [INFO] bbot.modules.aggregate base.py:1533 +--------------------+-----------------------------------+------------------------------------------+
2025-12-12 14:00:13,915 [INFO] bbot.modules.aggregate base.py:1533 | myssl              | 0                                 | 1 (1 DNS_NAME)                           |
2025-12-12 14:00:13,915 [INFO] bbot.modules.aggregate base.py:1533 +--------------------+-----------------------------------+------------------------------------------+
2025-12-12 14:00:13,915 [INFO] bbot.modules.aggregate base.py:1533 | otx                | 0                                 | 1 (1 DNS_NAME)                           |
2025-12-12 14:00:13,915 [INFO] bbot.modules.aggregate base.py:1533 +--------------------+-----------------------------------+------------------------------------------+
2025-12-12 14:00:13,916 [INFO] bbot.modules.aggregate base.py:1533 | rapiddns           | 0                                 | 1 (1 DNS_NAME)                           |
2025-12-12 14:00:13,916 [INFO] bbot.modules.aggregate base.py:1533 +--------------------+-----------------------------------+------------------------------------------+
2025-12-12 14:00:13,916 [INFO] bbot.modules.aggregate base.py:1533 | subdomaincenter    | 0                                 | 1 (1 DNS_NAME)                           |
2025-12-12 14:00:13,916 [INFO] bbot.modules.aggregate base.py:1533 +--------------------+-----------------------------------+------------------------------------------+
2025-12-12 14:00:13,916 [INFO] bbot.modules.aggregate base.py:1533 | wayback            | 0                                 | 1 (1 DNS_NAME)                           |
2025-12-12 14:00:13,916 [INFO] bbot.modules.aggregate base.py:1533 +--------------------+-----------------------------------+------------------------------------------+
2025-12-12 14:00:13,917 [INFO] bbot.modules.output.json base.py:1533 Saved JSON output to /home/maxosss/prjcts/devos/tools/d-recon/-/frank_viktor/output.json
2025-12-12 14:00:13,917 [INFO] bbot.modules.output.subdomains base.py:1533 Saved 40 subdomains to /home/maxosss/prjcts/devos/tools/d-recon/-/frank_viktor/subdomains.txt
2025-12-12 14:02:29,783 [ERROR] bbot.scanner scanner.py:1346 Error in crt_db.cleanup(): /usr/lib64/python3.14/socket.py:983:getaddrinfo(): [Errno -3] Temporary failure in name resolution
